<?xml version="1.0" encoding="UTF-8"?>
<coverage generated="1787202666598" clover="3.2.0">
  <project timestamp="1787202666598" name="All files">
    <metrics statements="336" coveredstatements="325" conditionals="237" coveredconditionals="198" methods="111" coveredmethods="104" elements="684" coveredelements="627" complexity="0" loc="336" ncloc="336" packages="3" files="17" classes="17"/>
    <package name="components">
      <metrics statements="19" coveredstatements="18" conditionals="24" coveredconditionals="18" methods="14" coveredmethods="13"/>
      <file name="article-markdown.tsx" path="/home/rey/Porte-folio/components/article-markdown.tsx">
        <metrics statements="14" coveredstatements="13" conditionals="12" coveredconditionals="6" methods="13" coveredmethods="12"/>
        <line num="6" count="3" type="stmt"/>
        <line num="26" count="215" type="stmt"/>
        <line num="33" count="12" type="stmt"/>
        <line num="38" count="1" type="stmt"/>
        <line num="43" count="221" type="stmt"/>
        <line num="46" count="3" type="stmt"/>
        <line num="49" count="1" type="stmt"/>
        <line num="52" count="2" type="stmt"/>
        <line num="57" count="3" type="stmt"/>
        <line num="67" count="6" type="stmt"/>
        <line num="76" count="0" type="stmt"/>
        <line num="81" count="2" type="stmt"/>
        <line num="86" count="2" type="stmt"/>
        <line num="90" count="1" type="stmt"/>
      </file>
      <file name="rdv-form.tsx" path="/home/rey/Porte-folio/components/rdv-form.tsx">
        <metrics statements="5" coveredstatements="5" conditionals="12" coveredconditionals="12" methods="1" coveredmethods="1"/>
        <line num="1" count="1" type="stmt"/>
        <line num="12" count="16" type="stmt"/>
        <line num="17" count="16" type="cond" truecount="2" falsecount="0"/>
        <line num="18" count="1" type="stmt"/>
        <line num="34" count="11" type="stmt"/>
      </file>
    </package>
    <package name="components.admin">
      <metrics statements="259" coveredstatements="249" conditionals="157" coveredconditionals="130" methods="80" coveredmethods="74"/>
      <file name="article-content-editor.tsx" path="/home/rey/Porte-folio/components/admin/article-content-editor.tsx">
        <metrics statements="119" coveredstatements="119" conditionals="47" coveredconditionals="40" methods="38" coveredmethods="38"/>
        <line num="1" count="2" type="stmt"/>
        <line num="34" count="238" type="stmt"/>
        <line num="35" count="238" type="stmt"/>
        <line num="36" count="238" type="stmt"/>
        <line num="37" count="238" type="stmt"/>
        <line num="38" count="238" type="stmt"/>
        <line num="39" count="238" type="stmt"/>
        <line num="40" count="238" type="stmt"/>
        <line num="42" count="238" type="stmt"/>
        <line num="43" count="400" type="stmt"/>
        <line num="44" count="400" type="cond" truecount="1" falsecount="1"/>
        <line num="45" count="400" type="stmt"/>
        <line num="46" count="400" type="stmt"/>
        <line num="50" count="238" type="stmt"/>
        <line num="51" count="14" type="stmt"/>
        <line num="52" count="14" type="cond" truecount="1" falsecount="1"/>
        <line num="53" count="14" type="cond" truecount="1" falsecount="1"/>
        <line num="54" count="14" type="stmt"/>
        <line num="55" count="14" type="stmt"/>
        <line num="56" count="14" type="stmt"/>
        <line num="57" count="14" type="stmt"/>
        <line num="58" count="14" type="stmt"/>
        <line num="59" count="14" type="stmt"/>
        <line num="60" count="14" type="stmt"/>
        <line num="61" count="14" type="stmt"/>
        <line num="62" count="14" type="cond" truecount="1" falsecount="1"/>
        <line num="63" count="14" type="stmt"/>
        <line num="64" count="14" type="stmt"/>
        <line num="69" count="238" type="stmt"/>
        <line num="71" count="4" type="cond" truecount="2" falsecount="0"/>
        <line num="72" count="4" type="stmt"/>
        <line num="73" count="4" type="stmt"/>
        <line num="79" count="238" type="stmt"/>
        <line num="81" count="2" type="stmt"/>
        <line num="82" count="2" type="stmt"/>
        <line num="83" count="2" type="stmt"/>
        <line num="84" count="2" type="stmt"/>
        <line num="90" count="238" type="stmt"/>
        <line num="92" count="4" type="stmt"/>
        <line num="93" count="4" type="stmt"/>
        <line num="94" count="6" type="cond" truecount="2" falsecount="0"/>
        <line num="95" count="4" type="stmt"/>
        <line num="96" count="4" type="stmt"/>
        <line num="102" count="238" type="stmt"/>
        <line num="104" count="2" type="stmt"/>
        <line num="105" count="2" type="stmt"/>
        <line num="111" count="238" type="stmt"/>
        <line num="117" count="238" type="stmt"/>
        <line num="118" count="3" type="stmt"/>
        <line num="119" count="3" type="cond" truecount="2" falsecount="0"/>
        <line num="120" count="2" type="stmt"/>
        <line num="121" count="2" type="cond" truecount="2" falsecount="0"/>
        <line num="122" count="2" type="stmt"/>
        <line num="123" count="2" type="stmt"/>
        <line num="127" count="238" type="stmt"/>
        <line num="128" count="6" type="stmt"/>
        <line num="129" count="6" type="cond" truecount="1" falsecount="1"/>
        <line num="130" count="6" type="stmt"/>
        <line num="131" count="6" type="stmt"/>
        <line num="132" count="6" type="stmt"/>
        <line num="133" count="6" type="stmt"/>
        <line num="134" count="6" type="stmt"/>
        <line num="135" count="6" type="cond" truecount="4" falsecount="0"/>
        <line num="136" count="2" type="stmt"/>
        <line num="137" count="2" type="cond" truecount="2" falsecount="0"/>
        <line num="139" count="6" type="cond" truecount="2" falsecount="0"/>
        <line num="140" count="5" type="stmt"/>
        <line num="141" count="5" type="stmt"/>
        <line num="142" count="5" type="stmt"/>
        <line num="143" count="5" type="stmt"/>
        <line num="144" count="5" type="stmt"/>
        <line num="145" count="5" type="stmt"/>
        <line num="146" count="5" type="stmt"/>
        <line num="147" count="5" type="stmt"/>
        <line num="148" count="5" type="stmt"/>
        <line num="152" count="238" type="stmt"/>
        <line num="153" count="5" type="stmt"/>
        <line num="154" count="5" type="stmt"/>
        <line num="155" count="5" type="stmt"/>
        <line num="156" count="5" type="stmt"/>
        <line num="157" count="5" type="stmt"/>
        <line num="158" count="5" type="stmt"/>
        <line num="159" count="5" type="stmt"/>
        <line num="160" count="5" type="cond" truecount="1" falsecount="1"/>
        <line num="161" count="5" type="stmt"/>
        <line num="162" count="5" type="stmt"/>
        <line num="167" count="238" type="stmt"/>
        <line num="168" count="2" type="stmt"/>
        <line num="169" count="2" type="cond" truecount="2" falsecount="0"/>
        <line num="172" count="238" type="stmt"/>
        <line num="173" count="2" type="stmt"/>
        <line num="174" count="2" type="stmt"/>
        <line num="175" count="2" type="stmt"/>
        <line num="176" count="38" type="cond" truecount="4" falsecount="0"/>
        <line num="177" count="37" type="stmt"/>
        <line num="179" count="2" type="stmt"/>
        <line num="182" count="238" type="stmt"/>
        <line num="183" count="5" type="stmt"/>
        <line num="184" count="5" type="cond" truecount="1" falsecount="1"/>
        <line num="185" count="5" type="stmt"/>
        <line num="186" count="5" type="cond" truecount="2" falsecount="0"/>
        <line num="187" count="3" type="cond" truecount="2" falsecount="0"/>
        <line num="188" count="1" type="stmt"/>
        <line num="191" count="238" type="stmt"/>
        <line num="193" count="4" type="stmt"/>
        <line num="202" count="21" type="stmt"/>
        <line num="204" count="1" type="stmt"/>
        <line num="207" count="1" type="stmt"/>
        <line num="211" count="2" type="stmt"/>
        <line num="214" count="1" type="stmt"/>
        <line num="217" count="1" type="stmt"/>
        <line num="221" count="2" type="stmt"/>
        <line num="224" count="1" type="stmt"/>
        <line num="227" count="1" type="stmt"/>
        <line num="234" count="5" type="stmt"/>
        <line num="237" count="1" type="stmt"/>
        <line num="240" count="1" type="stmt"/>
        <line num="250" count="1" type="stmt"/>
        <line num="262" count="167" type="stmt"/>
      </file>
      <file name="article-form.tsx" path="/home/rey/Porte-folio/components/admin/article-form.tsx">
        <metrics statements="3" coveredstatements="3" conditionals="18" coveredconditionals="18" methods="1" coveredmethods="1"/>
        <line num="1" count="1" type="stmt"/>
        <line num="32" count="10" type="stmt"/>
        <line num="34" count="10" type="stmt"/>
      </file>
      <file name="data-table.tsx" path="/home/rey/Porte-folio/components/admin/data-table.tsx">
        <metrics statements="13" coveredstatements="12" conditionals="13" coveredconditionals="11" methods="8" coveredmethods="7"/>
        <line num="1" count="1" type="stmt"/>
        <line num="39" count="6" type="stmt"/>
        <line num="40" count="6" type="stmt"/>
        <line num="42" count="6" type="stmt"/>
        <line num="63" count="6" type="stmt"/>
        <line num="72" count="1" type="stmt"/>
        <line num="73" count="1" type="stmt"/>
        <line num="84" count="6" type="stmt"/>
        <line num="86" count="6" type="stmt"/>
        <line num="113" count="20" type="stmt"/>
        <line num="118" count="20" type="stmt"/>
        <line num="151" count="0" type="stmt"/>
        <line num="159" count="1" type="stmt"/>
      </file>
      <file name="delete-button.tsx" path="/home/rey/Porte-folio/components/admin/delete-button.tsx">
        <metrics statements="5" coveredstatements="5" conditionals="3" coveredconditionals="3" methods="3" coveredmethods="3"/>
        <line num="1" count="2" type="stmt"/>
        <line num="24" count="15" type="stmt"/>
        <line num="26" count="15" type="stmt"/>
        <line num="45" count="1" type="stmt"/>
        <line num="46" count="1" type="stmt"/>
      </file>
      <file name="gallery-form.tsx" path="/home/rey/Porte-folio/components/admin/gallery-form.tsx">
        <metrics statements="8" coveredstatements="8" conditionals="8" coveredconditionals="8" methods="2" coveredmethods="2"/>
        <line num="1" count="1" type="stmt"/>
        <line num="13" count="8" type="stmt"/>
        <line num="14" count="8" type="stmt"/>
        <line num="19" count="8" type="stmt"/>
        <line num="20" count="6" type="cond" truecount="4" falsecount="0"/>
        <line num="21" count="2" type="stmt"/>
        <line num="22" count="2" type="stmt"/>
        <line num="26" count="8" type="stmt"/>
      </file>
      <file name="insert-image-dialog.tsx" path="/home/rey/Porte-folio/components/admin/insert-image-dialog.tsx">
        <metrics statements="54" coveredstatements="47" conditionals="32" coveredconditionals="21" methods="14" coveredmethods="11"/>
        <line num="1" count="3" type="stmt"/>
        <line num="26" count="3" type="stmt"/>
        <line num="37" count="285" type="stmt"/>
        <line num="38" count="285" type="stmt"/>
        <line num="39" count="285" type="stmt"/>
        <line num="40" count="285" type="stmt"/>
        <line num="41" count="285" type="stmt"/>
        <line num="42" count="285" type="stmt"/>
        <line num="44" count="285" type="stmt"/>
        <line num="46" count="9" type="stmt"/>
        <line num="47" count="9" type="cond" truecount="1" falsecount="1"/>
        <line num="48" count="9" type="stmt"/>
        <line num="49" count="9" type="stmt"/>
        <line num="53" count="1" type="cond" truecount="1" falsecount="1"/>
        <line num="57" count="285" type="stmt"/>
        <line num="58" count="53" type="cond" truecount="2" falsecount="0"/>
        <line num="59" count="14" type="stmt"/>
        <line num="60" count="14" type="stmt"/>
        <line num="61" count="14" type="stmt"/>
        <line num="62" count="14" type="stmt"/>
        <line num="63" count="14" type="stmt"/>
        <line num="64" count="14" type="cond" truecount="1" falsecount="1"/>
        <line num="68" count="285" type="stmt"/>
        <line num="70" count="11" type="cond" truecount="2" falsecount="0"/>
        <line num="71" count="1" type="stmt"/>
        <line num="72" count="1" type="stmt"/>
        <line num="74" count="10" type="cond" truecount="1" falsecount="1"/>
        <line num="75" count="0" type="stmt"/>
        <line num="76" count="0" type="stmt"/>
        <line num="78" count="10" type="stmt"/>
        <line num="79" count="10" type="stmt"/>
        <line num="80" count="10" type="stmt"/>
        <line num="81" count="10" type="stmt"/>
        <line num="82" count="10" type="stmt"/>
        <line num="87" count="285" type="stmt"/>
        <line num="89" count="0" type="stmt"/>
        <line num="90" count="0" type="stmt"/>
        <line num="91" count="0" type="cond" truecount="0" falsecount="2"/>
        <line num="96" count="285" type="stmt"/>
        <line num="98" count="11" type="stmt"/>
        <line num="99" count="11" type="cond" truecount="1" falsecount="1"/>
        <line num="104" count="285" type="stmt"/>
        <line num="105" count="7" type="cond" truecount="1" falsecount="1"/>
        <line num="106" count="7" type="cond" truecount="2" falsecount="0"/>
        <line num="107" count="7" type="stmt"/>
        <line num="110" count="285" type="stmt"/>
        <line num="132" count="1" type="stmt"/>
        <line num="133" count="1" type="stmt"/>
        <line num="134" count="1" type="cond" truecount="1" falsecount="1"/>
        <line num="144" count="0" type="stmt"/>
        <line num="145" count="0" type="stmt"/>
        <line num="180" count="9" type="stmt"/>
        <line num="187" count="6" type="stmt"/>
        <line num="201" count="1" type="stmt"/>
      </file>
      <file name="press-form.tsx" path="/home/rey/Porte-folio/components/admin/press-form.tsx">
        <metrics statements="8" coveredstatements="8" conditionals="8" coveredconditionals="8" methods="2" coveredmethods="2"/>
        <line num="1" count="1" type="stmt"/>
        <line num="13" count="8" type="stmt"/>
        <line num="14" count="8" type="stmt"/>
        <line num="19" count="8" type="stmt"/>
        <line num="20" count="6" type="cond" truecount="4" falsecount="0"/>
        <line num="21" count="2" type="stmt"/>
        <line num="22" count="2" type="stmt"/>
        <line num="26" count="8" type="stmt"/>
      </file>
      <file name="status-select.tsx" path="/home/rey/Porte-folio/components/admin/status-select.tsx">
        <metrics statements="6" coveredstatements="6" conditionals="2" coveredconditionals="2" methods="3" coveredmethods="3"/>
        <line num="1" count="2" type="stmt"/>
        <line num="12" count="2" type="stmt"/>
        <line num="27" count="16" type="stmt"/>
        <line num="29" count="16" type="stmt"/>
        <line num="34" count="1" type="stmt"/>
        <line num="35" count="1" type="stmt"/>
      </file>
      <file name="uploadthing-upload.tsx" path="/home/rey/Porte-folio/components/admin/uploadthing-upload.tsx">
        <metrics statements="43" coveredstatements="41" conditionals="26" coveredconditionals="19" methods="9" coveredmethods="7"/>
        <line num="1" count="4" type="stmt"/>
        <line num="9" count="4" type="stmt"/>
        <line num="19" count="36" type="stmt"/>
        <line num="20" count="36" type="stmt"/>
        <line num="21" count="36" type="stmt"/>
        <line num="22" count="36" type="stmt"/>
        <line num="24" count="36" type="stmt"/>
        <line num="26" count="3" type="stmt"/>
        <line num="27" count="3" type="cond" truecount="1" falsecount="1"/>
        <line num="28" count="3" type="stmt"/>
        <line num="29" count="3" type="stmt"/>
        <line num="30" count="3" type="stmt"/>
        <line num="34" count="1" type="cond" truecount="1" falsecount="1"/>
        <line num="35" count="1" type="stmt"/>
        <line num="36" count="1" type="stmt"/>
        <line num="40" count="36" type="stmt"/>
        <line num="41" count="6" type="cond" truecount="2" falsecount="0"/>
        <line num="42" count="1" type="stmt"/>
        <line num="43" count="1" type="stmt"/>
        <line num="46" count="5" type="cond" truecount="2" falsecount="0"/>
        <line num="47" count="1" type="stmt"/>
        <line num="48" count="1" type="stmt"/>
        <line num="51" count="4" type="stmt"/>
        <line num="53" count="4" type="stmt"/>
        <line num="54" count="4" type="stmt"/>
        <line num="56" count="4" type="stmt"/>
        <line num="57" count="4" type="stmt"/>
        <line num="60" count="36" type="stmt"/>
        <line num="62" count="1" type="stmt"/>
        <line num="63" count="1" type="stmt"/>
        <line num="64" count="1" type="cond" truecount="1" falsecount="1"/>
        <line num="69" count="36" type="stmt"/>
        <line num="71" count="5" type="stmt"/>
        <line num="72" count="5" type="cond" truecount="1" falsecount="1"/>
        <line num="77" count="36" type="stmt"/>
        <line num="78" count="1" type="stmt"/>
        <line num="79" count="1" type="stmt"/>
        <line num="80" count="1" type="stmt"/>
        <line num="81" count="1" type="stmt"/>
        <line num="82" count="1" type="cond" truecount="1" falsecount="1"/>
        <line num="85" count="36" type="stmt"/>
        <line num="114" count="0" type="stmt"/>
        <line num="115" count="0" type="stmt"/>
      </file>
    </package>
    <package name="lib">
      <metrics statements="58" coveredstatements="58" conditionals="56" coveredconditionals="50" methods="17" coveredmethods="17"/>
      <file name="focus-icons.ts" path="/home/rey/Porte-folio/lib/focus-icons.ts">
        <metrics statements="10" coveredstatements="10" conditionals="6" coveredconditionals="6" methods="2" coveredmethods="2"/>
        <line num="25" count="1" type="stmt"/>
        <line num="48" count="1" type="stmt"/>
        <line num="51" count="29" type="stmt"/>
        <line num="55" count="15" type="cond" truecount="2" falsecount="0"/>
        <line num="57" count="13" type="stmt"/>
        <line num="58" count="13" type="cond" truecount="2" falsecount="0"/>
        <line num="60" count="5" type="stmt"/>
        <line num="61" count="5" type="stmt"/>
        <line num="62" count="24" type="cond" truecount="2" falsecount="0"/>
        <line num="65" count="1" type="stmt"/>
      </file>
      <file name="paste-to-markdown.ts" path="/home/rey/Porte-folio/lib/paste-to-markdown.ts">
        <metrics statements="43" coveredstatements="43" conditionals="50" coveredconditionals="44" methods="13" coveredmethods="13"/>
        <line num="4" count="3" type="stmt"/>
        <line num="7" count="26" type="cond" truecount="2" falsecount="0"/>
        <line num="8" count="6" type="stmt"/>
        <line num="9" count="6" type="cond" truecount="1" falsecount="1"/>
        <line num="10" count="6" type="stmt"/>
        <line num="11" count="6" type="cond" truecount="1" falsecount="1"/>
        <line num="12" count="6" type="cond" truecount="2" falsecount="0"/>
        <line num="13" count="4" type="cond" truecount="2" falsecount="0"/>
        <line num="14" count="2" type="stmt"/>
        <line num="17" count="3" type="stmt"/>
        <line num="34" count="14" type="cond" truecount="2" falsecount="0"/>
        <line num="36" count="2" type="stmt"/>
        <line num="44" count="2" type="stmt"/>
        <line num="46" count="2" type="stmt"/>
        <line num="48" count="2" type="cond" truecount="2" falsecount="2"/>
        <line num="54" count="2" type="stmt"/>
        <line num="56" count="34" type="cond" truecount="2" falsecount="0"/>
        <line num="57" count="10" type="cond" truecount="2" falsecount="0"/>
        <line num="58" count="34" type="cond" truecount="2" falsecount="0"/>
        <line num="59" count="34" type="cond" truecount="3" falsecount="0"/>
        <line num="62" count="5" type="cond" truecount="2" falsecount="0"/>
        <line num="63" count="5" type="cond" truecount="2" falsecount="0"/>
        <line num="64" count="5" type="stmt"/>
        <line num="65" count="5" type="cond" truecount="4" falsecount="0"/>
        <line num="66" count="5" type="cond" truecount="2" falsecount="0"/>
        <line num="67" count="5" type="stmt"/>
        <line num="71" count="2" type="stmt"/>
        <line num="73" count="37" type="cond" truecount="4" falsecount="0"/>
        <line num="74" count="12" type="stmt"/>
        <line num="75" count="22" type="stmt"/>
        <line num="78" count="3" type="stmt"/>
        <line num="79" count="4" type="stmt"/>
        <line num="80" count="3" type="cond" truecount="3" falsecount="1"/>
        <line num="81" count="3" type="stmt"/>
        <line num="85" count="2" type="stmt"/>
        <line num="87" count="39" type="cond" truecount="2" falsecount="0"/>
        <line num="88" count="3" type="cond" truecount="1" falsecount="1"/>
        <line num="89" count="39" type="cond" truecount="3" falsecount="0"/>
        <line num="91" count="2" type="stmt"/>
        <line num="94" count="2" type="stmt"/>
        <line num="95" count="2" type="stmt"/>
        <line num="99" count="14" type="stmt"/>
        <line num="111" count="14" type="stmt"/>
      </file>
      <file name="schemas.ts" path="/home/rey/Porte-folio/lib/schemas.ts">
        <metrics statements="1" coveredstatements="1" conditionals="0" coveredconditionals="0" methods="0" coveredmethods="0"/>
        <line num="3" count="1" type="stmt"/>
      </file>
      <file name="site.ts" path="/home/rey/Porte-folio/lib/site.ts">
        <metrics statements="2" coveredstatements="2" conditionals="0" coveredconditionals="0" methods="0" coveredmethods="0"/>
        <line num="1" count="2" type="stmt"/>
        <line num="15" count="2" type="stmt"/>
      </file>
      <file name="slugify.ts" path="/home/rey/Porte-folio/lib/slugify.ts">
        <metrics statements="1" coveredstatements="1" conditionals="0" coveredconditionals="0" methods="1" coveredmethods="1"/>
        <line num="2" count="9" type="stmt"/>
      </file>
      <file name="utils.ts" path="/home/rey/Porte-folio/lib/utils.ts">
        <metrics statements="1" coveredstatements="1" conditionals="0" coveredconditionals="0" methods="1" coveredmethods="1"/>
        <line num="5" count="6316" type="stmt"/>
      </file>
    </package>
  </project>
</coverage>
