{"/home/rey/Porte-folio/app/api/admin/comments/route.ts": {"path":"/home/rey/Porte-folio/app/api/admin/comments/route.ts","statementMap":{"0":{"start":{"line":10,"column":18},"end":{"line":10,"column":null}},"1":{"start":{"line":11,"column":2},"end":{"line":11,"column":null}},"2":{"start":{"line":11,"column":16},"end":{"line":11,"column":null}},"3":{"start":{"line":15,"column":2},"end":{"line":19,"column":null}},"4":{"start":{"line":16,"column":4},"end":{"line":16,"column":null}},"5":{"start":{"line":18,"column":4},"end":{"line":18,"column":null}},"6":{"start":{"line":21,"column":13},"end":{"line":21,"column":null}},"7":{"start":{"line":22,"column":2},"end":{"line":22,"column":null}},"8":{"start":{"line":23,"column":2},"end":{"line":23,"column":null}},"9":{"start":{"line":24,"column":2},"end":{"line":24,"column":null}}},"fnMap":{"0":{"name":"requireAdmin","decl":{"start":{"line":9,"column":15},"end":{"line":9,"column":30}},"loc":{"start":{"line":9,"column":30},"end":{"line":12,"column":null}},"line":9},"1":{"name":"DELETE","decl":{"start":{"line":14,"column":22},"end":{"line":14,"column":29}},"loc":{"start":{"line":14,"column":47},"end":{"line":25,"column":null}},"line":14}},"branchMap":{"0":{"loc":{"start":{"line":11,"column":2},"end":{"line":11,"column":null}},"type":"if","locations":[{"start":{"line":11,"column":2},"end":{"line":11,"column":null}},{"start":{},"end":{}}],"line":11}},"s":{"0":2,"1":2,"2":1,"3":2,"4":2,"5":1,"6":1,"7":1,"8":1,"9":1},"f":{"0":2,"1":2},"b":{"0":[1,1]},"meta":{"lastBranch":1,"lastFunction":2,"lastStatement":10,"seen":{"f:9:15:9:30":0,"s:10:18:10:Infinity":0,"b:11:2:11:Infinity:undefined:undefined:undefined:undefined":0,"s:11:2:11:Infinity":1,"s:11:16:11:Infinity":2,"f:14:22:14:29":1,"s:15:2:19:Infinity":3,"s:16:4:16:Infinity":4,"s:18:4:18:Infinity":5,"s:21:13:21:Infinity":6,"s:22:2:22:Infinity":7,"s:23:2:23:Infinity":8,"s:24:2:24:Infinity":9},"fnNames":{}}}
,"/home/rey/Porte-folio/app/api/comments/route.ts": {"path":"/home/rey/Porte-folio/app/api/comments/route.ts","statementMap":{"0":{"start":{"line":7,"column":20},"end":{"line":7,"column":null}},"1":{"start":{"line":8,"column":2},"end":{"line":10,"column":null}},"2":{"start":{"line":9,"column":4},"end":{"line":9,"column":null}},"3":{"start":{"line":11,"column":19},"end":{"line":15,"column":null}},"4":{"start":{"line":16,"column":2},"end":{"line":16,"column":null}},"5":{"start":{"line":20,"column":58},"end":{"line":20,"column":null}},"6":{"start":{"line":21,"column":2},"end":{"line":23,"column":null}},"7":{"start":{"line":22,"column":4},"end":{"line":22,"column":null}},"8":{"start":{"line":25,"column":21},"end":{"line":28,"column":null}},"9":{"start":{"line":30,"column":2},"end":{"line":30,"column":null}}},"fnMap":{"0":{"name":"GET","decl":{"start":{"line":6,"column":22},"end":{"line":6,"column":26}},"loc":{"start":{"line":6,"column":44},"end":{"line":17,"column":null}},"line":6},"1":{"name":"POST","decl":{"start":{"line":19,"column":22},"end":{"line":19,"column":27}},"loc":{"start":{"line":19,"column":45},"end":{"line":31,"column":null}},"line":19}},"branchMap":{"0":{"loc":{"start":{"line":8,"column":2},"end":{"line":10,"column":null}},"type":"if","locations":[{"start":{"line":8,"column":2},"end":{"line":10,"column":null}},{"start":{},"end":{}}],"line":8},"1":{"loc":{"start":{"line":21,"column":2},"end":{"line":23,"column":null}},"type":"if","locations":[{"start":{"line":21,"column":2},"end":{"line":23,"column":null}},{"start":{},"end":{}}],"line":21},"2":{"loc":{"start":{"line":21,"column":6},"end":{"line":21,"column":45}},"type":"binary-expr","locations":[{"start":{"line":21,"column":6},"end":{"line":21,"column":20}},{"start":{"line":21,"column":20},"end":{"line":21,"column":35}},{"start":{"line":21,"column":35},"end":{"line":21,"column":45}}],"line":21}},"s":{"0":2,"1":2,"2":1,"3":1,"4":1,"5":2,"6":2,"7":1,"8":1,"9":1},"f":{"0":2,"1":2},"b":{"0":[1,1],"1":[1,1],"2":[2,2,1]},"meta":{"lastBranch":3,"lastFunction":2,"lastStatement":10,"seen":{"f:6:22:6:26":0,"s:7:20:7:Infinity":0,"b:8:2:10:Infinity:undefined:undefined:undefined:undefined":0,"s:8:2:10:Infinity":1,"s:9:4:9:Infinity":2,"s:11:19:15:Infinity":3,"s:16:2:16:Infinity":4,"f:19:22:19:27":1,"s:20:58:20:Infinity":5,"b:21:2:23:Infinity:undefined:undefined:undefined:undefined":1,"s:21:2:23:Infinity":6,"b:21:6:21:20:21:20:21:35:21:35:21:45":2,"s:22:4:22:Infinity":7,"s:25:21:28:Infinity":8,"s:30:2:30:Infinity":9},"fnNames":{}}}
,"/home/rey/Porte-folio/app/api/likes/route.ts": {"path":"/home/rey/Porte-folio/app/api/likes/route.ts","statementMap":{"0":{"start":{"line":7,"column":20},"end":{"line":7,"column":null}},"1":{"start":{"line":8,"column":20},"end":{"line":8,"column":null}},"2":{"start":{"line":9,"column":2},"end":{"line":11,"column":null}},"3":{"start":{"line":10,"column":4},"end":{"line":10,"column":null}},"4":{"start":{"line":12,"column":15},"end":{"line":16,"column":null}},"5":{"start":{"line":17,"column":2},"end":{"line":17,"column":null}},"6":{"start":{"line":21,"column":35},"end":{"line":21,"column":null}},"7":{"start":{"line":22,"column":2},"end":{"line":24,"column":null}},"8":{"start":{"line":23,"column":4},"end":{"line":23,"column":null}},"9":{"start":{"line":26,"column":19},"end":{"line":30,"column":null}},"10":{"start":{"line":32,"column":2},"end":{"line":37,"column":null}},"11":{"start":{"line":33,"column":4},"end":{"line":35,"column":null}},"12":{"start":{"line":36,"column":4},"end":{"line":36,"column":null}},"13":{"start":{"line":39,"column":2},"end":{"line":39,"column":null}},"14":{"start":{"line":40,"column":2},"end":{"line":40,"column":null}}},"fnMap":{"0":{"name":"GET","decl":{"start":{"line":6,"column":22},"end":{"line":6,"column":26}},"loc":{"start":{"line":6,"column":44},"end":{"line":18,"column":null}},"line":6},"1":{"name":"POST","decl":{"start":{"line":20,"column":22},"end":{"line":20,"column":27}},"loc":{"start":{"line":20,"column":45},"end":{"line":41,"column":null}},"line":20}},"branchMap":{"0":{"loc":{"start":{"line":9,"column":2},"end":{"line":11,"column":null}},"type":"if","locations":[{"start":{"line":9,"column":2},"end":{"line":11,"column":null}},{"start":{},"end":{}}],"line":9},"1":{"loc":{"start":{"line":9,"column":6},"end":{"line":9,"column":32}},"type":"binary-expr","locations":[{"start":{"line":9,"column":6},"end":{"line":9,"column":20}},{"start":{"line":9,"column":20},"end":{"line":9,"column":32}}],"line":9},"2":{"loc":{"start":{"line":22,"column":2},"end":{"line":24,"column":null}},"type":"if","locations":[{"start":{"line":22,"column":2},"end":{"line":24,"column":null}},{"start":{},"end":{}}],"line":22},"3":{"loc":{"start":{"line":22,"column":6},"end":{"line":22,"column":32}},"type":"binary-expr","locations":[{"start":{"line":22,"column":6},"end":{"line":22,"column":20}},{"start":{"line":22,"column":20},"end":{"line":22,"column":32}}],"line":22},"4":{"loc":{"start":{"line":32,"column":2},"end":{"line":37,"column":null}},"type":"if","locations":[{"start":{"line":32,"column":2},"end":{"line":37,"column":null}},{"start":{},"end":{}}],"line":32}},"s":{"0":3,"1":3,"2":3,"3":1,"4":2,"5":2,"6":3,"7":3,"8":1,"9":2,"10":2,"11":1,"12":1,"13":1,"14":1},"f":{"0":3,"1":3},"b":{"0":[1,2],"1":[3,2],"2":[1,2],"3":[3,2],"4":[1,1]},"meta":{"lastBranch":5,"lastFunction":2,"lastStatement":15,"seen":{"f:6:22:6:26":0,"s:7:20:7:Infinity":0,"s:8:20:8:Infinity":1,"b:9:2:11:Infinity:undefined:undefined:undefined:undefined":0,"s:9:2:11:Infinity":2,"b:9:6:9:20:9:20:9:32":1,"s:10:4:10:Infinity":3,"s:12:15:16:Infinity":4,"s:17:2:17:Infinity":5,"f:20:22:20:27":1,"s:21:35:21:Infinity":6,"b:22:2:24:Infinity:undefined:undefined:undefined:undefined":2,"s:22:2:24:Infinity":7,"b:22:6:22:20:22:20:22:32":3,"s:23:4:23:Infinity":8,"s:26:19:30:Infinity":9,"b:32:2:37:Infinity:undefined:undefined:undefined:undefined":4,"s:32:2:37:Infinity":10,"s:33:4:35:Infinity":11,"s:36:4:36:Infinity":12,"s:39:2:39:Infinity":13,"s:40:2:40:Infinity":14},"fnNames":{}}}
,"/home/rey/Porte-folio/app/api/track-view/route.ts": {"path":"/home/rey/Porte-folio/app/api/track-view/route.ts","statementMap":{"0":{"start":{"line":7,"column":19},"end":{"line":7,"column":null}},"1":{"start":{"line":8,"column":2},"end":{"line":10,"column":null}},"2":{"start":{"line":9,"column":4},"end":{"line":9,"column":null}},"3":{"start":{"line":12,"column":2},"end":{"line":15,"column":null}},"4":{"start":{"line":17,"column":2},"end":{"line":17,"column":null}}},"fnMap":{"0":{"name":"POST","decl":{"start":{"line":6,"column":22},"end":{"line":6,"column":27}},"loc":{"start":{"line":6,"column":45},"end":{"line":18,"column":null}},"line":6}},"branchMap":{"0":{"loc":{"start":{"line":8,"column":2},"end":{"line":10,"column":null}},"type":"if","locations":[{"start":{"line":8,"column":2},"end":{"line":10,"column":null}},{"start":{},"end":{}}],"line":8},"1":{"loc":{"start":{"line":8,"column":6},"end":{"line":8,"column":41}},"type":"binary-expr","locations":[{"start":{"line":8,"column":6},"end":{"line":8,"column":15}},{"start":{"line":8,"column":15},"end":{"line":8,"column":41}}],"line":8}},"s":{"0":3,"1":3,"2":2,"3":1,"4":1},"f":{"0":3},"b":{"0":[2,1],"1":[3,2]},"meta":{"lastBranch":2,"lastFunction":1,"lastStatement":5,"seen":{"f:6:22:6:27":0,"s:7:19:7:Infinity":0,"b:8:2:10:Infinity:undefined:undefined:undefined:undefined":0,"s:8:2:10:Infinity":1,"b:8:6:8:15:8:15:8:41":1,"s:9:4:9:Infinity":2,"s:12:2:15:Infinity":3,"s:17:2:17:Infinity":4},"fnNames":{}}}
,"/home/rey/Porte-folio/app/api/uploadthing/route.ts": {"path":"/home/rey/Porte-folio/app/api/uploadthing/route.ts","statementMap":{"0":{"start":{"line":4,"column":29},"end":{"line":4,"column":null}}},"fnMap":{},"branchMap":{},"s":{"0":1},"f":{},"b":{},"meta":{"lastBranch":0,"lastFunction":0,"lastStatement":1,"seen":{"s:4:29:4:Infinity":0},"fnNames":{}}}
,"/home/rey/Porte-folio/components/admin-access.tsx": {"path":"/home/rey/Porte-folio/components/admin-access.tsx","statementMap":{"0":{"start":{"line":1,"column":0},"end":{"line":1,"column":null}},"1":{"start":{"line":7,"column":17},"end":{"line":7,"column":27}},"2":{"start":{"line":9,"column":2},"end":{"line":19,"column":null}},"3":{"start":{"line":11,"column":6},"end":{"line":14,"column":null}},"4":{"start":{"line":12,"column":8},"end":{"line":12,"column":null}},"5":{"start":{"line":13,"column":8},"end":{"line":13,"column":null}},"6":{"start":{"line":17,"column":4},"end":{"line":17,"column":null}},"7":{"start":{"line":18,"column":4},"end":{"line":18,"column":null}},"8":{"start":{"line":18,"column":17},"end":{"line":18,"column":null}},"9":{"start":{"line":21,"column":2},"end":{"line":21,"column":null}}},"fnMap":{"0":{"name":"AdminAccess","decl":{"start":{"line":6,"column":16},"end":{"line":6,"column":30}},"loc":{"start":{"line":6,"column":30},"end":{"line":22,"column":null}},"line":6},"1":{"name":"(anonymous_1)","decl":{"start":{"line":9,"column":2},"end":{"line":9,"column":18}},"loc":{"start":{"line":9,"column":18},"end":{"line":19,"column":5}},"line":9},"2":{"name":"onKeyDown","decl":{"start":{"line":10,"column":13},"end":{"line":10,"column":23}},"loc":{"start":{"line":10,"column":41},"end":{"line":15,"column":null}},"line":10},"3":{"name":"(anonymous_3)","decl":{"start":{"line":18,"column":4},"end":{"line":18,"column":17}},"loc":{"start":{"line":18,"column":17},"end":{"line":18,"column":null}},"line":18}},"branchMap":{"0":{"loc":{"start":{"line":11,"column":6},"end":{"line":14,"column":null}},"type":"if","locations":[{"start":{"line":11,"column":6},"end":{"line":14,"column":null}},{"start":{},"end":{}}],"line":11},"1":{"loc":{"start":{"line":11,"column":6},"end":{"line":11,"column":67}},"type":"binary-expr","locations":[{"start":{"line":11,"column":11},"end":{"line":11,"column":24}},{"start":{"line":11,"column":24},"end":{"line":11,"column":38}},{"start":{"line":11,"column":38},"end":{"line":11,"column":52}},{"start":{"line":11,"column":52},"end":{"line":11,"column":67}}],"line":11}},"s":{"0":1,"1":4,"2":4,"3":4,"4":2,"5":2,"6":4,"7":4,"8":4,"9":4},"f":{"0":4,"1":4,"2":4,"3":4},"b":{"0":[2,2],"1":[4,3,4,3]},"meta":{"lastBranch":2,"lastFunction":4,"lastStatement":10,"seen":{"s:1:0:1:Infinity":0,"f:6:16:6:30":0,"s:7:17:7:27":1,"s:9:2:19:Infinity":2,"f:9:2:9:18":1,"f:10:13:10:23":2,"b:11:6:14:Infinity:undefined:undefined:undefined:undefined":0,"s:11:6:14:Infinity":3,"b:11:11:11:24:11:24:11:38:11:38:11:52:11:52:11:67":1,"s:12:8:12:Infinity":4,"s:13:8:13:Infinity":5,"s:17:4:17:Infinity":6,"s:18:4:18:Infinity":7,"f:18:4:18:17":3,"s:18:17:18:Infinity":8,"s:21:2:21:Infinity":9},"fnNames":{}}}
,"/home/rey/Porte-folio/components/article-card.tsx": {"path":"/home/rey/Porte-folio/components/article-card.tsx","statementMap":{"0":{"start":{"line":17,"column":2},"end":{"line":21,"column":null}},"1":{"start":{"line":25,"column":2},"end":{"line":63,"column":null}}},"fnMap":{"0":{"name":"formatDate","decl":{"start":{"line":16,"column":9},"end":{"line":16,"column":20}},"loc":{"start":{"line":16,"column":38},"end":{"line":22,"column":null}},"line":16},"1":{"name":"ArticleCard","decl":{"start":{"line":24,"column":16},"end":{"line":24,"column":28}},"loc":{"start":{"line":24,"column":63},"end":{"line":65,"column":null}},"line":24}},"branchMap":{"0":{"loc":{"start":{"line":30,"column":7},"end":{"line":41,"column":7}},"type":"binary-expr","locations":[{"start":{"line":30,"column":7},"end":{"line":30,"column":null}},{"start":{"line":31,"column":8},"end":{"line":41,"column":7}}],"line":30},"1":{"loc":{"start":{"line":43,"column":11},"end":{"line":46,"column":null}},"type":"binary-expr","locations":[{"start":{"line":43,"column":11},"end":{"line":43,"column":null}},{"start":{"line":44,"column":12},"end":{"line":46,"column":null}}],"line":43},"2":{"loc":{"start":{"line":51,"column":36},"end":{"line":51,"column":null}},"type":"cond-expr","locations":[{"start":{"line":51,"column":56},"end":{"line":51,"column":62}},{"start":{"line":51,"column":62},"end":{"line":51,"column":null}}],"line":51},"3":{"loc":{"start":{"line":57,"column":9},"end":{"line":60,"column":null}},"type":"binary-expr","locations":[{"start":{"line":57,"column":9},"end":{"line":57,"column":null}},{"start":{"line":58,"column":10},"end":{"line":60,"column":null}}],"line":57}},"s":{"0":5,"1":5},"f":{"0":5,"1":5},"b":{"0":[5,3],"1":[5,3],"2":[3,2],"3":[5,3]},"meta":{"lastBranch":4,"lastFunction":2,"lastStatement":2,"seen":{"f:16:9:16:20":0,"s:17:2:21:Infinity":0,"f:24:16:24:28":1,"s:25:2:63:Infinity":1,"b:30:7:30:Infinity:31:8:41:7":0,"b:43:11:43:Infinity:44:12:46:Infinity":1,"b:51:56:51:62:51:62:51:Infinity":2,"b:57:9:57:Infinity:58:10:60:Infinity":3},"fnNames":{}}}
,"/home/rey/Porte-folio/components/article-markdown.tsx": {"path":"/home/rey/Porte-folio/components/article-markdown.tsx","statementMap":{"0":{"start":{"line":6,"column":73},"end":{"line":23,"column":null}},"1":{"start":{"line":26,"column":2},"end":{"line":95,"column":null}},"2":{"start":{"line":33,"column":12},"end":{"line":35,"column":null}},"3":{"start":{"line":38,"column":12},"end":{"line":40,"column":null}},"4":{"start":{"line":43,"column":12},"end":{"line":43,"column":null}},"5":{"start":{"line":46,"column":12},"end":{"line":46,"column":null}},"6":{"start":{"line":49,"column":12},"end":{"line":49,"column":null}},"7":{"start":{"line":52,"column":12},"end":{"line":54,"column":null}},"8":{"start":{"line":57,"column":12},"end":{"line":64,"column":null}},"9":{"start":{"line":67,"column":12},"end":{"line":73,"column":null}},"10":{"start":{"line":76,"column":12},"end":{"line":78,"column":null}},"11":{"start":{"line":81,"column":12},"end":{"line":83,"column":null}},"12":{"start":{"line":86,"column":12},"end":{"line":88,"column":null}},"13":{"start":{"line":90,"column":20},"end":{"line":90,"column":null}}},"fnMap":{"0":{"name":"ArticleMarkdown","decl":{"start":{"line":25,"column":16},"end":{"line":25,"column":32}},"loc":{"start":{"line":25,"column":66},"end":{"line":97,"column":null}},"line":25},"1":{"name":"(anonymous_1)","decl":{"start":{"line":32,"column":10},"end":{"line":32,"column":15}},"loc":{"start":{"line":33,"column":12},"end":{"line":35,"column":null}},"line":33},"2":{"name":"(anonymous_2)","decl":{"start":{"line":37,"column":10},"end":{"line":37,"column":15}},"loc":{"start":{"line":38,"column":12},"end":{"line":40,"column":null}},"line":38},"3":{"name":"(anonymous_3)","decl":{"start":{"line":42,"column":10},"end":{"line":42,"column":14}},"loc":{"start":{"line":43,"column":12},"end":{"line":43,"column":null}},"line":43},"4":{"name":"(anonymous_4)","decl":{"start":{"line":45,"column":10},"end":{"line":45,"column":15}},"loc":{"start":{"line":46,"column":12},"end":{"line":46,"column":null}},"line":46},"5":{"name":"(anonymous_5)","decl":{"start":{"line":48,"column":10},"end":{"line":48,"column":15}},"loc":{"start":{"line":49,"column":12},"end":{"line":49,"column":null}},"line":49},"6":{"name":"(anonymous_6)","decl":{"start":{"line":51,"column":10},"end":{"line":51,"column":23}},"loc":{"start":{"line":52,"column":12},"end":{"line":54,"column":null}},"line":52},"7":{"name":"(anonymous_7)","decl":{"start":{"line":56,"column":10},"end":{"line":56,"column":14}},"loc":{"start":{"line":57,"column":12},"end":{"line":64,"column":null}},"line":57},"8":{"name":"(anonymous_8)","decl":{"start":{"line":66,"column":10},"end":{"line":66,"column":16}},"loc":{"start":{"line":67,"column":12},"end":{"line":73,"column":null}},"line":67},"9":{"name":"(anonymous_9)","decl":{"start":{"line":75,"column":10},"end":{"line":75,"column":16}},"loc":{"start":{"line":76,"column":12},"end":{"line":78,"column":null}},"line":76},"10":{"name":"(anonymous_10)","decl":{"start":{"line":80,"column":10},"end":{"line":80,"column":17}},"loc":{"start":{"line":81,"column":12},"end":{"line":83,"column":null}},"line":81},"11":{"name":"(anonymous_11)","decl":{"start":{"line":85,"column":10},"end":{"line":85,"column":18}},"loc":{"start":{"line":86,"column":12},"end":{"line":88,"column":null}},"line":86},"12":{"name":"(anonymous_12)","decl":{"start":{"line":90,"column":10},"end":{"line":90,"column":20}},"loc":{"start":{"line":90,"column":20},"end":{"line":90,"column":null}},"line":90}},"branchMap":{"0":{"loc":{"start":{"line":9,"column":8},"end":{"line":9,"column":null}},"type":"binary-expr","locations":[{"start":{"line":9,"column":8},"end":{"line":9,"column":35}},{"start":{"line":9,"column":35},"end":{"line":9,"column":null}}],"line":9},"1":{"loc":{"start":{"line":14,"column":8},"end":{"line":14,"column":null}},"type":"binary-expr","locations":[{"start":{"line":14,"column":8},"end":{"line":14,"column":36}},{"start":{"line":14,"column":36},"end":{"line":14,"column":null}}],"line":14},"2":{"loc":{"start":{"line":15,"column":8},"end":{"line":15,"column":55}},"type":"binary-expr","locations":[{"start":{"line":15,"column":8},"end":{"line":15,"column":50}},{"start":{"line":15,"column":50},"end":{"line":15,"column":55}}],"line":15},"3":{"loc":{"start":{"line":15,"column":13},"end":{"line":15,"column":43}},"type":"binary-expr","locations":[{"start":{"line":15,"column":13},"end":{"line":15,"column":41}},{"start":{"line":15,"column":41},"end":{"line":15,"column":43}}],"line":15},"4":{"loc":{"start":{"line":17,"column":6},"end":{"line":17,"column":null}},"type":"binary-expr","locations":[{"start":{"line":17,"column":6},"end":{"line":17,"column":50}},{"start":{"line":17,"column":50},"end":{"line":17,"column":null}}],"line":17},"5":{"loc":{"start":{"line":17,"column":11},"end":{"line":17,"column":41}},"type":"binary-expr","locations":[{"start":{"line":17,"column":11},"end":{"line":17,"column":39}},{"start":{"line":17,"column":39},"end":{"line":17,"column":41}}],"line":17}},"s":{"0":3,"1":215,"2":12,"3":1,"4":221,"5":3,"6":1,"7":2,"8":3,"9":6,"10":0,"11":2,"12":2,"13":1},"f":{"0":215,"1":12,"2":1,"3":221,"4":3,"5":1,"6":2,"7":3,"8":6,"9":0,"10":2,"11":2,"12":1},"b":{"0":[3,0],"1":[3,0],"2":[3,0],"3":[3,0],"4":[3,0],"5":[3,0]},"meta":{"lastBranch":6,"lastFunction":13,"lastStatement":14,"seen":{"s:6:73:23:Infinity":0,"b:9:8:9:35:9:35:9:Infinity":0,"b:14:8:14:36:14:36:14:Infinity":1,"b:15:8:15:50:15:50:15:55":2,"b:15:13:15:41:15:41:15:43":3,"b:17:6:17:50:17:50:17:Infinity":4,"b:17:11:17:39:17:39:17:41":5,"f:25:16:25:32":0,"s:26:2:95:Infinity":1,"f:32:10:32:15":1,"s:33:12:35:Infinity":2,"f:37:10:37:15":2,"s:38:12:40:Infinity":3,"f:42:10:42:14":3,"s:43:12:43:Infinity":4,"f:45:10:45:15":4,"s:46:12:46:Infinity":5,"f:48:10:48:15":5,"s:49:12:49:Infinity":6,"f:51:10:51:23":6,"s:52:12:54:Infinity":7,"f:56:10:56:14":7,"s:57:12:64:Infinity":8,"f:66:10:66:16":8,"s:67:12:73:Infinity":9,"f:75:10:75:16":9,"s:76:12:78:Infinity":10,"f:80:10:80:17":10,"s:81:12:83:Infinity":11,"f:85:10:85:18":11,"s:86:12:88:Infinity":12,"f:90:10:90:20":12,"s:90:20:90:Infinity":13},"fnNames":{}}}
,"/home/rey/Porte-folio/components/comments-section.tsx": {"path":"/home/rey/Porte-folio/components/comments-section.tsx","statementMap":{"0":{"start":{"line":1,"column":0},"end":{"line":1,"column":null}},"1":{"start":{"line":17,"column":34},"end":{"line":17,"column":null}},"2":{"start":{"line":18,"column":38},"end":{"line":18,"column":null}},"3":{"start":{"line":19,"column":32},"end":{"line":19,"column":null}},"4":{"start":{"line":20,"column":38},"end":{"line":20,"column":null}},"5":{"start":{"line":22,"column":2},"end":{"line":27,"column":null}},"6":{"start":{"line":23,"column":4},"end":{"line":26,"column":null}},"7":{"start":{"line":24,"column":19},"end":{"line":24,"column":27}},"8":{"start":{"line":25,"column":19},"end":{"line":25,"column":42}},"9":{"start":{"line":29,"column":17},"end":{"line":48,"column":null}},"10":{"start":{"line":30,"column":4},"end":{"line":30,"column":null}},"11":{"start":{"line":30,"column":61},"end":{"line":30,"column":null}},"12":{"start":{"line":31,"column":4},"end":{"line":31,"column":null}},"13":{"start":{"line":32,"column":4},"end":{"line":47,"column":null}},"14":{"start":{"line":33,"column":18},"end":{"line":37,"column":null}},"15":{"start":{"line":38,"column":19},"end":{"line":38,"column":null}},"16":{"start":{"line":39,"column":6},"end":{"line":41,"column":null}},"17":{"start":{"line":40,"column":8},"end":{"line":40,"column":null}},"18":{"start":{"line":40,"column":30},"end":{"line":40,"column":53}},"19":{"start":{"line":42,"column":6},"end":{"line":42,"column":null}},"20":{"start":{"line":43,"column":6},"end":{"line":43,"column":null}},"21":{"start":{"line":46,"column":6},"end":{"line":46,"column":null}},"22":{"start":{"line":50,"column":2},"end":{"line":101,"column":null}},"23":{"start":{"line":61,"column":29},"end":{"line":61,"column":null}},"24":{"start":{"line":67,"column":29},"end":{"line":67,"column":null}},"25":{"start":{"line":83,"column":12},"end":{"line":97,"column":null}}},"fnMap":{"0":{"name":"CommentsSection","decl":{"start":{"line":16,"column":16},"end":{"line":16,"column":32}},"loc":{"start":{"line":16,"column":70},"end":{"line":103,"column":null}},"line":16},"1":{"name":"(anonymous_1)","decl":{"start":{"line":22,"column":2},"end":{"line":22,"column":18}},"loc":{"start":{"line":22,"column":18},"end":{"line":27,"column":5}},"line":22},"2":{"name":"(anonymous_2)","decl":{"start":{"line":24,"column":7},"end":{"line":24,"column":13}},"loc":{"start":{"line":24,"column":19},"end":{"line":24,"column":27}},"line":24},"3":{"name":"(anonymous_3)","decl":{"start":{"line":25,"column":7},"end":{"line":25,"column":13}},"loc":{"start":{"line":25,"column":19},"end":{"line":25,"column":42}},"line":25},"4":{"name":"(anonymous_4)","decl":{"start":{"line":26,"column":7},"end":{"line":26,"column":19}},"loc":{"start":{"line":26,"column":19},"end":{"line":26,"column":21}},"line":26},"5":{"name":"(anonymous_5)","decl":{"start":{"line":29,"column":29},"end":{"line":29,"column":41}},"loc":{"start":{"line":29,"column":41},"end":{"line":48,"column":5}},"line":29},"6":{"name":"(anonymous_6)","decl":{"start":{"line":40,"column":8},"end":{"line":40,"column":21}},"loc":{"start":{"line":40,"column":30},"end":{"line":40,"column":53}},"line":40},"7":{"name":"(anonymous_7)","decl":{"start":{"line":61,"column":12},"end":{"line":61,"column":23}},"loc":{"start":{"line":61,"column":29},"end":{"line":61,"column":null}},"line":61},"8":{"name":"(anonymous_8)","decl":{"start":{"line":67,"column":12},"end":{"line":67,"column":23}},"loc":{"start":{"line":67,"column":29},"end":{"line":67,"column":null}},"line":67},"9":{"name":"(anonymous_9)","decl":{"start":{"line":82,"column":20},"end":{"line":82,"column":25}},"loc":{"start":{"line":83,"column":12},"end":{"line":97,"column":null}},"line":83}},"branchMap":{"0":{"loc":{"start":{"line":30,"column":4},"end":{"line":30,"column":null}},"type":"if","locations":[{"start":{"line":30,"column":4},"end":{"line":30,"column":null}},{"start":{},"end":{}}],"line":30},"1":{"loc":{"start":{"line":30,"column":8},"end":{"line":30,"column":61}},"type":"binary-expr","locations":[{"start":{"line":30,"column":8},"end":{"line":30,"column":30}},{"start":{"line":30,"column":30},"end":{"line":30,"column":49}},{"start":{"line":30,"column":49},"end":{"line":30,"column":61}}],"line":30},"2":{"loc":{"start":{"line":39,"column":6},"end":{"line":41,"column":null}},"type":"if","locations":[{"start":{"line":39,"column":6},"end":{"line":41,"column":null}},{"start":{},"end":{}}],"line":39},"3":{"loc":{"start":{"line":72,"column":22},"end":{"line":72,"column":null}},"type":"binary-expr","locations":[{"start":{"line":72,"column":22},"end":{"line":72,"column":36}},{"start":{"line":72,"column":36},"end":{"line":72,"column":58}},{"start":{"line":72,"column":58},"end":{"line":72,"column":null}}],"line":72},"4":{"loc":{"start":{"line":76,"column":13},"end":{"line":76,"column":null}},"type":"cond-expr","locations":[{"start":{"line":76,"column":26},"end":{"line":76,"column":39}},{"start":{"line":76,"column":39},"end":{"line":76,"column":null}}],"line":76},"5":{"loc":{"start":{"line":80,"column":7},"end":{"line":99,"column":null}},"type":"binary-expr","locations":[{"start":{"line":80,"column":7},"end":{"line":80,"column":null}},{"start":{"line":81,"column":8},"end":{"line":99,"column":null}}],"line":80}},"s":{"0":1,"1":24,"2":24,"3":24,"4":24,"5":24,"6":3,"7":3,"8":3,"9":24,"10":1,"11":0,"12":1,"13":1,"14":1,"15":1,"16":1,"17":1,"18":1,"19":1,"20":1,"21":1,"22":24,"23":3,"24":13,"25":2},"f":{"0":24,"1":3,"2":3,"3":3,"4":0,"5":1,"6":1,"7":3,"8":13,"9":2},"b":{"0":[0,1],"1":[1,1,1],"2":[1,0],"3":[24,23,16],"4":[1,23],"5":[24,2]},"meta":{"lastBranch":6,"lastFunction":10,"lastStatement":26,"seen":{"s:1:0:1:Infinity":0,"f:16:16:16:32":0,"s:17:34:17:Infinity":1,"s:18:38:18:Infinity":2,"s:19:32:19:Infinity":3,"s:20:38:20:Infinity":4,"s:22:2:27:Infinity":5,"f:22:2:22:18":1,"s:23:4:26:Infinity":6,"f:24:7:24:13":2,"s:24:19:24:27":7,"f:25:7:25:13":3,"s:25:19:25:42":8,"f:26:7:26:19":4,"s:29:17:48:Infinity":9,"f:29:29:29:41":5,"b:30:4:30:Infinity:undefined:undefined:undefined:undefined":0,"s:30:4:30:Infinity":10,"b:30:8:30:30:30:30:30:49:30:49:30:61":1,"s:30:61:30:Infinity":11,"s:31:4:31:Infinity":12,"s:32:4:47:Infinity":13,"s:33:18:37:Infinity":14,"s:38:19:38:Infinity":15,"b:39:6:41:Infinity:undefined:undefined:undefined:undefined":2,"s:39:6:41:Infinity":16,"s:40:8:40:Infinity":17,"f:40:8:40:21":6,"s:40:30:40:53":18,"s:42:6:42:Infinity":19,"s:43:6:43:Infinity":20,"s:46:6:46:Infinity":21,"s:50:2:101:Infinity":22,"f:61:12:61:23":7,"s:61:29:61:Infinity":23,"f:67:12:67:23":8,"s:67:29:67:Infinity":24,"b:72:22:72:36:72:36:72:58:72:58:72:Infinity":3,"b:76:26:76:39:76:39:76:Infinity":4,"b:80:7:80:Infinity:81:8:99:Infinity":5,"f:82:20:82:25":9,"s:83:12:97:Infinity":25},"fnNames":{}}}
,"/home/rey/Porte-folio/components/like-button.tsx": {"path":"/home/rey/Porte-folio/components/like-button.tsx","statementMap":{"0":{"start":{"line":1,"column":0},"end":{"line":1,"column":null}},"1":{"start":{"line":7,"column":2},"end":{"line":7,"column":null}},"2":{"start":{"line":7,"column":37},"end":{"line":7,"column":null}},"3":{"start":{"line":8,"column":12},"end":{"line":8,"column":null}},"4":{"start":{"line":9,"column":2},"end":{"line":12,"column":null}},"5":{"start":{"line":10,"column":4},"end":{"line":10,"column":null}},"6":{"start":{"line":11,"column":4},"end":{"line":11,"column":null}},"7":{"start":{"line":13,"column":2},"end":{"line":13,"column":null}},"8":{"start":{"line":17,"column":28},"end":{"line":17,"column":null}},"9":{"start":{"line":18,"column":32},"end":{"line":18,"column":null}},"10":{"start":{"line":20,"column":2},"end":{"line":26,"column":null}},"11":{"start":{"line":21,"column":16},"end":{"line":21,"column":null}},"12":{"start":{"line":22,"column":4},"end":{"line":25,"column":null}},"13":{"start":{"line":23,"column":19},"end":{"line":23,"column":27}},"14":{"start":{"line":24,"column":19},"end":{"line":24,"column":36}},"15":{"start":{"line":28,"column":17},"end":{"line":44,"column":null}},"16":{"start":{"line":29,"column":4},"end":{"line":29,"column":null}},"17":{"start":{"line":29,"column":17},"end":{"line":29,"column":null}},"18":{"start":{"line":30,"column":4},"end":{"line":30,"column":null}},"19":{"start":{"line":31,"column":16},"end":{"line":31,"column":null}},"20":{"start":{"line":32,"column":4},"end":{"line":43,"column":null}},"21":{"start":{"line":33,"column":18},"end":{"line":37,"column":null}},"22":{"start":{"line":38,"column":16},"end":{"line":38,"column":null}},"23":{"start":{"line":39,"column":6},"end":{"line":39,"column":null}},"24":{"start":{"line":42,"column":6},"end":{"line":42,"column":null}},"25":{"start":{"line":46,"column":2},"end":{"line":59,"column":null}}},"fnMap":{"0":{"name":"getOrCreateSession","decl":{"start":{"line":6,"column":9},"end":{"line":6,"column":38}},"loc":{"start":{"line":6,"column":38},"end":{"line":14,"column":null}},"line":6},"1":{"name":"LikeButton","decl":{"start":{"line":16,"column":16},"end":{"line":16,"column":27}},"loc":{"start":{"line":16,"column":65},"end":{"line":61,"column":null}},"line":16},"2":{"name":"(anonymous_2)","decl":{"start":{"line":20,"column":2},"end":{"line":20,"column":18}},"loc":{"start":{"line":20,"column":18},"end":{"line":26,"column":5}},"line":20},"3":{"name":"(anonymous_3)","decl":{"start":{"line":23,"column":7},"end":{"line":23,"column":13}},"loc":{"start":{"line":23,"column":19},"end":{"line":23,"column":27}},"line":23},"4":{"name":"(anonymous_4)","decl":{"start":{"line":24,"column":7},"end":{"line":24,"column":13}},"loc":{"start":{"line":24,"column":19},"end":{"line":24,"column":36}},"line":24},"5":{"name":"(anonymous_5)","decl":{"start":{"line":25,"column":7},"end":{"line":25,"column":19}},"loc":{"start":{"line":25,"column":19},"end":{"line":25,"column":21}},"line":25},"6":{"name":"(anonymous_6)","decl":{"start":{"line":28,"column":29},"end":{"line":28,"column":41}},"loc":{"start":{"line":28,"column":41},"end":{"line":44,"column":5}},"line":28}},"branchMap":{"0":{"loc":{"start":{"line":7,"column":2},"end":{"line":7,"column":null}},"type":"if","locations":[{"start":{"line":7,"column":2},"end":{"line":7,"column":null}},{"start":{},"end":{}}],"line":7},"1":{"loc":{"start":{"line":9,"column":2},"end":{"line":12,"column":null}},"type":"if","locations":[{"start":{"line":9,"column":2},"end":{"line":12,"column":null}},{"start":{},"end":{}}],"line":9},"2":{"loc":{"start":{"line":29,"column":4},"end":{"line":29,"column":null}},"type":"if","locations":[{"start":{"line":29,"column":4},"end":{"line":29,"column":null}},{"start":{},"end":{}}],"line":29},"3":{"loc":{"start":{"line":55,"column":10},"end":{"line":55,"column":null}},"type":"cond-expr","locations":[{"start":{"line":55,"column":18},"end":{"line":55,"column":48}},{"start":{"line":55,"column":48},"end":{"line":55,"column":null}}],"line":55},"4":{"loc":{"start":{"line":58,"column":7},"end":{"line":58,"column":null}},"type":"cond-expr","locations":[{"start":{"line":58,"column":15},"end":{"line":58,"column":24}},{"start":{"line":58,"column":24},"end":{"line":58,"column":null}}],"line":58}},"s":{"0":1,"1":5,"2":0,"3":5,"4":5,"5":3,"6":3,"7":5,"8":10,"9":10,"10":10,"11":3,"12":3,"13":3,"14":3,"15":10,"16":2,"17":0,"18":2,"19":2,"20":2,"21":2,"22":2,"23":2,"24":2,"25":10},"f":{"0":5,"1":10,"2":3,"3":3,"4":3,"5":0,"6":2},"b":{"0":[0,5],"1":[3,2],"2":[0,2],"3":[3,7],"4":[3,7]},"meta":{"lastBranch":5,"lastFunction":7,"lastStatement":26,"seen":{"s:1:0:1:Infinity":0,"f:6:9:6:38":0,"b:7:2:7:Infinity:undefined:undefined:undefined:undefined":0,"s:7:2:7:Infinity":1,"s:7:37:7:Infinity":2,"s:8:12:8:Infinity":3,"b:9:2:12:Infinity:undefined:undefined:undefined:undefined":1,"s:9:2:12:Infinity":4,"s:10:4:10:Infinity":5,"s:11:4:11:Infinity":6,"s:13:2:13:Infinity":7,"f:16:16:16:27":1,"s:17:28:17:Infinity":8,"s:18:32:18:Infinity":9,"s:20:2:26:Infinity":10,"f:20:2:20:18":2,"s:21:16:21:Infinity":11,"s:22:4:25:Infinity":12,"f:23:7:23:13":3,"s:23:19:23:27":13,"f:24:7:24:13":4,"s:24:19:24:36":14,"f:25:7:25:19":5,"s:28:17:44:Infinity":15,"f:28:29:28:41":6,"b:29:4:29:Infinity:undefined:undefined:undefined:undefined":2,"s:29:4:29:Infinity":16,"s:29:17:29:Infinity":17,"s:30:4:30:Infinity":18,"s:31:16:31:Infinity":19,"s:32:4:43:Infinity":20,"s:33:18:37:Infinity":21,"s:38:16:38:Infinity":22,"s:39:6:39:Infinity":23,"s:42:6:42:Infinity":24,"s:46:2:59:Infinity":25,"b:55:18:55:48:55:48:55:Infinity":3,"b:58:15:58:24:58:24:58:Infinity":4},"fnNames":{}}}
,"/home/rey/Porte-folio/components/page-header.tsx": {"path":"/home/rey/Porte-folio/components/page-header.tsx","statementMap":{"0":{"start":{"line":10,"column":2},"end":{"line":27,"column":null}}},"fnMap":{"0":{"name":"PageHeader","decl":{"start":{"line":1,"column":16},"end":{"line":1,"column":27}},"loc":{"start":{"line":9,"column":3},"end":{"line":29,"column":null}},"line":9}},"branchMap":{"0":{"loc":{"start":{"line":13,"column":9},"end":{"line":16,"column":null}},"type":"binary-expr","locations":[{"start":{"line":13,"column":9},"end":{"line":13,"column":null}},{"start":{"line":14,"column":10},"end":{"line":16,"column":null}}],"line":13},"1":{"loc":{"start":{"line":21,"column":9},"end":{"line":24,"column":null}},"type":"binary-expr","locations":[{"start":{"line":21,"column":9},"end":{"line":21,"column":null}},{"start":{"line":22,"column":10},"end":{"line":24,"column":null}}],"line":21}},"s":{"0":2},"f":{"0":2},"b":{"0":[2,1],"1":[2,1]},"meta":{"lastBranch":2,"lastFunction":1,"lastStatement":1,"seen":{"f:1:16:1:27":0,"s:10:2:27:Infinity":0,"b:13:9:13:Infinity:14:10:16:Infinity":0,"b:21:9:21:Infinity:22:10:24:Infinity":1},"fnNames":{}}}
,"/home/rey/Porte-folio/components/rdv-form.tsx": {"path":"/home/rey/Porte-folio/components/rdv-form.tsx","statementMap":{"0":{"start":{"line":1,"column":0},"end":{"line":1,"column":null}},"1":{"start":{"line":12,"column":39},"end":{"line":15,"column":null}},"2":{"start":{"line":17,"column":2},"end":{"line":32,"column":null}},"3":{"start":{"line":18,"column":4},"end":{"line":30,"column":null}},"4":{"start":{"line":34,"column":2},"end":{"line":119,"column":null}}},"fnMap":{"0":{"name":"RdvForm","decl":{"start":{"line":11,"column":16},"end":{"line":11,"column":26}},"loc":{"start":{"line":11,"column":26},"end":{"line":121,"column":null}},"line":11}},"branchMap":{"0":{"loc":{"start":{"line":17,"column":2},"end":{"line":32,"column":null}},"type":"if","locations":[{"start":{"line":17,"column":2},"end":{"line":32,"column":null}},{"start":{},"end":{}}],"line":17},"1":{"loc":{"start":{"line":46,"column":11},"end":{"line":47,"column":null}},"type":"binary-expr","locations":[{"start":{"line":46,"column":11},"end":{"line":46,"column":null}},{"start":{"line":47,"column":12},"end":{"line":47,"column":null}}],"line":46},"2":{"loc":{"start":{"line":61,"column":11},"end":{"line":62,"column":null}},"type":"binary-expr","locations":[{"start":{"line":61,"column":11},"end":{"line":61,"column":null}},{"start":{"line":62,"column":12},"end":{"line":62,"column":null}}],"line":61},"3":{"loc":{"start":{"line":103,"column":9},"end":{"line":104,"column":null}},"type":"binary-expr","locations":[{"start":{"line":103,"column":9},"end":{"line":103,"column":null}},{"start":{"line":104,"column":10},"end":{"line":104,"column":null}}],"line":103},"4":{"loc":{"start":{"line":108,"column":7},"end":{"line":111,"column":null}},"type":"binary-expr","locations":[{"start":{"line":108,"column":7},"end":{"line":108,"column":null}},{"start":{"line":109,"column":8},"end":{"line":111,"column":null}}],"line":108},"5":{"loc":{"start":{"line":116,"column":11},"end":{"line":116,"column":null}},"type":"cond-expr","locations":[{"start":{"line":116,"column":21},"end":{"line":116,"column":43}},{"start":{"line":116,"column":43},"end":{"line":116,"column":null}}],"line":116}},"s":{"0":1,"1":16,"2":16,"3":1,"4":11},"f":{"0":16},"b":{"0":[1,15],"1":[16,1],"2":[16,1],"3":[16,1],"4":[16,1],"5":[4,7]},"meta":{"lastBranch":6,"lastFunction":1,"lastStatement":5,"seen":{"s:1:0:1:Infinity":0,"f:11:16:11:26":0,"s:12:39:15:Infinity":1,"b:17:2:32:Infinity:undefined:undefined:undefined:undefined":0,"s:17:2:32:Infinity":2,"s:18:4:30:Infinity":3,"s:34:2:119:Infinity":4,"b:46:11:46:Infinity:47:12:47:Infinity":1,"b:61:11:61:Infinity:62:12:62:Infinity":2,"b:103:9:103:Infinity:104:10:104:Infinity":3,"b:108:7:108:Infinity:109:8:111:Infinity":4,"b:116:21:116:43:116:43:116:Infinity":5},"fnNames":{}}}
,"/home/rey/Porte-folio/components/safe-image.tsx": {"path":"/home/rey/Porte-folio/components/safe-image.tsx","statementMap":{"0":{"start":{"line":1,"column":0},"end":{"line":1,"column":null}},"1":{"start":{"line":27,"column":30},"end":{"line":27,"column":null}},"2":{"start":{"line":29,"column":2},"end":{"line":29,"column":null}},"3":{"start":{"line":29,"column":22},"end":{"line":29,"column":null}},"4":{"start":{"line":31,"column":2},"end":{"line":42,"column":null}},"5":{"start":{"line":41,"column":21},"end":{"line":41,"column":null}}},"fnMap":{"0":{"name":"SafeImage","decl":{"start":{"line":17,"column":16},"end":{"line":17,"column":26}},"loc":{"start":{"line":26,"column":19},"end":{"line":44,"column":null}},"line":26},"1":{"name":"(anonymous_1)","decl":{"start":{"line":41,"column":6},"end":{"line":41,"column":21}},"loc":{"start":{"line":41,"column":21},"end":{"line":41,"column":null}},"line":41}},"branchMap":{"0":{"loc":{"start":{"line":20,"column":2},"end":{"line":20,"column":null}},"type":"default-arg","locations":[{"start":{"line":20,"column":14},"end":{"line":20,"column":null}}],"line":20},"1":{"loc":{"start":{"line":29,"column":2},"end":{"line":29,"column":null}},"type":"if","locations":[{"start":{"line":29,"column":2},"end":{"line":29,"column":null}},{"start":{},"end":{}}],"line":29},"2":{"loc":{"start":{"line":29,"column":6},"end":{"line":29,"column":22}},"type":"binary-expr","locations":[{"start":{"line":29,"column":6},"end":{"line":29,"column":14}},{"start":{"line":29,"column":14},"end":{"line":29,"column":22}}],"line":29}},"s":{"0":4,"1":8,"2":8,"3":2,"4":6,"5":1},"f":{"0":8,"1":1},"b":{"0":[8],"1":[2,6],"2":[8,7]},"meta":{"lastBranch":3,"lastFunction":2,"lastStatement":6,"seen":{"s:1:0:1:Infinity":0,"f:17:16:17:26":0,"b:20:14:20:Infinity":0,"s:27:30:27:Infinity":1,"b:29:2:29:Infinity:undefined:undefined:undefined:undefined":1,"s:29:2:29:Infinity":2,"b:29:6:29:14:29:14:29:22":2,"s:29:22:29:Infinity":3,"s:31:2:42:Infinity":4,"f:41:6:41:21":1,"s:41:21:41:Infinity":5},"fnNames":{}}}
,"/home/rey/Porte-folio/components/share-article.tsx": {"path":"/home/rey/Porte-folio/components/share-article.tsx","statementMap":{"0":{"start":{"line":1,"column":0},"end":{"line":1,"column":null}},"1":{"start":{"line":7,"column":2},"end":{"line":10,"column":null}},"2":{"start":{"line":15,"column":2},"end":{"line":18,"column":null}},"3":{"start":{"line":23,"column":2},"end":{"line":26,"column":null}},"4":{"start":{"line":31,"column":26},"end":{"line":31,"column":null}},"5":{"start":{"line":32,"column":30},"end":{"line":32,"column":null}},"6":{"start":{"line":33,"column":14},"end":{"line":33,"column":null}},"7":{"start":{"line":35,"column":2},"end":{"line":43,"column":null}},"8":{"start":{"line":37,"column":6},"end":{"line":39,"column":null}},"9":{"start":{"line":38,"column":8},"end":{"line":38,"column":null}},"10":{"start":{"line":41,"column":4},"end":{"line":41,"column":null}},"11":{"start":{"line":41,"column":14},"end":{"line":41,"column":null}},"12":{"start":{"line":42,"column":4},"end":{"line":42,"column":null}},"13":{"start":{"line":42,"column":17},"end":{"line":42,"column":null}},"14":{"start":{"line":45,"column":21},"end":{"line":45,"column":null}},"15":{"start":{"line":46,"column":23},"end":{"line":46,"column":null}},"16":{"start":{"line":48,"column":16},"end":{"line":67,"column":null}},"17":{"start":{"line":70,"column":4},"end":{"line":70,"column":null}},"18":{"start":{"line":71,"column":4},"end":{"line":71,"column":null}},"19":{"start":{"line":72,"column":4},"end":{"line":72,"column":null}},"20":{"start":{"line":72,"column":21},"end":{"line":72,"column":39}},"21":{"start":{"line":75,"column":2},"end":{"line":115,"column":null}},"22":{"start":{"line":79,"column":23},"end":{"line":79,"column":null}},"23":{"start":{"line":89,"column":12},"end":{"line":99,"column":null}},"24":{"start":{"line":94,"column":29},"end":{"line":94,"column":null}}},"fnMap":{"0":{"name":"FacebookIcon","decl":{"start":{"line":6,"column":9},"end":{"line":6,"column":22}},"loc":{"start":{"line":6,"column":61},"end":{"line":12,"column":null}},"line":6},"1":{"name":"XIcon","decl":{"start":{"line":14,"column":9},"end":{"line":14,"column":15}},"loc":{"start":{"line":14,"column":54},"end":{"line":20,"column":null}},"line":14},"2":{"name":"WhatsAppIcon","decl":{"start":{"line":22,"column":9},"end":{"line":22,"column":22}},"loc":{"start":{"line":22,"column":61},"end":{"line":28,"column":null}},"line":22},"3":{"name":"ShareArticle","decl":{"start":{"line":30,"column":16},"end":{"line":30,"column":29}},"loc":{"start":{"line":30,"column":77},"end":{"line":117,"column":null}},"line":30},"4":{"name":"(anonymous_4)","decl":{"start":{"line":35,"column":2},"end":{"line":35,"column":18}},"loc":{"start":{"line":35,"column":18},"end":{"line":43,"column":5}},"line":35},"5":{"name":"handleClick","decl":{"start":{"line":36,"column":13},"end":{"line":36,"column":25}},"loc":{"start":{"line":36,"column":40},"end":{"line":40,"column":null}},"line":36},"6":{"name":"(anonymous_6)","decl":{"start":{"line":42,"column":4},"end":{"line":42,"column":17}},"loc":{"start":{"line":42,"column":17},"end":{"line":42,"column":null}},"line":42},"7":{"name":"copyLink","decl":{"start":{"line":69,"column":17},"end":{"line":69,"column":28}},"loc":{"start":{"line":69,"column":28},"end":{"line":73,"column":null}},"line":69},"8":{"name":"(anonymous_8)","decl":{"start":{"line":72,"column":4},"end":{"line":72,"column":21}},"loc":{"start":{"line":72,"column":21},"end":{"line":72,"column":39}},"line":72},"9":{"name":"(anonymous_9)","decl":{"start":{"line":79,"column":8},"end":{"line":79,"column":23}},"loc":{"start":{"line":79,"column":23},"end":{"line":79,"column":null}},"line":79},"10":{"name":"(anonymous_10)","decl":{"start":{"line":88,"column":17},"end":{"line":88,"column":22}},"loc":{"start":{"line":89,"column":12},"end":{"line":99,"column":null}},"line":89},"11":{"name":"(anonymous_11)","decl":{"start":{"line":94,"column":14},"end":{"line":94,"column":29}},"loc":{"start":{"line":94,"column":29},"end":{"line":94,"column":null}},"line":94}},"branchMap":{"0":{"loc":{"start":{"line":37,"column":6},"end":{"line":39,"column":null}},"type":"if","locations":[{"start":{"line":37,"column":6},"end":{"line":39,"column":null}},{"start":{},"end":{}}],"line":37},"1":{"loc":{"start":{"line":37,"column":10},"end":{"line":37,"column":66}},"type":"binary-expr","locations":[{"start":{"line":37,"column":10},"end":{"line":37,"column":25}},{"start":{"line":37,"column":25},"end":{"line":37,"column":66}}],"line":37},"2":{"loc":{"start":{"line":41,"column":4},"end":{"line":41,"column":null}},"type":"if","locations":[{"start":{"line":41,"column":4},"end":{"line":41,"column":null}},{"start":{},"end":{}}],"line":41},"3":{"loc":{"start":{"line":86,"column":7},"end":{"line":115,"column":null}},"type":"binary-expr","locations":[{"start":{"line":86,"column":7},"end":{"line":86,"column":null}},{"start":{"line":87,"column":8},"end":{"line":115,"column":null}}],"line":86},"4":{"loc":{"start":{"line":106,"column":13},"end":{"line":111,"column":22}},"type":"cond-expr","locations":[{"start":{"line":107,"column":14},"end":{"line":109,"column":15}},{"start":{"line":109,"column":14},"end":{"line":111,"column":22}}],"line":106},"5":{"loc":{"start":{"line":111,"column":13},"end":{"line":111,"column":null}},"type":"cond-expr","locations":[{"start":{"line":111,"column":22},"end":{"line":111,"column":37}},{"start":{"line":111,"column":37},"end":{"line":111,"column":null}}],"line":111}},"s":{"0":1,"1":4,"2":4,"3":4,"4":7,"5":7,"6":7,"7":7,"8":1,"9":0,"10":6,"11":3,"12":6,"13":6,"14":7,"15":7,"16":7,"17":1,"18":1,"19":1,"20":0,"21":7,"22":3,"23":12,"24":0},"f":{"0":4,"1":4,"2":4,"3":7,"4":6,"5":1,"6":6,"7":1,"8":0,"9":3,"10":12,"11":0},"b":{"0":[0,1],"1":[1,1],"2":[3,3],"3":[7,4],"4":[1,3],"5":[1,3]},"meta":{"lastBranch":6,"lastFunction":12,"lastStatement":25,"seen":{"s:1:0:1:Infinity":0,"f:6:9:6:22":0,"s:7:2:10:Infinity":1,"f:14:9:14:15":1,"s:15:2:18:Infinity":2,"f:22:9:22:22":2,"s:23:2:26:Infinity":3,"f:30:16:30:29":3,"s:31:26:31:Infinity":4,"s:32:30:32:Infinity":5,"s:33:14:33:Infinity":6,"s:35:2:43:Infinity":7,"f:35:2:35:18":4,"f:36:13:36:25":5,"b:37:6:39:Infinity:undefined:undefined:undefined:undefined":0,"s:37:6:39:Infinity":8,"b:37:10:37:25:37:25:37:66":1,"s:38:8:38:Infinity":9,"b:41:4:41:Infinity:undefined:undefined:undefined:undefined":2,"s:41:4:41:Infinity":10,"s:41:14:41:Infinity":11,"s:42:4:42:Infinity":12,"f:42:4:42:17":6,"s:42:17:42:Infinity":13,"s:45:21:45:Infinity":14,"s:46:23:46:Infinity":15,"s:48:16:67:Infinity":16,"f:69:17:69:28":7,"s:70:4:70:Infinity":17,"s:71:4:71:Infinity":18,"s:72:4:72:Infinity":19,"f:72:4:72:21":8,"s:72:21:72:39":20,"s:75:2:115:Infinity":21,"f:79:8:79:23":9,"s:79:23:79:Infinity":22,"b:86:7:86:Infinity:87:8:115:Infinity":3,"f:88:17:88:22":10,"s:89:12:99:Infinity":23,"f:94:14:94:29":11,"s:94:29:94:Infinity":24,"b:107:14:109:15:109:14:111:22":4,"b:111:22:111:37:111:37:111:Infinity":5},"fnNames":{}}}
,"/home/rey/Porte-folio/components/site-footer.tsx": {"path":"/home/rey/Porte-folio/components/site-footer.tsx","statementMap":{"0":{"start":{"line":6,"column":2},"end":{"line":16,"column":null}},"1":{"start":{"line":21,"column":2},"end":{"line":97,"column":null}},"2":{"start":{"line":42,"column":14},"end":{"line":49,"column":null}}},"fnMap":{"0":{"name":"LinkedinIcon","decl":{"start":{"line":5,"column":9},"end":{"line":5,"column":22}},"loc":{"start":{"line":5,"column":61},"end":{"line":18,"column":null}},"line":5},"1":{"name":"SiteFooter","decl":{"start":{"line":20,"column":16},"end":{"line":20,"column":29}},"loc":{"start":{"line":20,"column":29},"end":{"line":99,"column":null}},"line":20},"2":{"name":"(anonymous_2)","decl":{"start":{"line":41,"column":22},"end":{"line":41,"column":27}},"loc":{"start":{"line":42,"column":14},"end":{"line":49,"column":null}},"line":42}},"branchMap":{},"s":{"0":3,"1":3,"2":18},"f":{"0":3,"1":3,"2":18},"b":{},"meta":{"lastBranch":0,"lastFunction":3,"lastStatement":3,"seen":{"f:5:9:5:22":0,"s:6:2:16:Infinity":0,"f:20:16:20:29":1,"s:21:2:97:Infinity":1,"f:41:22:41:27":2,"s:42:14:49:Infinity":2},"fnNames":{}}}
,"/home/rey/Porte-folio/components/site-header.tsx": {"path":"/home/rey/Porte-folio/components/site-header.tsx","statementMap":{"0":{"start":{"line":1,"column":0},"end":{"line":1,"column":null}},"1":{"start":{"line":12,"column":19},"end":{"line":12,"column":31}},"2":{"start":{"line":13,"column":17},"end":{"line":13,"column":27}},"3":{"start":{"line":14,"column":26},"end":{"line":14,"column":null}},"4":{"start":{"line":16,"column":2},"end":{"line":18,"column":null}},"5":{"start":{"line":17,"column":4},"end":{"line":17,"column":null}},"6":{"start":{"line":20,"column":2},"end":{"line":25,"column":null}},"7":{"start":{"line":21,"column":4},"end":{"line":21,"column":null}},"8":{"start":{"line":22,"column":4},"end":{"line":24,"column":null}},"9":{"start":{"line":23,"column":6},"end":{"line":23,"column":null}},"10":{"start":{"line":27,"column":2},"end":{"line":112,"column":null}},"11":{"start":{"line":34,"column":27},"end":{"line":34,"column":null}},"12":{"start":{"line":35,"column":33},"end":{"line":35,"column":null}},"13":{"start":{"line":48,"column":16},"end":{"line":50,"column":null}},"14":{"start":{"line":51,"column":14},"end":{"line":63,"column":null}},"15":{"start":{"line":80,"column":27},"end":{"line":80,"column":null}},"16":{"start":{"line":80,"column":42},"end":{"line":80,"column":44}},"17":{"start":{"line":93,"column":27},"end":{"line":93,"column":null}},"18":{"start":{"line":99,"column":16},"end":{"line":106,"column":null}},"19":{"start":{"line":102,"column":33},"end":{"line":102,"column":null}}},"fnMap":{"0":{"name":"SiteHeader","decl":{"start":{"line":11,"column":16},"end":{"line":11,"column":29}},"loc":{"start":{"line":11,"column":29},"end":{"line":114,"column":null}},"line":11},"1":{"name":"(anonymous_1)","decl":{"start":{"line":16,"column":2},"end":{"line":16,"column":18}},"loc":{"start":{"line":16,"column":18},"end":{"line":18,"column":5}},"line":16},"2":{"name":"(anonymous_2)","decl":{"start":{"line":20,"column":2},"end":{"line":20,"column":18}},"loc":{"start":{"line":20,"column":18},"end":{"line":25,"column":5}},"line":20},"3":{"name":"(anonymous_3)","decl":{"start":{"line":22,"column":4},"end":{"line":22,"column":17}},"loc":{"start":{"line":22,"column":17},"end":{"line":24,"column":null}},"line":22},"4":{"name":"(anonymous_4)","decl":{"start":{"line":34,"column":12},"end":{"line":34,"column":27}},"loc":{"start":{"line":34,"column":27},"end":{"line":34,"column":null}},"line":34},"5":{"name":"(anonymous_5)","decl":{"start":{"line":35,"column":12},"end":{"line":35,"column":33}},"loc":{"start":{"line":35,"column":33},"end":{"line":35,"column":null}},"line":35},"6":{"name":"(anonymous_6)","decl":{"start":{"line":46,"column":22},"end":{"line":46,"column":27}},"loc":{"start":{"line":46,"column":36},"end":{"line":65,"column":13}},"line":46},"7":{"name":"(anonymous_7)","decl":{"start":{"line":80,"column":12},"end":{"line":80,"column":27}},"loc":{"start":{"line":80,"column":27},"end":{"line":80,"column":null}},"line":80},"8":{"name":"(anonymous_8)","decl":{"start":{"line":80,"column":27},"end":{"line":80,"column":36}},"loc":{"start":{"line":80,"column":42},"end":{"line":80,"column":44}},"line":80},"9":{"name":"(anonymous_9)","decl":{"start":{"line":93,"column":12},"end":{"line":93,"column":27}},"loc":{"start":{"line":93,"column":27},"end":{"line":93,"column":null}},"line":93},"10":{"name":"(anonymous_10)","decl":{"start":{"line":98,"column":24},"end":{"line":98,"column":29}},"loc":{"start":{"line":99,"column":16},"end":{"line":106,"column":null}},"line":99},"11":{"name":"(anonymous_11)","decl":{"start":{"line":102,"column":18},"end":{"line":102,"column":33}},"loc":{"start":{"line":102,"column":33},"end":{"line":102,"column":null}},"line":102}},"branchMap":{"0":{"loc":{"start":{"line":21,"column":35},"end":{"line":21,"column":null}},"type":"cond-expr","locations":[{"start":{"line":21,"column":42},"end":{"line":21,"column":53}},{"start":{"line":21,"column":53},"end":{"line":21,"column":null}}],"line":21},"1":{"loc":{"start":{"line":48,"column":16},"end":{"line":50,"column":null}},"type":"cond-expr","locations":[{"start":{"line":49,"column":20},"end":{"line":49,"column":null}},{"start":{"line":50,"column":20},"end":{"line":50,"column":null}}],"line":48},"2":{"loc":{"start":{"line":57,"column":20},"end":{"line":59,"column":null}},"type":"cond-expr","locations":[{"start":{"line":58,"column":24},"end":{"line":58,"column":null}},{"start":{"line":59,"column":24},"end":{"line":59,"column":null}}],"line":57},"3":{"loc":{"start":{"line":81,"column":24},"end":{"line":81,"column":null}},"type":"cond-expr","locations":[{"start":{"line":81,"column":31},"end":{"line":81,"column":50}},{"start":{"line":81,"column":50},"end":{"line":81,"column":null}}],"line":81},"4":{"loc":{"start":{"line":84,"column":13},"end":{"line":84,"column":null}},"type":"cond-expr","locations":[{"start":{"line":84,"column":20},"end":{"line":84,"column":49}},{"start":{"line":84,"column":48},"end":{"line":84,"column":null}}],"line":84},"5":{"loc":{"start":{"line":89,"column":7},"end":{"line":112,"column":null}},"type":"binary-expr","locations":[{"start":{"line":89,"column":7},"end":{"line":89,"column":null}},{"start":{"line":90,"column":8},"end":{"line":112,"column":null}}],"line":89}},"s":{"0":1,"1":7,"2":7,"3":7,"4":7,"5":4,"6":7,"7":6,"8":6,"9":6,"10":7,"11":0,"12":0,"13":42,"14":42,"15":2,"16":2,"17":0,"18":12,"19":0},"f":{"0":7,"1":4,"2":6,"3":6,"4":0,"5":0,"6":42,"7":2,"8":2,"9":0,"10":12,"11":0},"b":{"0":[1,5],"1":[7,35],"2":[7,35],"3":[2,5],"4":[2,5],"5":[7,2]},"meta":{"lastBranch":6,"lastFunction":12,"lastStatement":20,"seen":{"s:1:0:1:Infinity":0,"f:11:16:11:29":0,"s:12:19:12:31":1,"s:13:17:13:27":2,"s:14:26:14:Infinity":3,"s:16:2:18:Infinity":4,"f:16:2:16:18":1,"s:17:4:17:Infinity":5,"s:20:2:25:Infinity":6,"f:20:2:20:18":2,"s:21:4:21:Infinity":7,"b:21:42:21:53:21:53:21:Infinity":0,"s:22:4:24:Infinity":8,"f:22:4:22:17":3,"s:23:6:23:Infinity":9,"s:27:2:112:Infinity":10,"f:34:12:34:27":4,"s:34:27:34:Infinity":11,"f:35:12:35:33":5,"s:35:33:35:Infinity":12,"f:46:22:46:27":6,"s:48:16:50:Infinity":13,"b:49:20:49:Infinity:50:20:50:Infinity":1,"s:51:14:63:Infinity":14,"b:58:24:58:Infinity:59:24:59:Infinity":2,"f:80:12:80:27":7,"s:80:27:80:Infinity":15,"f:80:27:80:36":8,"s:80:42:80:44":16,"b:81:31:81:50:81:50:81:Infinity":3,"b:84:20:84:49:84:48:84:Infinity":4,"b:89:7:89:Infinity:90:8:112:Infinity":5,"f:93:12:93:27":9,"s:93:27:93:Infinity":17,"f:98:24:98:29":10,"s:99:16:106:Infinity":18,"f:102:18:102:33":11,"s:102:33:102:Infinity":19},"fnNames":{}}}
,"/home/rey/Porte-folio/components/suggested-articles.tsx": {"path":"/home/rey/Porte-folio/components/suggested-articles.tsx","statementMap":{"0":{"start":{"line":8,"column":19},"end":{"line":8,"column":null}},"1":{"start":{"line":10,"column":2},"end":{"line":10,"column":null}},"2":{"start":{"line":10,"column":29},"end":{"line":10,"column":null}},"3":{"start":{"line":12,"column":2},"end":{"line":38,"column":null}},"4":{"start":{"line":34,"column":12},"end":{"line":34,"column":null}}},"fnMap":{"0":{"name":"SuggestedArticles","decl":{"start":{"line":7,"column":22},"end":{"line":7,"column":40}},"loc":{"start":{"line":7,"column":82},"end":{"line":40,"column":null}},"line":7},"1":{"name":"(anonymous_1)","decl":{"start":{"line":33,"column":20},"end":{"line":33,"column":25}},"loc":{"start":{"line":34,"column":12},"end":{"line":34,"column":null}},"line":34}},"branchMap":{"0":{"loc":{"start":{"line":10,"column":2},"end":{"line":10,"column":null}},"type":"if","locations":[{"start":{"line":10,"column":2},"end":{"line":10,"column":null}},{"start":{},"end":{}}],"line":10}},"s":{"0":2,"1":2,"2":1,"3":1,"4":1},"f":{"0":2,"1":1},"b":{"0":[1,1]},"meta":{"lastBranch":1,"lastFunction":2,"lastStatement":5,"seen":{"f:7:22:7:40":0,"s:8:19:8:Infinity":0,"b:10:2:10:Infinity:undefined:undefined:undefined:undefined":0,"s:10:2:10:Infinity":1,"s:10:29:10:Infinity":2,"s:12:2:38:Infinity":3,"f:33:20:33:25":1,"s:34:12:34:Infinity":4},"fnNames":{}}}
,"/home/rey/Porte-folio/components/track-view.tsx": {"path":"/home/rey/Porte-folio/components/track-view.tsx","statementMap":{"0":{"start":{"line":1,"column":0},"end":{"line":1,"column":null}},"1":{"start":{"line":6,"column":2},"end":{"line":12,"column":null}},"2":{"start":{"line":7,"column":4},"end":{"line":11,"column":null}},"3":{"start":{"line":14,"column":2},"end":{"line":14,"column":null}}},"fnMap":{"0":{"name":"TrackView","decl":{"start":{"line":5,"column":16},"end":{"line":5,"column":26}},"loc":{"start":{"line":5,"column":54},"end":{"line":15,"column":null}},"line":5},"1":{"name":"(anonymous_1)","decl":{"start":{"line":6,"column":2},"end":{"line":6,"column":18}},"loc":{"start":{"line":6,"column":18},"end":{"line":12,"column":5}},"line":6},"2":{"name":"(anonymous_2)","decl":{"start":{"line":11,"column":7},"end":{"line":11,"column":19}},"loc":{"start":{"line":11,"column":19},"end":{"line":11,"column":21}},"line":11}},"branchMap":{},"s":{"0":1,"1":2,"2":2,"3":2},"f":{"0":2,"1":2,"2":1},"b":{},"meta":{"lastBranch":0,"lastFunction":3,"lastStatement":4,"seen":{"s:1:0:1:Infinity":0,"f:5:16:5:26":0,"s:6:2:12:Infinity":1,"f:6:2:6:18":1,"s:7:4:11:Infinity":2,"f:11:7:11:19":2,"s:14:2:14:Infinity":3},"fnNames":{}}}
,"/home/rey/Porte-folio/components/admin/admin-header.tsx": {"path":"/home/rey/Porte-folio/components/admin/admin-header.tsx","statementMap":{"0":{"start":{"line":1,"column":0},"end":{"line":1,"column":null}},"1":{"start":{"line":7,"column":49},"end":{"line":14,"column":null}},"2":{"start":{"line":17,"column":19},"end":{"line":17,"column":31}},"3":{"start":{"line":19,"column":23},"end":{"line":25,"column":null}},"4":{"start":{"line":21,"column":6},"end":{"line":23,"column":null}},"5":{"start":{"line":27,"column":2},"end":{"line":52,"column":null}}},"fnMap":{"0":{"name":"AdminHeader","decl":{"start":{"line":16,"column":16},"end":{"line":16,"column":28}},"loc":{"start":{"line":16,"column":74},"end":{"line":54,"column":null}},"line":16},"1":{"name":"(anonymous_1)","decl":{"start":{"line":19,"column":56},"end":{"line":19,"column":null}},"loc":{"start":{"line":21,"column":6},"end":{"line":23,"column":null}},"line":21}},"branchMap":{"0":{"loc":{"start":{"line":21,"column":6},"end":{"line":23,"column":null}},"type":"cond-expr","locations":[{"start":{"line":22,"column":10},"end":{"line":22,"column":null}},{"start":{"line":23,"column":10},"end":{"line":23,"column":null}}],"line":21},"1":{"loc":{"start":{"line":21,"column":6},"end":{"line":21,"column":null}},"type":"binary-expr","locations":[{"start":{"line":21,"column":6},"end":{"line":21,"column":35}},{"start":{"line":21,"column":35},"end":{"line":21,"column":null}}],"line":21},"2":{"loc":{"start":{"line":43,"column":9},"end":{"line":49,"column":null}},"type":"binary-expr","locations":[{"start":{"line":43,"column":9},"end":{"line":43,"column":null}},{"start":{"line":44,"column":10},"end":{"line":49,"column":null}}],"line":43}},"s":{"0":1,"1":1,"2":5,"3":5,"4":30,"5":5},"f":{"0":5,"1":30},"b":{"0":[7,23],"1":[30,7],"2":[5,4]},"meta":{"lastBranch":3,"lastFunction":2,"lastStatement":6,"seen":{"s:1:0:1:Infinity":0,"s:7:49:14:Infinity":1,"f:16:16:16:28":0,"s:17:19:17:31":2,"s:19:23:25:Infinity":3,"f:19:56:19:Infinity":1,"s:21:6:23:Infinity":4,"b:22:10:22:Infinity:23:10:23:Infinity":0,"b:21:6:21:35:21:35:21:Infinity":1,"s:27:2:52:Infinity":5,"b:43:9:43:Infinity:44:10:49:Infinity":2},"fnNames":{}}}
,"/home/rey/Porte-folio/components/admin/admin-sidebar.tsx": {"path":"/home/rey/Porte-folio/components/admin/admin-sidebar.tsx","statementMap":{"0":{"start":{"line":1,"column":0},"end":{"line":1,"column":null}},"1":{"start":{"line":26,"column":14},"end":{"line":36,"column":null}},"2":{"start":{"line":39,"column":19},"end":{"line":39,"column":31}},"3":{"start":{"line":40,"column":17},"end":{"line":40,"column":27}},"4":{"start":{"line":41,"column":36},"end":{"line":41,"column":null}},"5":{"start":{"line":42,"column":42},"end":{"line":42,"column":null}},"6":{"start":{"line":44,"column":2},"end":{"line":47,"column":null}},"7":{"start":{"line":45,"column":18},"end":{"line":45,"column":null}},"8":{"start":{"line":46,"column":4},"end":{"line":46,"column":null}},"9":{"start":{"line":46,"column":26},"end":{"line":46,"column":null}},"10":{"start":{"line":49,"column":2},"end":{"line":51,"column":null}},"11":{"start":{"line":50,"column":4},"end":{"line":50,"column":null}},"12":{"start":{"line":53,"column":21},"end":{"line":59,"column":null}},"13":{"start":{"line":54,"column":4},"end":{"line":58,"column":null}},"14":{"start":{"line":55,"column":18},"end":{"line":55,"column":null}},"15":{"start":{"line":56,"column":19},"end":{"line":56,"column":null}},"16":{"start":{"line":57,"column":6},"end":{"line":57,"column":null}},"17":{"start":{"line":61,"column":2},"end":{"line":71,"column":null}},"18":{"start":{"line":62,"column":4},"end":{"line":62,"column":null}},"19":{"start":{"line":63,"column":29},"end":{"line":63,"column":43}},"20":{"start":{"line":64,"column":40},"end":{"line":64,"column":98}},"21":{"start":{"line":64,"column":84},"end":{"line":64,"column":98}},"22":{"start":{"line":65,"column":4},"end":{"line":65,"column":null}},"23":{"start":{"line":66,"column":4},"end":{"line":66,"column":null}},"24":{"start":{"line":67,"column":4},"end":{"line":70,"column":null}},"25":{"start":{"line":68,"column":6},"end":{"line":68,"column":null}},"26":{"start":{"line":69,"column":6},"end":{"line":69,"column":null}},"27":{"start":{"line":74,"column":4},"end":{"line":74,"column":null}},"28":{"start":{"line":75,"column":4},"end":{"line":75,"column":null}},"29":{"start":{"line":76,"column":4},"end":{"line":76,"column":null}},"30":{"start":{"line":80,"column":4},"end":{"line":150,"column":null}},"31":{"start":{"line":84,"column":25},"end":{"line":84,"column":null}},"32":{"start":{"line":102,"column":25},"end":{"line":102,"column":null}},"33":{"start":{"line":103,"column":23},"end":{"line":103,"column":null}},"34":{"start":{"line":104,"column":29},"end":{"line":104,"column":null}},"35":{"start":{"line":106,"column":10},"end":{"line":132,"column":null}},"36":{"start":{"line":153,"column":2},"end":{"line":172,"column":null}}},"fnMap":{"0":{"name":"AdminSidebar","decl":{"start":{"line":38,"column":16},"end":{"line":38,"column":29}},"loc":{"start":{"line":38,"column":100},"end":{"line":174,"column":null}},"line":38},"1":{"name":"(anonymous_1)","decl":{"start":{"line":44,"column":2},"end":{"line":44,"column":18}},"loc":{"start":{"line":44,"column":18},"end":{"line":47,"column":5}},"line":44},"2":{"name":"(anonymous_2)","decl":{"start":{"line":49,"column":2},"end":{"line":49,"column":18}},"loc":{"start":{"line":49,"column":18},"end":{"line":51,"column":5}},"line":49},"3":{"name":"(anonymous_3)","decl":{"start":{"line":53,"column":33},"end":{"line":53,"column":45}},"loc":{"start":{"line":53,"column":45},"end":{"line":59,"column":5}},"line":53},"4":{"name":"(anonymous_4)","decl":{"start":{"line":61,"column":2},"end":{"line":61,"column":18}},"loc":{"start":{"line":61,"column":18},"end":{"line":71,"column":5}},"line":61},"5":{"name":"handleFocus","decl":{"start":{"line":63,"column":13},"end":{"line":63,"column":27}},"loc":{"start":{"line":63,"column":27},"end":{"line":63,"column":null}},"line":63},"6":{"name":"handleVisibilityChange","decl":{"start":{"line":64,"column":13},"end":{"line":64,"column":38}},"loc":{"start":{"line":64,"column":38},"end":{"line":64,"column":null}},"line":64},"7":{"name":"(anonymous_7)","decl":{"start":{"line":67,"column":4},"end":{"line":67,"column":17}},"loc":{"start":{"line":67,"column":17},"end":{"line":70,"column":null}},"line":67},"8":{"name":"handleSignOut","decl":{"start":{"line":73,"column":17},"end":{"line":73,"column":33}},"loc":{"start":{"line":73,"column":33},"end":{"line":77,"column":null}},"line":73},"9":{"name":"(anonymous_9)","decl":{"start":{"line":84,"column":10},"end":{"line":84,"column":25}},"loc":{"start":{"line":84,"column":25},"end":{"line":84,"column":null}},"line":84},"10":{"name":"(anonymous_10)","decl":{"start":{"line":101,"column":15},"end":{"line":101,"column":20}},"loc":{"start":{"line":101,"column":29},"end":{"line":134,"column":9}},"line":101}},"branchMap":{"0":{"loc":{"start":{"line":46,"column":4},"end":{"line":46,"column":null}},"type":"if","locations":[{"start":{"line":46,"column":4},"end":{"line":46,"column":null}},{"start":{},"end":{}}],"line":46},"1":{"loc":{"start":{"line":64,"column":40},"end":{"line":64,"column":98}},"type":"if","locations":[{"start":{"line":64,"column":40},"end":{"line":64,"column":98}},{"start":{},"end":{}}],"line":64},"2":{"loc":{"start":{"line":86,"column":22},"end":{"line":86,"column":null}},"type":"cond-expr","locations":[{"start":{"line":86,"column":34},"end":{"line":86,"column":49}},{"start":{"line":86,"column":49},"end":{"line":86,"column":null}}],"line":86},"3":{"loc":{"start":{"line":88,"column":11},"end":{"line":88,"column":null}},"type":"cond-expr","locations":[{"start":{"line":88,"column":23},"end":{"line":88,"column":60}},{"start":{"line":88,"column":59},"end":{"line":88,"column":null}}],"line":88},"4":{"loc":{"start":{"line":102,"column":25},"end":{"line":102,"column":null}},"type":"cond-expr","locations":[{"start":{"line":102,"column":38},"end":{"line":102,"column":63}},{"start":{"line":102,"column":63},"end":{"line":102,"column":null}}],"line":102},"5":{"loc":{"start":{"line":103,"column":23},"end":{"line":103,"column":null}},"type":"cond-expr","locations":[{"start":{"line":103,"column":39},"end":{"line":103,"column":45}},{"start":{"line":103,"column":45},"end":{"line":103,"column":null}}],"line":103},"6":{"loc":{"start":{"line":104,"column":29},"end":{"line":104,"column":null}},"type":"cond-expr","locations":[{"start":{"line":104,"column":45},"end":{"line":104,"column":87}},{"start":{"line":104,"column":87},"end":{"line":104,"column":null}}],"line":104},"7":{"loc":{"start":{"line":114,"column":16},"end":{"line":114,"column":null}},"type":"cond-expr","locations":[{"start":{"line":114,"column":28},"end":{"line":114,"column":47}},{"start":{"line":114,"column":47},"end":{"line":114,"column":null}}],"line":114},"8":{"loc":{"start":{"line":115,"column":16},"end":{"line":117,"column":null}},"type":"cond-expr","locations":[{"start":{"line":116,"column":20},"end":{"line":116,"column":null}},{"start":{"line":117,"column":20},"end":{"line":117,"column":null}}],"line":115},"9":{"loc":{"start":{"line":119,"column":21},"end":{"line":119,"column":null}},"type":"cond-expr","locations":[{"start":{"line":119,"column":33},"end":{"line":119,"column":46}},{"start":{"line":119,"column":46},"end":{"line":119,"column":null}}],"line":119},"10":{"loc":{"start":{"line":121,"column":63},"end":{"line":121,"column":87}},"type":"binary-expr","locations":[{"start":{"line":121,"column":63},"end":{"line":121,"column":73}},{"start":{"line":121,"column":73},"end":{"line":121,"column":87}}],"line":121},"11":{"loc":{"start":{"line":122,"column":15},"end":{"line":132,"column":null}},"type":"binary-expr","locations":[{"start":{"line":122,"column":15},"end":{"line":122,"column":null}},{"start":{"line":123,"column":16},"end":{"line":132,"column":null}}],"line":122},"12":{"loc":{"start":{"line":125,"column":19},"end":{"line":130,"column":null}},"type":"binary-expr","locations":[{"start":{"line":125,"column":19},"end":{"line":125,"column":33}},{"start":{"line":125,"column":33},"end":{"line":125,"column":58}},{"start":{"line":125,"column":58},"end":{"line":125,"column":null}},{"start":{"line":126,"column":20},"end":{"line":130,"column":null}}],"line":125},"13":{"loc":{"start":{"line":126,"column":36},"end":{"line":126,"column":70}},"type":"cond-expr","locations":[{"start":{"line":126,"column":45},"end":{"line":126,"column":57}},{"start":{"line":126,"column":57},"end":{"line":126,"column":70}}],"line":126},"14":{"loc":{"start":{"line":142,"column":12},"end":{"line":142,"column":null}},"type":"cond-expr","locations":[{"start":{"line":142,"column":24},"end":{"line":142,"column":58}},{"start":{"line":142,"column":58},"end":{"line":142,"column":null}}],"line":142},"15":{"loc":{"start":{"line":144,"column":17},"end":{"line":144,"column":null}},"type":"cond-expr","locations":[{"start":{"line":144,"column":29},"end":{"line":144,"column":45}},{"start":{"line":144,"column":45},"end":{"line":144,"column":null}}],"line":144},"16":{"loc":{"start":{"line":147,"column":11},"end":{"line":148,"column":null}},"type":"binary-expr","locations":[{"start":{"line":147,"column":11},"end":{"line":147,"column":25}},{"start":{"line":147,"column":25},"end":{"line":148,"column":null}}],"line":147},"17":{"loc":{"start":{"line":159,"column":10},"end":{"line":159,"column":null}},"type":"cond-expr","locations":[{"start":{"line":159,"column":22},"end":{"line":159,"column":31}},{"start":{"line":159,"column":31},"end":{"line":159,"column":null}}],"line":159},"18":{"loc":{"start":{"line":166,"column":7},"end":{"line":172,"column":null}},"type":"binary-expr","locations":[{"start":{"line":166,"column":7},"end":{"line":166,"column":null}},{"start":{"line":167,"column":8},"end":{"line":172,"column":null}}],"line":166}},"s":{"0":1,"1":1,"2":11,"3":11,"4":11,"5":11,"6":11,"7":8,"8":8,"9":1,"10":11,"11":10,"12":11,"13":8,"14":8,"15":1,"16":1,"17":11,"18":8,"19":0,"20":0,"21":0,"22":8,"23":8,"24":8,"25":8,"26":8,"27":1,"28":1,"29":1,"30":11,"31":1,"32":99,"33":99,"34":99,"35":99,"36":11},"f":{"0":11,"1":8,"2":10,"3":8,"4":8,"5":0,"6":0,"7":8,"8":1,"9":1,"10":99},"b":{"0":[1,7],"1":[0,0],"2":[2,9],"3":[2,9],"4":[11,88],"5":[11,88],"6":[11,88],"7":[18,81],"8":[22,77],"9":[18,81],"10":[99,22],"11":[99,81],"12":[81,9,1,1],"13":[0,1],"14":[2,9],"15":[2,9],"16":[11,9],"17":[2,9],"18":[11,1]},"meta":{"lastBranch":19,"lastFunction":11,"lastStatement":37,"seen":{"s:1:0:1:Infinity":0,"s:26:14:36:Infinity":1,"f:38:16:38:29":0,"s:39:19:39:31":2,"s:40:17:40:27":3,"s:41:36:41:Infinity":4,"s:42:42:42:Infinity":5,"s:44:2:47:Infinity":6,"f:44:2:44:18":1,"s:45:18:45:Infinity":7,"b:46:4:46:Infinity:undefined:undefined:undefined:undefined":0,"s:46:4:46:Infinity":8,"s:46:26:46:Infinity":9,"s:49:2:51:Infinity":10,"f:49:2:49:18":2,"s:50:4:50:Infinity":11,"s:53:21:59:Infinity":12,"f:53:33:53:45":3,"s:54:4:58:Infinity":13,"s:55:18:55:Infinity":14,"s:56:19:56:Infinity":15,"s:57:6:57:Infinity":16,"s:61:2:71:Infinity":17,"f:61:2:61:18":4,"s:62:4:62:Infinity":18,"f:63:13:63:27":5,"s:63:29:63:43":19,"f:64:13:64:38":6,"b:64:40:64:98:undefined:undefined:undefined:undefined":1,"s:64:40:64:98":20,"s:64:84:64:98":21,"s:65:4:65:Infinity":22,"s:66:4:66:Infinity":23,"s:67:4:70:Infinity":24,"f:67:4:67:17":7,"s:68:6:68:Infinity":25,"s:69:6:69:Infinity":26,"f:73:17:73:33":8,"s:74:4:74:Infinity":27,"s:75:4:75:Infinity":28,"s:76:4:76:Infinity":29,"s:80:4:150:Infinity":30,"f:84:10:84:25":9,"s:84:25:84:Infinity":31,"b:86:34:86:49:86:49:86:Infinity":2,"b:88:23:88:60:88:59:88:Infinity":3,"f:101:15:101:20":10,"s:102:25:102:Infinity":32,"b:102:38:102:63:102:63:102:Infinity":4,"s:103:23:103:Infinity":33,"b:103:39:103:45:103:45:103:Infinity":5,"s:104:29:104:Infinity":34,"b:104:45:104:87:104:87:104:Infinity":6,"s:106:10:132:Infinity":35,"b:114:28:114:47:114:47:114:Infinity":7,"b:116:20:116:Infinity:117:20:117:Infinity":8,"b:119:33:119:46:119:46:119:Infinity":9,"b:121:63:121:73:121:73:121:87":10,"b:122:15:122:Infinity:123:16:132:Infinity":11,"b:125:19:125:33:125:33:125:58:125:58:125:Infinity:126:20:130:Infinity":12,"b:126:45:126:57:126:57:126:70":13,"b:142:24:142:58:142:58:142:Infinity":14,"b:144:29:144:45:144:45:144:Infinity":15,"b:147:11:147:25:147:25:148:Infinity":16,"s:153:2:172:Infinity":36,"b:159:22:159:31:159:31:159:Infinity":17,"b:166:7:166:Infinity:167:8:172:Infinity":18},"fnNames":{}}}
,"/home/rey/Porte-folio/components/admin/apropos-content-form.tsx": {"path":"/home/rey/Porte-folio/components/admin/apropos-content-form.tsx","statementMap":{"0":{"start":{"line":1,"column":0},"end":{"line":1,"column":null}},"1":{"start":{"line":30,"column":26},"end":{"line":30,"column":null}},"2":{"start":{"line":31,"column":27},"end":{"line":31,"column":null}},"3":{"start":{"line":32,"column":16},"end":{"line":32,"column":null}},"4":{"start":{"line":34,"column":2},"end":{"line":109,"column":null}},"5":{"start":{"line":37,"column":87},"end":{"line":37,"column":128}},"6":{"start":{"line":38,"column":81},"end":{"line":38,"column":119}},"7":{"start":{"line":39,"column":93},"end":{"line":39,"column":137}},"8":{"start":{"line":41,"column":77},"end":{"line":41,"column":114}},"9":{"start":{"line":42,"column":77},"end":{"line":42,"column":114}},"10":{"start":{"line":43,"column":68},"end":{"line":43,"column":100}},"11":{"start":{"line":45,"column":93},"end":{"line":45,"column":132}},"12":{"start":{"line":51,"column":14},"end":{"line":80,"column":null}},"13":{"start":{"line":56,"column":35},"end":{"line":56,"column":null}},"14":{"start":{"line":57,"column":20},"end":{"line":57,"column":null}},"15":{"start":{"line":58,"column":20},"end":{"line":58,"column":null}},"16":{"start":{"line":66,"column":35},"end":{"line":66,"column":null}},"17":{"start":{"line":67,"column":20},"end":{"line":67,"column":null}},"18":{"start":{"line":68,"column":20},"end":{"line":68,"column":null}},"19":{"start":{"line":75,"column":33},"end":{"line":75,"column":null}},"20":{"start":{"line":75,"column":89},"end":{"line":75,"column":96}},"21":{"start":{"line":85,"column":27},"end":{"line":85,"column":null}},"22":{"start":{"line":92,"column":71},"end":{"line":92,"column":105}},"23":{"start":{"line":94,"column":81},"end":{"line":94,"column":117}},"24":{"start":{"line":95,"column":72},"end":{"line":95,"column":107}},"25":{"start":{"line":102,"column":29},"end":{"line":102,"column":null}},"26":{"start":{"line":105,"column":31},"end":{"line":105,"column":43}},"27":{"start":{"line":114,"column":2},"end":{"line":122,"column":null}},"28":{"start":{"line":118,"column":49},"end":{"line":118,"column":75}},"29":{"start":{"line":120,"column":46},"end":{"line":120,"column":73}}},"fnMap":{"0":{"name":"AProposContentForm","decl":{"start":{"line":29,"column":16},"end":{"line":29,"column":35}},"loc":{"start":{"line":29,"column":68},"end":{"line":111,"column":null}},"line":29},"1":{"name":"(anonymous_1)","decl":{"start":{"line":37,"column":70},"end":{"line":37,"column":81}},"loc":{"start":{"line":37,"column":87},"end":{"line":37,"column":128}},"line":37},"2":{"name":"(anonymous_2)","decl":{"start":{"line":38,"column":64},"end":{"line":38,"column":75}},"loc":{"start":{"line":38,"column":81},"end":{"line":38,"column":119}},"line":38},"3":{"name":"(anonymous_3)","decl":{"start":{"line":39,"column":76},"end":{"line":39,"column":87}},"loc":{"start":{"line":39,"column":93},"end":{"line":39,"column":137}},"line":39},"4":{"name":"(anonymous_4)","decl":{"start":{"line":41,"column":60},"end":{"line":41,"column":71}},"loc":{"start":{"line":41,"column":77},"end":{"line":41,"column":114}},"line":41},"5":{"name":"(anonymous_5)","decl":{"start":{"line":42,"column":60},"end":{"line":42,"column":71}},"loc":{"start":{"line":42,"column":77},"end":{"line":42,"column":114}},"line":42},"6":{"name":"(anonymous_6)","decl":{"start":{"line":43,"column":51},"end":{"line":43,"column":62}},"loc":{"start":{"line":43,"column":68},"end":{"line":43,"column":100}},"line":43},"7":{"name":"(anonymous_7)","decl":{"start":{"line":45,"column":76},"end":{"line":45,"column":87}},"loc":{"start":{"line":45,"column":93},"end":{"line":45,"column":132}},"line":45},"8":{"name":"(anonymous_8)","decl":{"start":{"line":50,"column":25},"end":{"line":50,"column":30}},"loc":{"start":{"line":51,"column":14},"end":{"line":80,"column":null}},"line":51},"9":{"name":"(anonymous_9)","decl":{"start":{"line":55,"column":18},"end":{"line":55,"column":29}},"loc":{"start":{"line":55,"column":35},"end":{"line":59,"column":null}},"line":55},"10":{"name":"(anonymous_10)","decl":{"start":{"line":65,"column":18},"end":{"line":65,"column":29}},"loc":{"start":{"line":65,"column":35},"end":{"line":69,"column":null}},"line":65},"11":{"name":"(anonymous_11)","decl":{"start":{"line":75,"column":18},"end":{"line":75,"column":33}},"loc":{"start":{"line":75,"column":33},"end":{"line":75,"column":null}},"line":75},"12":{"name":"(anonymous_12)","decl":{"start":{"line":75,"column":72},"end":{"line":75,"column":80}},"loc":{"start":{"line":75,"column":89},"end":{"line":75,"column":96}},"line":75},"13":{"name":"(anonymous_13)","decl":{"start":{"line":85,"column":12},"end":{"line":85,"column":27}},"loc":{"start":{"line":85,"column":27},"end":{"line":85,"column":null}},"line":85},"14":{"name":"(anonymous_14)","decl":{"start":{"line":92,"column":54},"end":{"line":92,"column":65}},"loc":{"start":{"line":92,"column":71},"end":{"line":92,"column":105}},"line":92},"15":{"name":"(anonymous_15)","decl":{"start":{"line":94,"column":64},"end":{"line":94,"column":75}},"loc":{"start":{"line":94,"column":81},"end":{"line":94,"column":117}},"line":94},"16":{"name":"(anonymous_16)","decl":{"start":{"line":95,"column":55},"end":{"line":95,"column":66}},"loc":{"start":{"line":95,"column":72},"end":{"line":95,"column":107}},"line":95},"17":{"name":"(anonymous_17)","decl":{"start":{"line":102,"column":10},"end":{"line":102,"column":21}},"loc":{"start":{"line":102,"column":29},"end":{"line":102,"column":null}},"line":102},"18":{"name":"(anonymous_18)","decl":{"start":{"line":105,"column":16},"end":{"line":105,"column":31}},"loc":{"start":{"line":105,"column":31},"end":{"line":105,"column":43}},"line":105},"19":{"name":"Field","decl":{"start":{"line":113,"column":9},"end":{"line":113,"column":15}},"loc":{"start":{"line":113,"column":159},"end":{"line":124,"column":null}},"line":113},"20":{"name":"(anonymous_20)","decl":{"start":{"line":118,"column":32},"end":{"line":118,"column":43}},"loc":{"start":{"line":118,"column":49},"end":{"line":118,"column":75}},"line":118},"21":{"name":"(anonymous_21)","decl":{"start":{"line":120,"column":29},"end":{"line":120,"column":40}},"loc":{"start":{"line":120,"column":46},"end":{"line":120,"column":73}},"line":120}},"branchMap":{"0":{"loc":{"start":{"line":105,"column":53},"end":{"line":105,"column":71}},"type":"binary-expr","locations":[{"start":{"line":105,"column":53},"end":{"line":105,"column":63}},{"start":{"line":105,"column":63},"end":{"line":105,"column":71}}],"line":105},"1":{"loc":{"start":{"line":106,"column":11},"end":{"line":106,"column":null}},"type":"cond-expr","locations":[{"start":{"line":106,"column":20},"end":{"line":106,"column":42}},{"start":{"line":106,"column":42},"end":{"line":106,"column":null}}],"line":106},"2":{"loc":{"start":{"line":106,"column":42},"end":{"line":106,"column":null}},"type":"cond-expr","locations":[{"start":{"line":106,"column":50},"end":{"line":106,"column":66}},{"start":{"line":106,"column":66},"end":{"line":106,"column":null}}],"line":106},"3":{"loc":{"start":{"line":117,"column":7},"end":{"line":122,"column":null}},"type":"cond-expr","locations":[{"start":{"line":118,"column":8},"end":{"line":120,"column":9}},{"start":{"line":120,"column":8},"end":{"line":122,"column":null}}],"line":117},"4":{"loc":{"start":{"line":118,"column":81},"end":{"line":118,"column":93}},"type":"binary-expr","locations":[{"start":{"line":118,"column":81},"end":{"line":118,"column":89}},{"start":{"line":118,"column":89},"end":{"line":118,"column":93}}],"line":118}},"s":{"0":1,"1":24,"2":24,"3":24,"4":24,"5":1,"6":0,"7":1,"8":1,"9":1,"10":1,"11":2,"12":25,"13":1,"14":1,"15":1,"16":1,"17":1,"18":1,"19":1,"20":2,"21":1,"22":1,"23":1,"24":1,"25":1,"26":2,"27":240,"28":5,"29":5},"f":{"0":24,"1":1,"2":0,"3":1,"4":1,"5":1,"6":1,"7":2,"8":25,"9":1,"10":1,"11":1,"12":2,"13":1,"14":1,"15":1,"16":1,"17":1,"18":2,"19":240,"20":5,"21":5},"b":{"0":[24,22],"1":[2,22],"2":[17,5],"3":[144,96],"4":[144,0]},"meta":{"lastBranch":5,"lastFunction":22,"lastStatement":30,"seen":{"s:1:0:1:Infinity":0,"f:29:16:29:35":0,"s:30:26:30:Infinity":1,"s:31:27:31:Infinity":2,"s:32:16:32:Infinity":3,"s:34:2:109:Infinity":4,"f:37:70:37:81":1,"s:37:87:37:128":5,"f:38:64:38:75":2,"s:38:81:38:119":6,"f:39:76:39:87":3,"s:39:93:39:137":7,"f:41:60:41:71":4,"s:41:77:41:114":8,"f:42:60:42:71":5,"s:42:77:42:114":9,"f:43:51:43:62":6,"s:43:68:43:100":10,"f:45:76:45:87":7,"s:45:93:45:132":11,"f:50:25:50:30":8,"s:51:14:80:Infinity":12,"f:55:18:55:29":9,"s:56:35:56:Infinity":13,"s:57:20:57:Infinity":14,"s:58:20:58:Infinity":15,"f:65:18:65:29":10,"s:66:35:66:Infinity":16,"s:67:20:67:Infinity":17,"s:68:20:68:Infinity":18,"f:75:18:75:33":11,"s:75:33:75:Infinity":19,"f:75:72:75:80":12,"s:75:89:75:96":20,"f:85:12:85:27":13,"s:85:27:85:Infinity":21,"f:92:54:92:65":14,"s:92:71:92:105":22,"f:94:64:94:75":15,"s:94:81:94:117":23,"f:95:55:95:66":16,"s:95:72:95:107":24,"f:102:10:102:21":17,"s:102:29:102:Infinity":25,"f:105:16:105:31":18,"s:105:31:105:43":26,"b:105:53:105:63:105:63:105:71":0,"b:106:20:106:42:106:42:106:Infinity":1,"b:106:50:106:66:106:66:106:Infin
[...]
home/rey/Porte-folio/lib/focus-icons.ts","statementMap":{"0":{"start":{"line":25,"column":55},"end":{"line":46,"column":null}},"1":{"start":{"line":48,"column":32},"end":{"line":48,"column":null}},"2":{"start":{"line":51,"column":2},"end":{"line":51,"column":null}},"3":{"start":{"line":55,"column":2},"end":{"line":55,"column":null}},"4":{"start":{"line":55,"column":13},"end":{"line":55,"column":null}},"5":{"start":{"line":57,"column":16},"end":{"line":57,"column":null}},"6":{"start":{"line":58,"column":2},"end":{"line":58,"column":null}},"7":{"start":{"line":58,"column":13},"end":{"line":58,"column":null}},"8":{"start":{"line":60,"column":21},"end":{"line":60,"column":null}},"9":{"start":{"line":61,"column":2},"end":{"line":63,"column":null}},"10":{"start":{"line":62,"column":4},"end":{"line":62,"column":null}},"11":{"start":{"line":62,"column":47},"end":{"line":62,"column":null}},"12":{"start":{"line":65,"column":2},"end":{"line":65,"column":null}}},"fnMap":{"0":{"name":"normalizeIconName","decl":{"start":{"line":50,"column":9},"end":{"line":50,"column":27}},"loc":{"start":{"line":50,"column":41},"end":{"line":52,"column":null}},"line":50},"1":{"name":"getFocusIcon","decl":{"start":{"line":54,"column":16},"end":{"line":54,"column":29}},"loc":{"start":{"line":54,"column":55},"end":{"line":66,"column":null}},"line":54}},"branchMap":{"0":{"loc":{"start":{"line":55,"column":2},"end":{"line":55,"column":null}},"type":"if","locations":[{"start":{"line":55,"column":2},"end":{"line":55,"column":null}},{"start":{},"end":{}}],"line":55},"1":{"loc":{"start":{"line":58,"column":2},"end":{"line":58,"column":null}},"type":"if","locations":[{"start":{"line":58,"column":2},"end":{"line":58,"column":null}},{"start":{},"end":{}}],"line":58},"2":{"loc":{"start":{"line":62,"column":4},"end":{"line":62,"column":null}},"type":"if","locations":[{"start":{"line":62,"column":4},"end":{"line":62,"column":null}},{"start":{},"end":{}}],"line":62}},"s":{"0":3,"1":3,"2":29,"3":31,"4":2,"5":29,"6":29,"7":24,"8":5,"9":5,"10":24,"11":4,"12":1},"f":{"0":29,"1":31},"b":{"0":[2,29],"1":[24,5],"2":[4,20]},"meta":{"lastBranch":3,"lastFunction":2,"lastStatement":13,"seen":{"s:25:55:46:Infinity":0,"s:48:32:48:Infinity":1,"f:50:9:50:27":0,"s:51:2:51:Infinity":2,"f:54:16:54:29":1,"b:55:2:55:Infinity:undefined:undefined:undefined:undefined":0,"s:55:2:55:Infinity":3,"s:55:13:55:Infinity":4,"s:57:16:57:Infinity":5,"b:58:2:58:Infinity:undefined:undefined:undefined:undefined":1,"s:58:2:58:Infinity":6,"s:58:13:58:Infinity":7,"s:60:21:60:Infinity":8,"s:61:2:63:Infinity":9,"b:62:4:62:Infinity:undefined:undefined:undefined:undefined":2,"s:62:4:62:Infinity":10,"s:62:47:62:Infinity":11,"s:65:2:65:Infinity":12},"fnNames":{}}}
,"/home/rey/Porte-folio/lib/paste-to-markdown.ts": {"path":"/home/rey/Porte-folio/lib/paste-to-markdown.ts","statementMap":{"0":{"start":{"line":4,"column":38},"end":{"line":4,"column":null}},"1":{"start":{"line":7,"column":2},"end":{"line":7,"column":null}},"2":{"start":{"line":7,"column":13},"end":{"line":7,"column":null}},"3":{"start":{"line":8,"column":12},"end":{"line":8,"column":null}},"4":{"start":{"line":9,"column":2},"end":{"line":9,"column":null}},"5":{"start":{"line":9,"column":10},"end":{"line":9,"column":null}},"6":{"start":{"line":10,"column":16},"end":{"line":10,"column":null}},"7":{"start":{"line":11,"column":2},"end":{"line":11,"column":null}},"8":{"start":{"line":11,"column":13},"end":{"line":11,"column":null}},"9":{"start":{"line":12,"column":2},"end":{"line":12,"column":null}},"10":{"start":{"line":12,"column":35},"end":{"line":12,"column":null}},"11":{"start":{"line":13,"column":2},"end":{"line":13,"column":null}},"12":{"start":{"line":13,"column":35},"end":{"line":13,"column":null}},"13":{"start":{"line":14,"column":2},"end":{"line":14,"column":null}},"14":{"start":{"line":17,"column":20},"end":{"line":31,"column":null}},"15":{"start":{"line":34,"column":2},"end":{"line":34,"column":null}},"16":{"start":{"line":34,"column":15},"end":{"line":34,"column":null}},"17":{"start":{"line":36,"column":12},"end":{"line":43,"column":null}},"18":{"start":{"line":44,"column":2},"end":{"line":44,"column":null}},"19":{"start":{"line":46,"column":2},"end":{"line":52,"column":null}},"20":{"start":{"line":48,"column":6},"end":{"line":51,"column":null}},"21":{"start":{"line":54,"column":2},"end":{"line":69,"column":null}},"22":{"start":{"line":56,"column":6},"end":{"line":56,"column":null}},"23":{"start":{"line":56,"column":43},"end":{"line":56,"column":null}},"24":{"start":{"line":57,"column":12},"end":{"line":57,"column":null}},"25":{"start":{"line":58,"column":12},"end":{"line":58,"column":null}},"26":{"start":{"line":59,"column":6},"end":{"line":59,"column":null}},"27":{"start":{"line":62,"column":12},"end":{"line":62,"column":null}},"28":{"start":{"line":63,"column":12},"end":{"line":63,"column":null}},"29":{"start":{"line":64,"column":16},"end":{"line":64,"column":null}},"30":{"start":{"line":65,"column":6},"end":{"line":65,"column":null}},"31":{"start":{"line":65,"column":57},"end":{"line":65,"column":null}},"32":{"start":{"line":66,"column":6},"end":{"line":66,"column":null}},"33":{"start":{"line":66,"column":34},"end":{"line":66,"column":null}},"34":{"start":{"line":67,"column":6},"end":{"line":67,"column":null}},"35":{"start":{"line":71,"column":2},"end":{"line":83,"column":null}},"36":{"start":{"line":73,"column":6},"end":{"line":73,"column":null}},"37":{"start":{"line":73,"column":60},"end":{"line":73,"column":null}},"38":{"start":{"line":74,"column":23},"end":{"line":74,"column":null}},"39":{"start":{"line":75,"column":6},"end":{"line":75,"column":null}},"40":{"start":{"line":75,"column":35},"end":{"line":75,"column":67}},"41":{"start":{"line":78,"column":23},"end":{"line":78,"column":null}},"42":{"start":{"line":79,"column":17},"end":{"line":79,"column":null}},"43":{"start":{"line":79,"column":50},"end":{"line":79,"column":76}},"44":{"start":{"line":80,"column":20},"end":{"line":80,"column":null}},"45":{"start":{"line":81,"column":6},"end":{"line":81,"column":null}},"46":{"start":{"line":85,"column":2},"end":{"line":92,"column":null}},"47":{"start":{"line":87,"column":6},"end":{"line":87,"column":null}},"48":{"start":{"line":87,"column":35},"end":{"line":87,"column":null}},"49":{"start":{"line":88,"column":18},"end":{"line":88,"column":null}},"50":{"start":{"line":89,"column":6},"end":{"line":89,"column":null}},"51":{"start":{"line":91,"column":23},"end":{"line":91,"column":null}},"52":{"start":{"line":94,"column":2},"end":{"line":94,"column":null}},"53":{"start":{"line":95,"column":2},"end":{"line":95,"column":null}},"54":{"start":{"line":99,"column":2},"end":{"line":107,"column":null}},"55":{"start":{"line":111,"column":2},"end":{"line":111,"column":null}}},"fnMap":{"0":{"name":"parsePx","decl":{"start":{"line":6,"column":9},"end":{"line":6,"column":17}},"loc":{"start":{"line":6,"column":51},"end":{"line":15,"column":null}},"line":6},"1":{"name":"getService","decl":{"start":{"line":33,"column":9},"end":{"line":33,"column":39}},"loc":{"start":{"line":33,"column":39},"end":{"line":96,"column":null}},"line":33},"2":{"name":"(anonymous_2)","decl":{"start":{"line":46,"column":4},"end":{"line":46,"column":null}},"loc":{"start":{"line":48,"column":6},"end":{"line":51,"column":null}},"line":48},"3":{"name":"(anonymous_3)","decl":{"start":{"line":55,"column":4},"end":{"line":55,"column":13}},"loc":{"start":{"line":55,"column":22},"end":{"line":60,"column":null}},"line":55},"4":{"name":"(anonymous_4)","decl":{"start":{"line":61,"column":4},"end":{"line":61,"column":18}},"loc":{"start":{"line":61,"column":36},"end":{"line":68,"column":null}},"line":61},"5":{"name":"(anonymous_5)","decl":{"start":{"line":72,"column":4},"end":{"line":72,"column":13}},"loc":{"start":{"line":72,"column":22},"end":{"line":76,"column":null}},"line":72},"6":{"name":"(anonymous_6)","decl":{"start":{"line":75,"column":22},"end":{"line":75,"column":28}},"loc":{"start":{"line":75,"column":35},"end":{"line":75,"column":67}},"line":75},"7":{"name":"(anonymous_7)","decl":{"start":{"line":77,"column":4},"end":{"line":77,"column":18}},"loc":{"start":{"line":77,"column":36},"end":{"line":82,"column":null}},"line":77},"8":{"name":"(anonymous_8)","decl":{"start":{"line":79,"column":38},"end":{"line":79,"column":43}},"loc":{"start":{"line":79,"column":50},"end":{"line":79,"column":76}},"line":79},"9":{"name":"(anonymous_9)","decl":{"start":{"line":86,"column":4},"end":{"line":86,"column":13}},"loc":{"start":{"line":86,"column":22},"end":{"line":90,"column":null}},"line":86},"10":{"name":"(anonymous_10)","decl":{"start":{"line":91,"column":4},"end":{"line":91,"column":23}},"loc":{"start":{"line":91,"column":23},"end":{"line":91,"column":null}},"line":91},"11":{"name":"cleanWordHtml","decl":{"start":{"line":98,"column":9},"end":{"line":98,"column":23}},"loc":{"start":{"line":98,"column":45},"end":{"line":108,"column":null}},"line":98},"12":{"name":"htmlToMarkdown","decl":{"start":{"line":110,"column":16},"end":{"line":110,"column":31}},"loc":{"start":{"line":110,"column":53},"end":{"line":112,"column":null}},"line":110}},"branchMap":{"0":{"loc":{"start":{"line":7,"column":2},"end":{"line":7,"column":null}},"type":"if","locations":[{"start":{"line":7,"column":2},"end":{"line":7,"column":null}},{"start":{},"end":{}}],"line":7},"1":{"loc":{"start":{"line":9,"column":2},"end":{"line":9,"column":null}},"type":"if","locations":[{"start":{"line":9,"column":2},"end":{"line":9,"column":null}},{"start":{},"end":{}}],"line":9},"2":{"loc":{"start":{"line":11,"column":2},"end":{"line":11,"column":null}},"type":"if","locations":[{"start":{"line":11,"column":2},"end":{"line":11,"column":null}},{"start":{},"end":{}}],"line":11},"3":{"loc":{"start":{"line":12,"column":2},"end":{"line":12,"column":null}},"type":"if","locations":[{"start":{"line":12,"column":2},"end":{"line":12,"column":null}},{"start":{},"end":{}}],"line":12},"4":{"loc":{"start":{"line":13,"column":2},"end":{"line":13,"column":null}},"type":"if","locations":[{"start":{"line":13,"column":2},"end":{"line":13,"column":null}},{"start":{},"end":{}}],"line":13},"5":{"loc":{"start":{"line":34,"column":2},"end":{"line":34,"column":null}},"type":"if","locations":[{"start":{"line":34,"column":2},"end":{"line":34,"column":null}},{"start":{},"end":{}}],"line":34},"6":{"loc":{"start":{"line":48,"column":6},"end":{"line":51,"column":null}},"type":"binary-expr","locations":[{"start":{"line":48,"column":6},"end":{"line":48,"column":null}},{"start":{"line":49,"column":6},"end":{"line":49,"column":null}},{"start":{"line":50,"column":6},"end":{"line":50,"column":null}},{"start":{"line":51,"column":6},"end":{"line":51,"column":null}}],"line":48},"7":{"loc":{"start":{"line":56,"column":6},"end":{"line":56,"column":null}},"type":"if","locations":[{"start":{"line":56,"column":6},"end":{"line":56,"column":null}},{"start":{},"end":{}}],"line":56},"8":{"loc":{"start":{"line":57,"column":26},"end":{"line":57,"column":53}},"type":"binary-expr","locations":[{"start":{"line":57,"column":26},"end":{"line":57,"column":51}},{"start":{"line":57,"column":51},"end":{"line":57,"column":53}}],"line":57},"9":{"loc":{"start":{"line":58,"column":25},"end":{"line":58,"column":51}},"type":"binary-expr","locations":[{"start":{"line":58,"column":25},"end":{"line":58,"column":49}},{"start":{"line":58,"column":49},"end":{"line":58,"column":51}}],"line":58},"10":{"loc":{"start":{"line":59,"column":13},"end":{"line":59,"column":null}},"type":"binary-expr","locations":[{"start":{"line":59,"column":13},"end":{"line":59,"column":38}},{"start":{"line":59,"column":38},"end":{"line":59,"column":62}},{"start":{"line":59,"column":62},"end":{"line":59,"column":null}}],"line":59},"11":{"loc":{"start":{"line":62,"column":26},"end":{"line":62,"column":53}},"type":"binary-expr","locations":[{"start":{"line":62,"column":26},"end":{"line":62,"column":51}},{"start":{"line":62,"column":51},"end":{"line":62,"column":53}}],"line":62},"12":{"loc":{"start":{"line":63,"column":25},"end":{"line":63,"column":51}},"type":"binary-expr","locations":[{"start":{"line":63,"column":25},"end":{"line":63,"column":49}},{"start":{"line":63,"column":49},"end":{"line":63,"column":51}}],"line":63},"13":{"loc":{"start":{"line":65,"column":6},"end":{"line":65,"column":null}},"type":"if","locations":[{"start":{"line":65,"column":6},"end":{"line":65,"column":null}},{"start":{},"end":{}}],"line":65},"14":{"loc":{"start":{"line":65,"column":10},"end":{"line":65,"column":57}},"type":"binary-expr","locations":[{"start":{"line":65,"column":10},"end":{"line":65,"column":35}},{"start":{"line":65,"column":35},"end":{"line":65,"column":57}}],"line":65},"15":{"loc":{"start":{"line":66,"column":6},"end":{"line":66,"column":null}},"type":"if","locations":[{"start":{"line":66,"column":6},"end":{"line":66,"column":null}},{"start":{},"end":{}}],"line":66},"16":{"loc":{"start":{"line":73,"column":6},"end":{"line":73,"column":null}},"type":"if","locations":[{"start":{"line":73,"column":6},"end":{"line":73,"column":null}},{"start":{},"end":{}}],"line":73},"17":{"loc":{"start":{"line":73,"column":10},"end":{"line":73,"column":60}},"type":"binary-expr","locations":[{"start":{"line":73,"column":10},"end":{"line":73,"column":35}},{"start":{"line":73,"column":35},"end":{"line":73,"column":60}}],"line":73},"18":{"loc":{"start":{"line":80,"column":20},"end":{"line":80,"column":null}},"type":"cond-expr","locations":[{"start":{"line":80,"column":31},"end":{"line":80,"column":35}},{"start":{"line":80,"column":35},"end":{"line":80,"column":null}}],"line":80},"19":{"loc":{"start":{"line":80,"column":35},"end":{"line":80,"column":null}},"type":"cond-expr","locations":[{"start":{"line":80,"column":46},"end":{"line":80,"column":50}},{"start":{"line":80,"column":50},"end":{"line":80,"column":null}}],"line":80},"20":{"loc":{"start":{"line":87,"column":6},"end":{"line":87,"column":null}},"type":"if","locations":[{"start":{"line":87,"column":6},"end":{"line":87,"column":null}},{"start":{},"end":{}}],"line":87},"21":{"loc":{"start":{"line":88,"column":18},"end":{"line":88,"column":null}},"type":"binary-expr","locations":[{"start":{"line":88,"column":18},"end":{"line":88,"column":46}},{"start":{"line":88,"column":46},"end":{"line":88,"column":null}}],"line":88},"22":{"loc":{"start":{"line":89,"column":13},"end":{"line":89,"column":null}},"type":"binary-expr","locations":[{"start":{"line":89,"column":13},"end":{"line":89,"column":40}},{"start":{"line":89,"column":40},"end":{"line":89,"column":67}},{"start":{"line":89,"column":67},"end":{"line":89,"column":null}}],"line":89}},"s":{"0":3,"1":26,"2":20,"3":6,"4":6,"5":0,"6":6,"7":6,"8":0,"9":6,"10":2,"11":4,"12":2,"13":2,"14":3,"15":14,"16":12,"17":2,"18":2,"19":2,"20":2,"21":2,"22":34,"23":24,"24":10,"25":34,"26":34,"27":5,"28":5,"29":5,"30":5,"31":3,"32":5,"33":2,"34":5,"35":2,"36":37,"37":25,"38":12,"39":12,"40":22,"41":3,"42":3,"43":4,"44":3,"45":3,"46":2,"47":39,"48":36,"49":3,"50":39,"51":2,"52":2,"53":2,"54":14,"55":14},"f":{"0":26,"1":14,"2":2,"3":34,"4":5,"5":37,"6":22,"7":3,"8":4,"9":39,"10":2,"11":14,"12":14},"b":{"0":[20,6],"1":[0,6],"2":[0,6],"3":[2,4],"4":[2,2],"5":[12,2],"6":[2,1,0,0],"7":[24,10],"8":[10,7],"9":[34,8],"10":[34,7,7],"11":[5,2],"12":[5,3],"13":[3,2],"14":[5,2],"15":[2,3],"16":[25,12],"17":[37,25],"18":[2,1],"19":[0,1],"20":[36,3],"21":[3,0],"22":[39,2,1]},"meta":{"lastBranch":23,"lastFunction":13,"lastStatement":56,"seen":{"s:4:38:4:Infinity":0,"f:6:9:6:17":0,"b:7:2:7:Infinity:undefined:undefined:undefined:undefined":0,"s:7:2:7:Infinity":1,"s:7:13:7:Infinity":2,"s:8:12:8:Infinity":3,"b:9:2:9:Infinity:undefined:undefined:undefined:undefined":1,"s:9:2:9:Infinity":4,"s:9:10:9:Infinity":5,"s:10:16:10:Infinity":6,"b:11:2:11:Infinity:undefined:undefined:undefined:undefined":2,"s:11:2:11:Infinity":7,"s:11:13:11:Infinity":8,"b:12:2:12:Infinity:undefined:undefined:undefined:undefined":3,"s:12:2:12:Infinity":9,"s:12:35:12:Infinity":10,"b:13:2:13:Infinity:undefined:undefined:undefined:undefined":4,"s:13:2:13:Infinity":11,"s:13:35:13:Infinity":12,"s:14:2:14:Infinity":13,"s:17:20:31:Infinity":14,"f:33:9:33:39":1,"b:34:2:34:Infinity:undefined:undefined:undefined:undefined":5,"s:34:2:34:Infinity":15,"s:34:15:34:Infinity":16,"s:36:12:43:Infinity":17,"s:44:2:44:Infinity":18,"s:46:2:52:Infinity":19,"f:46:4:46:Infinity":2,"s:48:6:51:Infinity":20,"b:48:6:48:Infinity:49:6:49:Infinity:50:6:50:Infinity:51:6:51:Infinity":6,"s:54:2:69:Infinity":21,"f:55:4:55:13":3,"b:56:6:56:Infinity:undefined:undefined:undefined:undefined":7,"s:56:6:56:Infinity":22,"s:56:43:56:Infinity":23,"s:57:12:57:Infinity":24,"b:57:26:57:51:57:51:57:53":8,"s:58:12:58:Infinity":25,"b:58:25:58:49:58:49:58:51":9,"s:59:6:59:Infinity":26,"b:59:13:59:38:59:38:59:62:59:62:59:Infinity":10,"f:61:4:61:18":4,"s:62:12:62:Infinity":27,"b:62:26:62:51:62:51:62:53":11,"s:63:12:63:Infinity":28,"b:63:25:63:49:63:49:63:51":12,"s:64:16:64:Infinity":29,"b:65:6:65:Infinity:undefined:undefined:undefined:undefined":13,"s:65:6:65:Infinity":30,"b:65:10:65:35:65:35:65:57":14,"s:65:57:65:Infinity":31,"b:66:6:66:Infinity:undefined:undefined:undefined:undefined":15,"s:66:6:66:Infinity":32,"s:66:34:66:Infinity":33,"s:67:6:67:Infinity":34,"s:71:2:83:Infinity":35,"f:72:4:72:13":5,"b:73:6:73:Infinity:undefined:undefined:undefined:undefined":16,"s:73:6:73:Infinity":36,"b:73:10:73:35:73:35:73:60":17,"s:73:60:73:Infinity":37,"s:74:23:74:Infinity":38,"s:75:6:75:Infinity":39,"f:75:22:75:28":6,"s:75:35:75:67":40,"f:77:4:77:18":7,"s:78:23:78:Infinity":41,"s:79:17:79:Infinity":42,"f:79:38:79:43":8,"s:79:50:79:76":43,"s:80:20:80:Infinity":44,"b:80:31:80:35:80:35:80:Infinity":18,"b:80:46:80:50:80:50:80:Infinity":19,"s:81:6:81:Infinity":45,"s:85:2:92:Infinity":46,"f:86:4:86:13":9,"b:87:6:87:Infinity:undefined:undefined:undefined:undefined":20,"s:87:6:87:Infinity":47,"s:87:35:87:Infinity":48,"s:88:18:88:Infinity":49,"b:88:18:88:46:88:46:88:Infinity":21,"s:89:6:89:Infinity":50,"b:89:13:89:40:89:40:89:67:89:67:89:Infinity":22,"f:91:4:91:23":10,"s:91:23:91:Infinity":51,"s:94:2:94:Infinity":52,"s:95:2:95:Infinity":53,"f:98:9:98:23":11,"s:99:2:107:Infinity":54,"f:110:16:110:31":12,"s:111:2:111:Infinity":55},"fnNames":{}}}
,"/home/rey/Porte-folio/lib/schemas.ts": {"path":"/home/rey/Porte-folio/lib/schemas.ts","statementMap":{"0":{"start":{"line":3,"column":33},"end":{"line":11,"column":null}}},"fnMap":{},"branchMap":{},"s":{"0":1},"f":{},"b":{},"meta":{"lastBranch":0,"lastFunction":0,"lastStatement":1,"seen":{"s:3:33:11:Infinity":0},"fnNames":{}}}
,"/home/rey/Porte-folio/lib/site.ts": {"path":"/home/rey/Porte-folio/lib/site.ts","statementMap":{"0":{"start":{"line":1,"column":20},"end":{"line":13,"column":null}},"1":{"start":{"line":15,"column":24},"end":{"line":22,"column":null}}},"fnMap":{},"branchMap":{},"s":{"0":3,"1":3},"f":{},"b":{},"meta":{"lastBranch":0,"lastFunction":0,"lastStatement":2,"seen":{"s:1:20:13:Infinity":0,"s:15:24:22:Infinity":1},"fnNames":{}}}
,"/home/rey/Porte-folio/lib/slugify.ts": {"path":"/home/rey/Porte-folio/lib/slugify.ts","statementMap":{"0":{"start":{"line":2,"column":2},"end":{"line":7,"column":null}}},"fnMap":{"0":{"name":"slugify","decl":{"start":{"line":1,"column":16},"end":{"line":1,"column":24}},"loc":{"start":{"line":1,"column":39},"end":{"line":8,"column":null}},"line":1}},"branchMap":{},"s":{"0":9},"f":{"0":9},"b":{},"meta":{"lastBranch":0,"lastFunction":1,"lastStatement":1,"seen":{"f:1:16:1:24":0,"s:2:2:7:Infinity":0},"fnNames":{}}}
,"/home/rey/Porte-folio/lib/utils.ts": {"path":"/home/rey/Porte-folio/lib/utils.ts","statementMap":{"0":{"start":{"line":5,"column":2},"end":{"line":5,"column":null}}},"fnMap":{"0":{"name":"cn","decl":{"start":{"line":4,"column":16},"end":{"line":4,"column":19}},"loc":{"start":{"line":4,"column":44},"end":{"line":6,"column":null}},"line":4}},"branchMap":{},"s":{"0":8541},"f":{"0":8541},"b":{},"meta":{"lastBranch":0,"lastFunction":1,"lastStatement":1,"seen":{"f:4:16:4:19":0,"s:5:2:5:Infinity":0},"fnNames":{}}}
}
