{"/home/rey/Porte-folio/components/article-markdown.tsx": {"path":"/home/rey/Porte-folio/components/article-markdown.tsx","statementMap":{"0":{"start":{"line":6,"column":73},"end":{"line":23,"column":null}},"1":{"start":{"line":26,"column":2},"end":{"line":95,"column":null}},"2":{"start":{"line":33,"column":12},"end":{"line":35,"column":null}},"3":{"start":{"line":38,"column":12},"end":{"line":40,"column":null}},"4":{"start":{"line":43,"column":12},"end":{"line":43,"column":null}},"5":{"start":{"line":46,"column":12},"end":{"line":46,"column":null}},"6":{"start":{"line":49,"column":12},"end":{"line":49,"column":null}},"7":{"start":{"line":52,"column":12},"end":{"line":54,"column":null}},"8":{"start":{"line":57,"column":12},"end":{"line":64,"column":null}},"9":{"start":{"line":67,"column":12},"end":{"line":73,"column":null}},"10":{"start":{"line":76,"column":12},"end":{"line":78,"column":null}},"11":{"start":{"line":81,"column":12},"end":{"line":83,"column":null}},"12":{"start":{"line":86,"column":12},"end":{"line":88,"column":null}},"13":{"start":{"line":90,"column":20},"end":{"line":90,"column":null}}},"fnMap":{"0":{"name":"ArticleMarkdown","decl":{"start":{"line":25,"column":16},"end":{"line":25,"column":32}},"loc":{"start":{"line":25,"column":66},"end":{"line":97,"column":null}},"line":25},"1":{"name":"(anonymous_1)","decl":{"start":{"line":32,"column":10},"end":{"line":32,"column":15}},"loc":{"start":{"line":33,"column":12},"end":{"line":35,"column":null}},"line":33},"2":{"name":"(anonymous_2)","decl":{"start":{"line":37,"column":10},"end":{"line":37,"column":15}},"loc":{"start":{"line":38,"column":12},"end":{"line":40,"column":null}},"line":38},"3":{"name":"(anonymous_3)","decl":{"start":{"line":42,"column":10},"end":{"line":42,"column":14}},"loc":{"start":{"line":43,"column":12},"end":{"line":43,"column":null}},"line":43},"4":{"name":"(anonymous_4)","decl":{"start":{"line":45,"column":10},"end":{"line":45,"column":15}},"loc":{"start":{"line":46,"column":12},"end":{"line":46,"column":null}},"line":46},"5":{"name":"(anonymous_5)","decl":{"start":{"line":48,"column":10},"end":{"line":48,"column":15}},"loc":{"start":{"line":49,"column":12},"end":{"line":49,"column":null}},"line":49},"6":{"name":"(anonymous_6)","decl":{"start":{"line":51,"column":10},"end":{"line":51,"column":23}},"loc":{"start":{"line":52,"column":12},"end":{"line":54,"column":null}},"line":52},"7":{"name":"(anonymous_7)","decl":{"start":{"line":56,"column":10},"end":{"line":56,"column":14}},"loc":{"start":{"line":57,"column":12},"end":{"line":64,"column":null}},"line":57},"8":{"name":"(anonymous_8)","decl":{"start":{"line":66,"column":10},"end":{"line":66,"column":16}},"loc":{"start":{"line":67,"column":12},"end":{"line":73,"column":null}},"line":67},"9":{"name":"(anonymous_9)","decl":{"start":{"line":75,"column":10},"end":{"line":75,"column":16}},"loc":{"start":{"line":76,"column":12},"end":{"line":78,"column":null}},"line":76},"10":{"name":"(anonymous_10)","decl":{"start":{"line":80,"column":10},"end":{"line":80,"column":17}},"loc":{"start":{"line":81,"column":12},"end":{"line":83,"column":null}},"line":81},"11":{"name":"(anonymous_11)","decl":{"start":{"line":85,"column":10},"end":{"line":85,"column":18}},"loc":{"start":{"line":86,"column":12},"end":{"line":88,"column":null}},"line":86},"12":{"name":"(anonymous_12)","decl":{"start":{"line":90,"column":10},"end":{"line":90,"column":20}},"loc":{"start":{"line":90,"column":20},"end":{"line":90,"column":null}},"line":90}},"branchMap":{"0":{"loc":{"start":{"line":9,"column":8},"end":{"line":9,"column":null}},"type":"binary-expr","locations":[{"start":{"line":9,"column":8},"end":{"line":9,"column":35}},{"start":{"line":9,"column":35},"end":{"line":9,"column":null}}],"line":9},"1":{"loc":{"start":{"line":14,"column":8},"end":{"line":14,"column":null}},"type":"binary-expr","locations":[{"start":{"line":14,"column":8},"end":{"line":14,"column":36}},{"start":{"line":14,"column":36},"end":{"line":14,"column":null}}],"line":14},"2":{"loc":{"start":{"line":15,"column":8},"end":{"line":15,"column":55}},"type":"binary-expr","locations":[{"start":{"line":15,"column":8},"end":{"line":15,"column":50}},{"start":{"line":15,"column":50},"end":{"line":15,"column":55}}],"line":15},"3":{"loc":{"start":{"line":15,"column":13},"end":{"line":15,"column":43}},"type":"binary-expr","locations":[{"start":{"line":15,"column":13},"end":{"line":15,"column":41}},{"start":{"line":15,"column":41},"end":{"line":15,"column":43}}],"line":15},"4":{"loc":{"start":{"line":17,"column":6},"end":{"line":17,"column":null}},"type":"binary-expr","locations":[{"start":{"line":17,"column":6},"end":{"line":17,"column":50}},{"start":{"line":17,"column":50},"end":{"line":17,"column":null}}],"line":17},"5":{"loc":{"start":{"line":17,"column":11},"end":{"line":17,"column":41}},"type":"binary-expr","locations":[{"start":{"line":17,"column":11},"end":{"line":17,"column":39}},{"start":{"line":17,"column":39},"end":{"line":17,"column":41}}],"line":17}},"s":{"0":3,"1":215,"2":12,"3":1,"4":221,"5":3,"6":1,"7":2,"8":3,"9":6,"10":0,"11":2,"12":2,"13":1},"f":{"0":215,"1":12,"2":1,"3":221,"4":3,"5":1,"6":2,"7":3,"8":6,"9":0,"10":2,"11":2,"12":1},"b":{"0":[3,0],"1":[3,0],"2":[3,0],"3":[3,0],"4":[3,0],"5":[3,0]},"meta":{"lastBranch":6,"lastFunction":13,"lastStatement":14,"seen":{"s:6:73:23:Infinity":0,"b:9:8:9:35:9:35:9:Infinity":0,"b:14:8:14:36:14:36:14:Infinity":1,"b:15:8:15:50:15:50:15:55":2,"b:15:13:15:41:15:41:15:43":3,"b:17:6:17:50:17:50:17:Infinity":4,"b:17:11:17:39:17:39:17:41":5,"f:25:16:25:32":0,"s:26:2:95:Infinity":1,"f:32:10:32:15":1,"s:33:12:35:Infinity":2,"f:37:10:37:15":2,"s:38:12:40:Infinity":3,"f:42:10:42:14":3,"s:43:12:43:Infinity":4,"f:45:10:45:15":4,"s:46:12:46:Infinity":5,"f:48:10:48:15":5,"s:49:12:49:Infinity":6,"f:51:10:51:23":6,"s:52:12:54:Infinity":7,"f:56:10:56:14":7,"s:57:12:64:Infinity":8,"f:66:10:66:16":8,"s:67:12:73:Infinity":9,"f:75:10:75:16":9,"s:76:12:78:Infinity":10,"f:80:10:80:17":10,"s:81:12:83:Infinity":11,"f:85:10:85:18":11,"s:86:12:88:Infinity":12,"f:90:10:90:20":12,"s:90:20:90:Infinity":13},"fnNames":{}}}
,"/home/rey/Porte-folio/components/rdv-form.tsx": {"path":"/home/rey/Porte-folio/components/rdv-form.tsx","statementMap":{"0":{"start":{"line":1,"column":0},"end":{"line":1,"column":null}},"1":{"start":{"line":12,"column":39},"end":{"line":15,"column":null}},"2":{"start":{"line":17,"column":2},"end":{"line":32,"column":null}},"3":{"start":{"line":18,"column":4},"end":{"line":30,"column":null}},"4":{"start":{"line":34,"column":2},"end":{"line":119,"column":null}}},"fnMap":{"0":{"name":"RdvForm","decl":{"start":{"line":11,"column":16},"end":{"line":11,"column":26}},"loc":{"start":{"line":11,"column":26},"end":{"line":121,"column":null}},"line":11}},"branchMap":{"0":{"loc":{"start":{"line":17,"column":2},"end":{"line":32,"column":null}},"type":"if","locations":[{"start":{"line":17,"column":2},"end":{"line":32,"column":null}},{"start":{},"end":{}}],"line":17},"1":{"loc":{"start":{"line":46,"column":11},"end":{"line":47,"column":null}},"type":"binary-expr","locations":[{"start":{"line":46,"column":11},"end":{"line":46,"column":null}},{"start":{"line":47,"column":12},"end":{"line":47,"column":null}}],"line":46},"2":{"loc":{"start":{"line":61,"column":11},"end":{"line":62,"column":null}},"type":"binary-expr","locations":[{"start":{"line":61,"column":11},"end":{"line":61,"column":null}},{"start":{"line":62,"column":12},"end":{"line":62,"column":null}}],"line":61},"3":{"loc":{"start":{"line":103,"column":9},"end":{"line":104,"column":null}},"type":"binary-expr","locations":[{"start":{"line":103,"column":9},"end":{"line":103,"column":null}},{"start":{"line":104,"column":10},"end":{"line":104,"column":null}}],"line":103},"4":{"loc":{"start":{"line":108,"column":7},"end":{"line":111,"column":null}},"type":"binary-expr","locations":[{"start":{"line":108,"column":7},"end":{"line":108,"column":null}},{"start":{"line":109,"column":8},"end":{"line":111,"column":null}}],"line":108},"5":{"loc":{"start":{"line":116,"column":11},"end":{"line":116,"column":null}},"type":"cond-expr","locations":[{"start":{"line":116,"column":21},"end":{"line":116,"column":43}},{"start":{"line":116,"column":43},"end":{"line":116,"column":null}}],"line":116}},"s":{"0":1,"1":16,"2":16,"3":1,"4":11},"f":{"0":16},"b":{"0":[1,15],"1":[16,1],"2":[16,1],"3":[16,1],"4":[16,1],"5":[4,7]},"meta":{"lastBranch":6,"lastFunction":1,"lastStatement":5,"seen":{"s:1:0:1:Infinity":0,"f:11:16:11:26":0,"s:12:39:15:Infinity":1,"b:17:2:32:Infinity:undefined:undefined:undefined:undefined":0,"s:17:2:32:Infinity":2,"s:18:4:30:Infinity":3,"s:34:2:119:Infinity":4,"b:46:11:46:Infinity:47:12:47:Infinity":1,"b:61:11:61:Infinity:62:12:62:Infinity":2,"b:103:9:103:Infinity:104:10:104:Infinity":3,"b:108:7:108:Infinity:109:8:111:Infinity":4,"b:116:21:116:43:116:43:116:Infinity":5},"fnNames":{}}}
,"/home/rey/Porte-folio/components/admin/article-content-editor.tsx": {"path":"/home/rey/Porte-folio/components/admin/article-content-editor.tsx","statementMap":{"0":{"start":{"line":1,"column":0},"end":{"line":1,"column":null}},"1":{"start":{"line":34,"column":28},"end":{"line":34,"column":null}},"2":{"start":{"line":35,"column":24},"end":{"line":35,"column":null}},"3":{"start":{"line":36,"column":40},"end":{"line":36,"column":null}},"4":{"start":{"line":37,"column":38},"end":{"line":37,"column":null}},"5":{"start":{"line":38,"column":22},"end":{"line":38,"column":null}},"6":{"start":{"line":39,"column":19},"end":{"line":39,"column":null}},"7":{"start":{"line":40,"column":17},"end":{"line":40,"column":null}},"8":{"start":{"line":42,"column":8},"end":{"line":48,"column":null}},"9":{"start":{"line":43,"column":15},"end":{"line":43,"column":null}},"10":{"start":{"line":44,"column":4},"end":{"line":47,"column":null}},"11":{"start":{"line":45,"column":6},"end":{"line":45,"column":null}},"12":{"start":{"line":46,"column":6},"end":{"line":46,"column":null}},"13":{"start":{"line":50,"column":8},"end":{"line":67,"column":null}},"14":{"start":{"line":51,"column":15},"end":{"line":51,"column":null}},"15":{"start":{"line":52,"column":18},"end":{"line":52,"column":null}},"16":{"start":{"line":53,"column":16},"end":{"line":53,"column":null}},"17":{"start":{"line":54,"column":19},"end":{"line":54,"column":null}},"18":{"start":{"line":55,"column":21},"end":{"line":55,"column":null}},"19":{"start":{"line":56,"column":18},"end":{"line":56,"column":null}},"20":{"start":{"line":57,"column":26},"end":{"line":57,"column":null}},"21":{"start":{"line":58,"column":4},"end":{"line":58,"column":null}},"22":{"start":{"line":59,"column":4},"end":{"line":59,"column":null}},"23":{"start":{"line":60,"column":4},"end":{"line":60,"column":null}},"24":{"start":{"line":61,"column":4},"end":{"line":66,"column":null}},"25":{"start":{"line":62,"column":6},"end":{"line":65,"column":null}},"26":{"start":{"line":63,"column":8},"end":{"line":63,"column":null}},"27":{"start":{"line":64,"column":8},"end":{"line":64,"column":null}},"28":{"start":{"line":69,"column":8},"end":{"line":77,"column":null}},"29":{"start":{"line":69,"column":59},"end":{"line":77,"column":null}},"30":{"start":{"line":71,"column":19},"end":{"line":71,"column":null}},"31":{"start":{"line":72,"column":20},"end":{"line":72,"column":null}},"32":{"start":{"line":73,"column":6},"end":{"line":76,"column":null}},"33":{"start":{"line":79,"column":8},"end":{"line":88,"column":null}},"34":{"start":{"line":79,"column":19},"end":{"line":88,"column":null}},"35":{"start":{"line":81,"column":24},"end":{"line":81,"column":null}},"36":{"start":{"line":82,"column":21},"end":{"line":82,"column":null}},"37":{"start":{"line":83,"column":20},"end":{"line":83,"column":null}},"38":{"start":{"line":84,"column":6},"end":{"line":87,"column":null}},"39":{"start":{"line":90,"column":8},"end":{"line":100,"column":null}},"40":{"start":{"line":90,"column":22},"end":{"line":100,"column":null}},"41":{"start":{"line":92,"column":24},"end":{"line":92,"column":null}},"42":{"start":{"line":93,"column":12},"end":{"line":93,"column":null}},"43":{"start":{"line":94,"column":23},"end":{"line":94,"column":null}},"44":{"start":{"line":94,"column":44},"end":{"line":94,"column":79}},"45":{"start":{"line":95,"column":18},"end":{"line":95,"column":null}},"46":{"start":{"line":96,"column":6},"end":{"line":99,"column":null}},"47":{"start":{"line":102,"column":8},"end":{"line":109,"column":null}},"48":{"start":{"line":102,"column":23},"end":{"line":109,"column":null}},"49":{"start":{"line":104,"column":20},"end":{"line":104,"column":null}},"50":{"start":{"line":105,"column":6},"end":{"line":108,"column":null}},"51":{"start":{"line":111,"column":29},"end":{"line":115,"column":null}},"52":{"start":{"line":117,"column":8},"end":{"line":125,"column":null}},"53":{"start":{"line":118,"column":16},"end":{"line":118,"column":null}},"54":{"start":{"line":119,"column":4},"end":{"line":119,"column":null}},"55":{"start":{"line":119,"column":14},"end":{"line":119,"column":null}},"56":{"start":{"line":120,"column":4},"end":{"line":124,"column":null}},"57":{"start":{"line":121,"column":19},"end":{"line":121,"column":null}},"58":{"start":{"line":122,"column":18},"end":{"line":122,"column":null}},"59":{"start":{"line":123,"column":6},"end":{"line":123,"column":null}},"60":{"start":{"line":127,"column":8},"end":{"line":150,"column":null}},"61":{"start":{"line":128,"column":15},"end":{"line":128,"column":null}},"62":{"start":{"line":129,"column":4},"end":{"line":129,"column":null}},"63":{"start":{"line":129,"column":13},"end":{"line":129,"column":null}},"64":{"start":{"line":130,"column":18},"end":{"line":130,"column":null}},"65":{"start":{"line":131,"column":16},"end":{"line":131,"column":null}},"66":{"start":{"line":132,"column":22},"end":{"line":132,"column":null}},"67":{"start":{"line":133,"column":17},"end":{"line":133,"column":null}},"68":{"start":{"line":134,"column":17},"end":{"line":134,"column":null}},"69":{"start":{"line":135,"column":4},"end":{"line":138,"column":null}},"70":{"start":{"line":136,"column":23},"end":{"line":136,"column":null}},"71":{"start":{"line":137,"column":6},"end":{"line":137,"column":null}},"72":{"start":{"line":137,"column":27},"end":{"line":137,"column":null}},"73":{"start":{"line":139,"column":4},"end":{"line":139,"column":null}},"74":{"start":{"line":139,"column":17},"end":{"line":139,"column":null}},"75":{"start":{"line":140,"column":4},"end":{"line":140,"column":null}},"76":{"start":{"line":141,"column":17},"end":{"line":141,"column":null}},"77":{"start":{"line":142,"column":34},"end":{"line":142,"column":null}},"78":{"start":{"line":143,"column":4},"end":{"line":143,"column":null}},"79":{"start":{"line":144,"column":4},"end":{"line":144,"column":null}},"80":{"start":{"line":145,"column":4},"end":{"line":145,"column":null}},"81":{"start":{"line":146,"column":4},"end":{"line":149,"column":null}},"82":{"start":{"line":147,"column":6},"end":{"line":147,"column":null}},"83":{"start":{"line":148,"column":6},"end":{"line":148,"column":null}},"84":{"start":{"line":152,"column":8},"end":{"line":165,"column":null}},"85":{"start":{"line":153,"column":15},"end":{"line":153,"column":null}},"86":{"start":{"line":154,"column":17},"end":{"line":154,"column":null}},"87":{"start":{"line":155,"column":34},"end":{"line":155,"column":null}},"88":{"start":{"line":156,"column":4},"end":{"line":156,"column":null}},"89":{"start":{"line":157,"column":4},"end":{"line":157,"column":null}},"90":{"start":{"line":158,"column":4},"end":{"line":158,"column":null}},"91":{"start":{"line":159,"column":4},"end":{"line":164,"column":null}},"92":{"start":{"line":160,"column":6},"end":{"line":163,"column":null}},"93":{"start":{"line":161,"column":8},"end":{"line":161,"column":null}},"94":{"start":{"line":162,"column":8},"end":{"line":162,"column":null}},"95":{"start":{"line":167,"column":8},"end":{"line":170,"column":null}},"96":{"start":{"line":168,"column":16},"end":{"line":168,"column":null}},"97":{"start":{"line":169,"column":4},"end":{"line":169,"column":null}},"98":{"start":{"line":172,"column":8},"end":{"line":180,"column":null}},"99":{"start":{"line":173,"column":12},"end":{"line":173,"column":null}},"100":{"start":{"line":174,"column":16},"end":{"line":174,"column":null}},"101":{"start":{"line":175,"column":4},"end":{"line":178,"column":null}},"102":{"start":{"line":176,"column":6},"end":{"line":176,"column":null}},"103":{"start":{"line":176,"column":54},"end":{"line":176,"column":null}},"104":{"start":{"line":177,"column":6},"end":{"line":177,"column":null}},"105":{"start":{"line":179,"column":4},"end":{"line":179,"column":null}},"106":{"start":{"line":182,"column":8},"end":{"line":189,"column":null}},"107":{"start":{"line":183,"column":15},"end":{"line":183,"column":null}},"108":{"start":{"line":184,"column":16},"end":{"line":184,"column":null}},"109":{"start":{"line":185,"column":21},"end":{"line":185,"column":null}},"110":{"start":{"line":186,"column":4},"end":{"line":188,"column":null}},"111":{"start":{"line":186,"column":31},"end":{"line":186,"column":null}},"112":{"start":{"line":187,"column":9},"end":{"line":188,"column":null}},"113":{"start":{"line":187,"column":35},"end":{"line":187,"column":null}},"114":{"start":{"line":188,"column":9},"end":{"line":188,"column":null}},"115":{"start":{"line":191,"column":2},"end":{"line":290,"column":null}},"116":{"start":{"line":193,"column":44},"end":{"line":193,"column":null}},"117":{"start":{"line":202,"column":30},"end":{"line":202,"column":null}},"118":{"start":{"line":204,"column":76},"end":{"line":204,"column":null}},"119":{"start":{"line":207,"column":81},"end":{"line":207,"column":null}},"120":{"start":{"line":211,"column":70},"end":{"line":211,"column":null}},"121":{"start":{"line":214,"column":74},"end":{"line":214,"column":null}},"122":{"start":{"line":217,"column":70},"end":{"line":217,"column":null}},"123":{"start":{"line":221,"column":79},"end":{"line":221,"column":null}},"124":{"start":{"line":224,"column":81},"end":{"line":224,"column":null}},"125":{"start":{"line":227,"column":74},"end":{"line":227,"column":null}},"126":{"start":{"line":234,"column":83},"end":{"line":234,"column":null}},"127":{"start":{"line":237,"column":76},"end":{"line":237,"column":null}},"128":{"start":{"line":240,"column":73},"end":{"line":240,"column":null}},"129":{"start":{"line":250,"column":27},"end":{"line":250,"column":null}},"130":{"start":{"line":250,"column":49},"end":{"line":250,"column":51}},"131":{"start":{"line":262,"column":27},"end":{"line":262,"column":null}}},"fnMap":{"0":{"name":"ArticleContentEditor","decl":{"start":{"line":33,"column":16},"end":{"line":33,"column":37}},"loc":{"start":{"line":33,"column":83},"end":{"line":292,"column":null}},"line":33},"1":{"name":"(anonymous_1)","decl":{"start":{"line":42,"column":8},"end":{"line":42,"column":30}},"loc":{"start":{"line":42,"column":30},"end":{"line":48,"column":null}},"line":42},"2":{"name":"(anonymous_2)","decl":{"start":{"line":50,"column":8},"end":{"line":50,"column":15}},"loc":{"start":{"line":50,"column":90},"end":{"line":67,"column":null}},"line":50},"3":{"name":"(anonymous_3)","decl":{"start":{"line":61,"column":4},"end":{"line":61,"column":32}},"loc":{"start":{"line":61,"column":32},"end":{"line":66,"column":5}},"line":61},"4":{"name":"(anonymous_4)","decl":{"start":{"line":69,"column":8},"end":{"line":69,"column":16}},"loc":{"start":{"line":69,"column":59},"end":{"line":77,"column":null}},"line":69},"5":{"name":"(anonymous_5)","decl":{"start":{"line":69,"column":59},"end":{"line":69,"column":null}},"loc":{"start":{"line":70,"column":65},"end":{"line":77,"column":null}},"line":70},"6":{"name":"(anonymous_6)","decl":{"start":{"line":79,"column":8},"end":{"line":79,"column":19}},"loc":{"start":{"line":79,"column":19},"end":{"line":88,"column":null}},"line":79},"7":{"name":"(anonymous_7)","decl":{"start":{"line":79,"column":19},"end":{"line":79,"column":null}},"loc":{"start":{"line":80,"column":65},"end":{"line":88,"column":null}},"line":80},"8":{"name":"(anonymous_8)","decl":{"start":{"line":90,"column":8},"end":{"line":90,"column":22}},"loc":{"start":{"line":90,"column":22},"end":{"line":100,"column":null}},"line":90},"9":{"name":"(anonymous_9)","decl":{"start":{"line":90,"column":22},"end":{"line":90,"column":null}},"loc":{"start":{"line":91,"column":65},"end":{"line":100,"column":null}},"line":91},"10":{"name":"(anonymous_10)","decl":{"start":{"line":94,"column":29},"end":{"line":94,"column":34}},"loc":{"start":{"line":94,"column":44},"end":{"line":94,"column":79}},"line":94},"11":{"name":"(anonymous_11)","decl":{"start":{"line":102,"column":8},"end":{"line":102,"column":23}},"loc":{"start":{"line":102,"column":23},"end":{"line":109,"column":null}},"line":102},"12":{"name":"(anonymous_12)","decl":{"start":{"line":102,"column":23},"end":{"line":102,"column":null}},"loc":{"start":{"line":103,"column":65},"end":{"line":109,"column":null}},"line":103},"13":{"name":"(anonymous_13)","decl":{"start":{"line":117,"column":8},"end":{"line":117,"column":27}},"loc":{"start":{"line":117,"column":27},"end":{"line":125,"column":null}},"line":117},"14":{"name":"(anonymous_14)","decl":{"start":{"line":120,"column":4},"end":{"line":120,"column":9}},"loc":{"start":{"line":120,"column":37},"end":{"line":124,"column":5}},"line":120},"15":{"name":"(anonymous_15)","decl":{"start":{"line":127,"column":8},"end":{"line":127,"column":23}},"loc":{"start":{"line":127,"column":72},"end":{"line":150,"column":null}},"line":127},"16":{"name":"(anonymous_16)","decl":{"start":{"line":146,"column":4},"end":{"line":146,"column":32}},"loc":{"start":{"line":146,"column":32},"end":{"line":149,"column":5}},"line":146},"17":{"name":"(anonymous_17)","decl":{"start":{"line":152,"column":8},"end":{"line":152,"column":20}},"loc":{"start":{"line":152,"column":52},"end":{"line":165,"column":null}},"line":152},"18":{"name":"(anonymous_18)","decl":{"start":{"line":159,"column":4},"end":{"line":159,"column":32}},"loc":{"start":{"line":159,"column":32},"end":{"line":164,"column":5}},"line":159},"19":{"name":"(anonymous_19)","decl":{"start":{"line":167,"column":8},"end":{"line":167,"column":26}},"loc":{"start":{"line":167,"column":42},"end":{"line":170,"column":null}},"line":167},"20":{"name":"(anonymous_20)","decl":{"start":{"line":172,"column":8},"end":{"line":172,"column":24}},"loc":{"start":{"line":172,"column":40},"end":{"line":180,"column":null}},"line":172},"21":{"name":"(anonymous_21)","decl":{"start":{"line":182,"column":8},"end":{"line":182,"column":29}},"loc":{"start":{"line":182,"column":83},"end":{"line":189,"column":null}},"line":182},"22":{"name":"(anonymous_22)","decl":{"start":{"line":193,"column":22},"end":{"line":193,"column":38}},"loc":{"start":{"line":193,"column":44},"end":{"line":193,"column":null}},"line":193},"23":{"name":"(anonymous_23)","decl":{"start":{"line":202,"column":10},"end":{"line":202,"column":24}},"loc":{"start":{"line":202,"column":30},"end":{"line":202,"column":null}},"line":202},"24":{"name":"(anonymous_24)","decl":{"start":{"line":204,"column":61},"end":{"line":204,"column":76}},"loc":{"start":{"line":204,"column":76},"end":{"line":204,"column":null}},"line":204},"25":{"name":"(anonymous_25)","decl":{"start":{"line":207,"column":66},"end":{"line":207,"column":81}},"loc":{"start":{"line":207,"column":81},"end":{"line":207,"column":null}},"line":207},"26":{"name":"(anonymous_26)","decl":{"start":{"line":211,"column":55},"end":{"line":211,"column":70}},"loc":{"start":{"line":211,"column":70},"end":{"line":211,"column":null}},"line":211},"27":{"name":"(anonymous_27)","decl":{"start":{"line":214,"column":59},"end":{"line":214,"column":74}},"loc":{"start":{"line":214,"column":74},"end":{"line":214,"column":null}},"line":214},"28":{"name":"(anonymous_28)","decl":{"start":{"line":217,"column":55},"end":{"line":217,"column":70}},"loc":{"start":{"line":217,"column":70},"end":{"line":217,"column":null}},"line":217},"29":{"name":"(anonymous_29)","decl":{"start":{"line":221,"column":64},"end":{"line":221,"column":79}},"loc":{"start":{"line":221,"column":79},"end":{"line":221,"column":null}},"line":221},"30":{"name":"(anonymous_30)","decl":{"start":{"line":224,"column":66},"end":{"line":224,"column":81}},"loc":{"start":{"line":224,"column":81},"end":{"line":224,"column":null}},"line":224},"31":{"name":"(anonymous_31)","decl":{"start":{"line":227,"column":59},"end":{"line":227,"column":74}},"loc":{"start":{"line":227,"column":74},"end":{"line":227,"column":null}},"line":227},"32":{"name":"(anonymous_32)","decl":{"start":{"line":234,"column":68},"end":{"line":234,"column":83}},"loc":{"start":{"line":234,"column":83},"end":{"line":234,"column":null}},"line":234},"33":{"name":"(anonymous_33)","decl":{"start":{"line":237,"column":61},"end":{"line":237,"column":76}},"loc":{"start":{"line":237,"column":76},"end":{"line":237,"column":null}},"line":237},"34":{"name":"(anonymous_34)","decl":{"start":{"line":240,"column":58},"end":{"line":240,"column":73}},"loc":{"start":{"line":240,"column":73},"end":{"line":240,"column":null}},"line":240},"35":{"name":"(anonymous_35)","decl":{"start":{"line":250,"column":12},"end":{"line":250,"column":27}},"loc":{"start":{"line":250,"column":27},"end":{"line":250,"column":null}},"line":250},"36":{"name":"(anonymous_36)","decl":{"start":{"line":250,"column":27},"end":{"line":250,"column":43}},"loc":{"start":{"line":250,"column":49},"end":{"line":250,"column":51}},"line":250},"37":{"name":"(anonymous_37)","decl":{"start":{"line":262,"column":10},"end":{"line":262,"column":21}},"loc":{"start":{"line":262,"column":27},"end":{"line":262,"column":null}},"line":262}},"branchMap":{"0":{"loc":{"start":{"line":33,"column":45},"end":{"line":33,"column":64}},"type":"default-arg","locations":[{"start":{"line":33,"column":60},"end":{"line":33,"column":64}}],"line":33},"1":{"loc":{"start":{"line":44,"column":4},"end":{"line":47,"column":null}},"type":"if","locations":[{"start":{"line":44,"column":4},"end":{"line":47,"column":null}},{"start":{},"end":{}}],"line":44},"2":{"loc":{"start":{"line":52,"column":18},"end":{"line":52,"column":null}},"type":"cond-expr","locations":[{"start":{"line":52,"column":23},"end":{"line":52,"column":42}},{"start":{"line":52,"column":42},"end":{"line":52,"column":null}}],"line":52},"3":{"loc":{"start":{"line":53,"column":16},"end":{"line":53,"column":null}},"type":"cond-expr","locations":[{"start":{"line":53,"column":21},"end":{"line":53,"column":38}},{"start":{"line":53,"column":38},"end":{"line":53,"column":null}}],"line":53},"4":{"loc":{"start":{"line":62,"column":6},"end":{"line":65,"column":null}},"type":"if","locations":[{"start":{"line":62,"column":6},"end":{"line":65,"column":null}},{"start":{},"end":{}}],"line":62},"5":{"loc":{"start":{"line":71,"column":19},"end":{"line":71,"column":null}},"type":"binary-expr","locations":[{"start":{"line":71,"column":19},"end":{"line":71,"column":31}},{"start":{"line":71,"column":31},"end":{"line":71,"column":null}}],"line":71},"6":{"loc":{"start":{"line":94,"column":44},"end":{"line":94,"column":79}},"type":"cond-expr","locations":[{"start":{"line":94,"column":58},"end":{"line":94,"column":74}},{"start":{"line":94,"column":74},"end":{"line":94,"column":79}}],"line":94},"7":{"loc":{"start":{"line":119,"column":4},"end":{"line":119,"column":null}},"type":"if","locations":[{"start":{"line":119,"column":4},"end":{"line":119,"column":null}},{"start":{},"end":{}}],"line":119},"8":{"loc":{"start":{"line":121,"column":19},"end":{"line":121,"column":null}},"type":"binary-expr","locations":[{"start":{"line":121,"column":19},"end":{"line":121,"column":31}},{"start":{"line":121,"column":31},"end":{"line":121,"column":null}}],"line":121},"9":{"loc":{"start":{"line":129,"column":4},"end":{"line":129,"column":null}},"type":"if","locations":[{"start":{"line":129,"column":4},"end":{"line":129,"column":null}},{"start":{},"end":{}}],"line":129},"10":{"loc":{"start":{"line":135,"column":4},"end":{"line":138,"column":null}},"type":"if","locations":[{"start":{"line":135,"column":4},"end":{"line":138,"column":null}},{"start":{},"end":{}}],"line":135},"11":{"loc":{"start":{"line":135,"column":8},"end":{"line":135,"column":30}},"type":"binary-expr","locations":[{"start":{"line":135,"column":8},"end":{"line":135,"column":24}},{"start":{"line":135,"column":24},"end":{"line":135,"column":30}}],"line":135},"12":{"loc":{"start":{"line":137,"column":6},"end":{"line":137,"column":null}},"type":"if","locations":[{"start":{"line":137,"column":6},"end":{"line":137,"column":null}},{"start":{},"end":{}}],"line":137},"13":{"loc":{"start":{"line":139,"column":4},"end":{"line":139,"column":null}},"type":"if","locations":[{"start":{"line":139,"column":4},"end":{"line":139,"column":null}},{"start":{},"end":{}}],"line":139},"14":{"loc":{"start":{"line":160,"column":6},"end":{"line":163,"column":null}},"type":"if","locations":[{"start":{"line":160,"column":6},"end":{"line":163,"column":null}},{"start":{},"end":{}}],"line":160},"15":{"loc":{"start":{"line":169,"column":11},"end":{"line":169,"column":null}},"type":"cond-expr","locations":[{"start":{"line":169,"column":24},"end":{"line":169,"column":28}},{"start":{"line":169,"column":28},"end":{"line":169,"column":null}}],"line":169},"16":{"loc":{"start":{"line":176,"column":6},"end":{"line":176,"column":null}},"type":"if","locations":[{"start":{"line":176,"column":6},"end":{"line":176,"column":null}},{"start":{},"end":{}}],"line":176},"17":{"loc":{"start":{"line":176,"column":10},"end":{"line":176,"column":54}},"type":"binary-expr","locations":[{"start":{"line":176,"column":10},"end":{"line":176,"column":31}},{"start":{"line":176,"column":31},"end":{"line":176,"column":54}}],"line":176},"18":{"loc":{"start":{"line":184,"column":16},"end":{"line":184,"column":null}},"type":"cond-expr","locations":[{"start":{"line":184,"column":21},"end":{"line":184,"column":41}},{"start":{"line":184,"column":41},"end":{"line":184,"column":null}}],"line":184},"19":{"loc":{"start":{"line":186,"column":4},"end":{"line":188,"column":null}},"type":"if","locations":[{"start":{"line":186,"column":4},"end":{"line":188,"column":null}},{"start":{"line":187,"column":9},"end":{"line":188,"column":null}}],"line":186},"20":{"loc":{"start":{"line":187,"column":9},"end":{"line":188,"column":null}},"type":"if","locations":[{"start":{"line":187,"column":9},"end":{"line":188,"column":null}},{"start":{"line":188,"column":9},"end":{"line":188,"column":null}}],"line":187},"21":{"loc":{"start":{"line":245,"column":21},"end":{"line":245,"column":null}},"type":"cond-expr","locations":[{"start":{"line":245,"column":35},"end":{"line":245,"column":47}},{"start":{"line":245,"column":47},"end":{"line":245,"column":null}}],"line":245},"22":{"loc":{"start":{"line":248,"column":19},"end":{"line":248,"column":null}},"type":"cond-expr","locations":[{"start":{"line":248,"column":33},"end":{"line":248,"column":105}},{"start":{"line":248,"column":105},"end":{"line":248,"column":null}}],"line":248},"23":{"loc":{"start":{"line":274,"column":11},"end":{"line":279,"column":null}},"type":"cond-expr","locations":[{"start":{"line":275,"column":12},"end":{"line":277,"column":13}},{"start":{"line":277,"column":12},"end":{"line":279,"column":null}}],"line":274}},"s":{"0":2,"1":238,"2":238,"3":238,"4":238,"5":238,"6":238,"7":238,"8":238,"9":400,"10":400,"11":400,"12":400,"13":238,"14":14,"15":14,"16":14,"17":14,"18":14,"19":14,"20":14,"21":14,"22":14,"23":14,"24":14,"25":14,"26":14,"27":14,"28":238,"29":4,"30":4,"31":4,"32":4,"33":238,"34":2,"35":2,"36":2,"37":2,"38":2,"39":238,"40":4,"41":4,"42":4,"43":4,"44":6,"45":4,"46":4,"47":238,"48":2,"49":2,"50":2,"51":238,"52":238,"53":3,"54":3,"55":1,"56":2,"57":2,"58":2,"59":2,"60":238,"61":6,"62":6,"63":0,"64":6,"65":6,"66":6,"67":6,"68":6,"69":6,"70":2,"71":2,"72":1,"73":6,"74":1,"75":5,"76":5,"77":5,"78":5,"79":5,"80":5,"81":5,"82":5,"83":5,"84":238,"85":5,"86":5,"87":5,"88":5,"89":5,"90":5,"91":5,"92":5,"93":5,"94":5,"95":238,"96":2,"97":2,"98":238,"99":2,"100":2,"101":2,"102":38,"103":1,"104":37,"105":2,"106":238,"107":5,"108":5,"109":5,"110":5,"111":2,"112":3,"113":2,"114":1,"115":238,"116":4,"117":21,"118":1,"119":1,"120":2,"121":1,"122":1,"123":2,"124":1,"125":1,"126":5,"127":1,"128":1,"129":1,"130":1,"131":167},"f":{"0":238,"1":400,"2":14,"3":14,"4":4,"5":4,"6":2,"7":2,"8":4,"9":4,"10":6,"11":2,"12":2,"13":3,"14":2,"15":6,"16":5,"17":5,"18":5,"19":2,"20":2,"21":5,"22":4,"23":21,"24":1,"25":1,"26":2,"27":1,"28":1,"29":2,"30":1,"31":1,"32":5,"33":1,"34":1,"35":1,"36":1,"37":167},"b":{"0":[238],"1":[400,0],"2":[14,0],"3":[14,0],"4":[14,0],"5":[4,1],"6":[5,1],"7":[1,2],"8":[2,1],"9":[0,6],"10":[2,4],"11":[6,5],"12":[1,1],"13":[1,5],"14":[5,0],"15":[1,1],"16":[1,37],"17":[38,1],"18":[5,0],"19":[2,3],"20":[2,1],"21":[2,236],"22":[2,236],"23":[211,27]},"meta":{"lastBranch":24,"lastFunction":38,"lastStatement":132,"seen":{"s:1:0:1:Infinity":0,"f:33:16:33:37":0,"b:33:60:33:64":0,"s:34:28:34:Infinity":1,"s:35:24:35:Infinity":2,"s:36:40:36:Infinity":3,"s:37:38:37:Infinity":4,"s:38:22:38:Infinity":5,"s:39:19:39:Infinity":6,"s:40:17:40:Infinity":7,"s:42:8:48:Infinity":8,"f:42:8:42:30":1,"s:43:15:43:Infinity":9,"b:44:4:47:Infinity:undefined:undefined:undefined:undefined":1,"s:44:4:47:Infinity":10,"s:45:6:45:Infinity":11,"s:46:6:46:Infinity":12,"s:50:8:67:Infinity":13,"f:50:8:50:15":2,"s:51:15:51:Infinity":14,"s:52:18:52:Infinity":15,"b:52:23:52:42:52:42:52:Infinity":2,"s:53:16:53:Infinity":16,"b:53:21:53:38:53:38:53:Infinity":3,"s:54:19:54:Infinity":17,"s:55:21:55:Infinity":18,"s:56:18:56:Infinity":19,"s:57:26:57:Infinity":20,"s:58:4:58:Infinity":21,"s:59:4:59:Infinity":22,"s:60:4:60:Infinity":23,"s:61:4:66:Infinity":24,"f:61:4:61:32":3,"b:62:6:65:Infinity:undefined:undefined:undefined:undefined":4,"s:62:6:65:Infinity":25,"s:63:8:63:Infinity":26,"s:64:8:64:Infinity":27,"s:69:8:77:Infinity":28,"f:69:8:69:16":4,"s:69:59:77:Infinity":29,"f:69:59:69:Infinity":5,"s:71:19:71:Infinity":30,"b:71:19:71:31:71:31:71:Infinity":5,"s:72:20:72:Infinity":31,"s:73:6:76:Infinity":32,"s:79:8:88:Infinity":33,"f:79:8:79:19":6,"s:79:19:88:Infinity":34,"f:79:19:79:Infinity":7,"s:81:24:81:Infinity":35,"s:82:21:82:Infinity":36,"s:83:20:83:Infinity":37,"s:84:6:87:Infinity":38,"s:90:8:100:Infinity":39,"f:90:8:90:22":8,"s:90:22:100:Infinity":40,"f:90:22:90:Infinity":9,"s:92:24:92:Infinity":41,"s:93:12:93:Infinity":42,"s:94:23:94:Infinity":43,"f:94:29:94:34":10,"s:94:44:94:79":44,"b:94:58:94:74:94:74:94:79":6,"s:95:18:95:Infinity":45,"s:96:6:99:Infinity":46,"s:102:8:109:Infinity":47,"f:102:8:102:23":11,"s:102:23:109:Infinity":48,"f:102:23:102:Infinity":12,"s:104:20:104:Infinity":49,"s:105:6:108:Infinity":50,"s:111:29:115:Infinity":51,"s:117:8:125:Infinity":52,"f:117:8:117:27":13,"s:118:16:118:Infinity":53,"b:119:4:119:Infinity:undefined:undefined:undefined:undefined":7,"s:119:4:119:Infinity":54,"s:119:14:119:Infinity":55,"s:120:4:124:Infinity":56,"f:120:4:120:9":14,"s:121:19:121:Infinity":57,"b:121:19:121:31:121:31:121:Infinity":8,"s:122:18:122:Infinity":58,"s:123:6:123:Infinity":59,"s:127:8:150:Infinity":60,"f:127:8:127:23":15,"s:128:15:128:Infinity":61,"b:129:4:129:Infinity:undefined:undefined:undefined:undefined":9,"s:129:4:129:Infinity":62,"s:129:13:129:Infinity":63,"s:130:18:130:Infinity":64,"s:131:16:131:Infinity":65,"s:132:22:132:Infinity":66,"s:133:17:133:Infinity":67,"s:134:17:134:Infinity":68,"b:135:4:138:Infinity:undefined:undefined:undefined:undefined":10,"s:135:4:138:Infinity":69,"b:135:8:135:24:135:24:135:30":11,"s:136:23:136:Infinity":70,"b:137:6:137:Infinity:undefined:undefined:undefined:undefined":12,"s:137:6:137:Infinity":71,"s:137:27:137:Infinity":72,"b:139:4:139:Infinity:undefined:undefined:undefined:undefined":13,"s:139:4:139:Infinity":73,"s:139:17:139:Infinity":74,"s:140:4:140:Infinity":75,"s:141:17:141:Infinity":76,"s:142:34:142:Infinity":77,"s:143:4:143:Infinity":78,"s:144:4:144:Infinity":79,"s:145:4:145:Infinity":80,"s:146:4:149:Infinity":81,"f:146:4:146:32":16,"s:147:6:147:Infinity":82,"s:148:6:148:Infinity":83,"s:152:8:165:Infinity":84,"f:152:8:152:20":17,"s:153:15:153:Infinity":85,"s:154:17:154:Infinity":86,"s:155:34:155:Infinity":87,"s:156:4:156:Infinity":88,"s:157:4:157:Infinity":89,"s:158:4:158:Infinity":90,"s:159:4:164:Infinity":91,"f:159:4:159:32":18,"b:160:6:163:Infinity:undefined:undefined:undefined:undefined":14,"s:160:6:163:Infinity":92,"s:161:8:161:Infinity":93,"s:162:8:162:Infinity":94,"s:167:8:170:Infinity":95,"f:167:8:167:26":19,"s:168:16:168:Infinity":96,"s:169:4:169:Infinity":97,"b:169:24:169:28:169:28:169:Infinity":15,"s:172:8:180:Infinity":98,"f:172:8:172:24":20,"s:173:12:173:Infinity":99,"s:174:16:174:Infinity":100,"s:175:4:178:Infinity":101,"b:176:6:176:Infinity:undefined:undefined:undefined:undefined":16,"s:176:6:176:Infinity":102,"b:176:10:176:31:176:31:176:54":17,"s:176:54:176:Infinity":103,"s:177:6:177:Infinity":104,"s:179:4:179:Infinity":105,"s:182:8:189:Infinity":106,"f:182:8:182:29":21,"s:183:15:183:Infinity":107,"s:184:16:184:Infinity":108,"b:184:21:184:41:184:41:184:Infinity":18,"s:185:21:185:Infinity":109,"b:186:4:188:Infinity:187:9:188:Infinity":19,"s:186:4:188:Infinity":110,"s:186:31:186:Infinity":111,"b:187:9:188:Infinity:188:9:188:Infinity":20,"s:187:9:188:Infinity":112,"s:187:35:187:Infinity":113,"s:188:9:188:Infinity":114,"s:191:2:290:Infinity":115,"f:193:22:193:38":22,"s:193:44:193:Infinity":116,"f:202:10:202:24":23,"s:202:30:202:Infinity":117,"f:204:61:204:76":24,"s:204:76:204:Infinity":118,"f:207:66:207:81":25,"s:207:81:207:Infinity":119,"f:211:55:211:70":26,"s:211:70:211:Infinity":120,"f:214:59:214:74":27,"s:214:74:214:Infinity":121,"f:217:55:217:70":28,"s:217:70:217:Infinity":122,"f:221:64:221:79":29,"s:221:79:221:Infinity":123,"f:224:66:224:81":30,"s:224:81:224:Infinity":124,"f:227:59:227:74":31,"s:227:74:227:Infinity":125,"f:234:68:234:83":32,"s:234:83:234:Infinity":126,"f:237:61:237:76":33,"s:237:76:237:Infinity":127,"f:240:58:240:73":34,"s:240:73:240:Infinity":128,"b:245:35:245:47:245:47:245:Infinity":21,"b:248:33:248:105:248:105:248:Infinity":22,"f:250:12:250:27":35,"s:250:27:250:Infinity":129,"f:250:27:250:43":36,"s:250:49:250:51":130,"f:262:10:262:21":37,"s:262:27:262:Infinity":131,"b:275:12:277:13:277:12:279:Infinity":23},"fnNames":{}}}
,"/home/rey/Porte-folio/components/admin/article-form.tsx": {"path":"/home/rey/Porte-folio/components/admin/article-form.tsx","statementMap":{"0":{"start":{"line":1,"column":0},"end":{"line":1,"column":null}},"1":{"start":{"line":32,"column":39},"end":{"line":32,"column":null}},"2":{"start":{"line":34,"column":2},"end":{"line":124,"column":null}}},"fnMap":{"0":{"name":"ArticleForm","decl":{"start":{"line":25,"column":16},"end":{"line":25,"column":28}},"loc":{"start":{"line":31,"column":3},"end":{"line":126,"column":null}},"line":31}},"branchMap":{"0":{"loc":{"start":{"line":57,"column":61},"end":{"line":57,"column":87}},"type":"binary-expr","locations":[{"start":{"line":57,"column":61},"end":{"line":57,"column":82}},{"start":{"line":57,"column":82},"end":{"line":57,"column":87}}],"line":57},"1":{"loc":{"start":{"line":63,"column":26},"end":{"line":63,"column":null}},"type":"binary-expr","locations":[{"start":{"line":63,"column":26},"end":{"line":63,"column":49}},{"start":{"line":63,"column":49},"end":{"line":63,"column":null}}],"line":63},"2":{"loc":{"start":{"line":74,"column":24},"end":{"line":74,"column":null}},"type":"binary-expr","locations":[{"start":{"line":74,"column":24},"end":{"line":74,"column":53}},{"start":{"line":74,"column":53},"end":{"line":74,"column":null}}],"line":74},"3":{"loc":{"start":{"line":88,"column":24},"end":{"line":88,"column":null}},"type":"binary-expr","locations":[{"start":{"line":88,"column":24},"end":{"line":88,"column":44}},{"start":{"line":88,"column":44},"end":{"line":88,"column":null}}],"line":88},"4":{"loc":{"start":{"line":96,"column":24},"end":{"line":96,"column":null}},"type":"binary-expr","locations":[{"start":{"line":96,"column":24},"end":{"line":96,"column":44}},{"start":{"line":96,"column":44},"end":{"line":96,"column":null}}],"line":96},"5":{"loc":{"start":{"line":108,"column":26},"end":{"line":108,"column":null}},"type":"binary-expr","locations":[{"start":{"line":108,"column":26},"end":{"line":108,"column":48}},{"start":{"line":108,"column":48},"end":{"line":108,"column":null}}],"line":108},"6":{"loc":{"start":{"line":114,"column":7},"end":{"line":114,"column":null}},"type":"binary-expr","locations":[{"start":{"line":114,"column":7},"end":{"line":114,"column":23}},{"start":{"line":114,"column":23},"end":{"line":114,"column":null}}],"line":114},"7":{"loc":{"start":{"line":118,"column":11},"end":{"line":118,"column":null}},"type":"cond-expr","locations":[{"start":{"line":118,"column":21},"end":{"line":118,"column":43}},{"start":{"line":118,"column":43},"end":{"line":118,"column":null}}],"line":118},"8":{"loc":{"start":{"line":118,"column":43},"end":{"line":118,"column":null}},"type":"cond-expr","locations":[{"start":{"line":118,"column":53},"end":{"line":118,"column":87}},{"start":{"line":118,"column":87},"end":{"line":118,"column":null}}],"line":118}},"s":{"0":1,"1":10,"2":10},"f":{"0":10},"b":{"0":[10,8],"1":[10,8],"2":[10,8],"3":[10,8],"4":[10,6],"5":[10,6],"6":[10,1],"7":[2,6],"8":[2,4]},"meta":{"lastBranch":9,"lastFunction":1,"lastStatement":3,"seen":{"s:1:0:1:Infinity":0,"f:25:16:25:28":0,"s:32:39:32:Infinity":1,"s:34:2:124:Infinity":2,"b:57:61:57:82:57:82:57:87":0,"b:63:26:63:49:63:49:63:Infinity":1,"b:74:24:74:53:74:53:74:Infinity":2,"b:88:24:88:44:88:44:88:Infinity":3,"b:96:24:96:44:96:44:96:Infinity":4,"b:108:26:108:48:108:48:108:Infinity":5,"b:114:7:114:23:114:23:114:Infinity":6,"b:118:21:118:43:118:43:118:Infinity":7,"b:118:53:118:87:118:87:118:Infinity":8},"fnNames":{}}}
,"/home/rey/Porte-folio/components/admin/data-table.tsx": {"path":"/home/rey/Porte-folio/components/admin/data-table.tsx","statementMap":{"0":{"start":{"line":1,"column":0},"end":{"line":1,"column":null}},"1":{"start":{"line":39,"column":32},"end":{"line":39,"column":null}},"2":{"start":{"line":40,"column":42},"end":{"line":40,"column":null}},"3":{"start":{"line":42,"column":16},"end":{"line":61,"column":null}},"4":{"start":{"line":63,"column":2},"end":{"line":165,"column":null}},"5":{"start":{"line":72,"column":14},"end":{"line":72,"column":null}},"6":{"start":{"line":73,"column":14},"end":{"line":73,"column":null}},"7":{"start":{"line":84,"column":14},"end":{"line":107,"column":null}},"8":{"start":{"line":86,"column":18},"end":{"line":105,"column":null}},"9":{"start":{"line":113,"column":16},"end":{"line":125,"column":null}},"10":{"start":{"line":118,"column":20},"end":{"line":123,"column":null}},"11":{"start":{"line":151,"column":27},"end":{"line":151,"column":null}},"12":{"start":{"line":159,"column":27},"end":{"line":159,"column":null}}},"fnMap":{"0":{"name":"DataTable","decl":{"start":{"line":33,"column":16},"end":{"line":33,"column":41}},"loc":{"start":{"line":38,"column":34},"end":{"line":167,"column":null}},"line":38},"1":{"name":"(anonymous_1)","decl":{"start":{"line":71,"column":12},"end":{"line":71,"column":23}},"loc":{"start":{"line":71,"column":29},"end":{"line":74,"column":null}},"line":71},"2":{"name":"(anonymous_2)","decl":{"start":{"line":83,"column":37},"end":{"line":83,"column":42}},"loc":{"start":{"line":84,"column":14},"end":{"line":107,"column":null}},"line":84},"3":{"name":"(anonymous_3)","decl":{"start":{"line":85,"column":37},"end":{"line":85,"column":42}},"loc":{"start":{"line":86,"column":18},"end":{"line":105,"column":null}},"line":86},"4":{"name":"(anonymous_4)","decl":{"start":{"line":112,"column":39},"end":{"line":112,"column":44}},"loc":{"start":{"line":113,"column":16},"end":{"line":125,"column":null}},"line":113},"5":{"name":"(anonymous_5)","decl":{"start":{"line":117,"column":41},"end":{"line":117,"column":46}},"loc":{"start":{"line":118,"column":20},"end":{"line":123,"column":null}},"line":118},"6":{"name":"(anonymous_6)","decl":{"start":{"line":151,"column":12},"end":{"line":151,"column":27}},"loc":{"start":{"line":151,"column":27},"end":{"line":151,"column":null}},"line":151},"7":{"name":"(anonymous_7)","decl":{"start":{"line":159,"column":12},"end":{"line":159,"column":27}},"loc":{"start":{"line":159,"column":27},"end":{"line":159,"column":null}},"line":159}},"branchMap":{"0":{"loc":{"start":{"line":37,"column":2},"end":{"line":37,"column":null}},"type":"default-arg","locations":[{"start":{"line":37,"column":22},"end":{"line":37,"column":null}}],"line":37},"1":{"loc":{"start":{"line":47,"column":20},"end":{"line":47,"column":null}},"type":"cond-expr","locations":[{"start":{"line":47,"column":32},"end":{"line":47,"column":44}},{"start":{"line":47,"column":44},"end":{"line":47,"column":null}}],"line":47},"2":{"loc":{"start":{"line":48,"column":21},"end":{"line":50,"column":null}},"type":"cond-expr","locations":[{"start":{"line":49,"column":10},"end":{"line":49,"column":null}},{"start":{"line":50,"column":10},"end":{"line":50,"column":null}}],"line":48},"3":{"loc":{"start":{"line":90,"column":22},"end":{"line":92,"column":null}},"type":"cond-expr","locations":[{"start":{"line":91,"column":26},"end":{"line":91,"column":null}},{"start":{"line":92,"column":26},"end":{"line":92,"column":null}}],"line":90},"4":{"loc":{"start":{"line":100,"column":23},"end":{"line":103,"column":null}},"type":"binary-expr","locations":[{"start":{"line":100,"column":23},"end":{"line":103,"column":66}},{"start":{"line":103,"column":66},"end":{"line":103,"column":null}}],"line":100},"5":{"loc":{"start":{"line":111,"column":13},"end":{"line":137,"column":null}},"type":"cond-expr","locations":[{"start":{"line":112,"column":14},"end":{"line":126,"column":null}},{"start":{"line":128,"column":14},"end":{"line":137,"column":null}}],"line":111},"6":{"loc":{"start":{"line":115,"column":30},"end":{"line":115,"column":null}},"type":"binary-expr","locations":[{"start":{"line":115,"column":30},"end":{"line":115,"column":53}},{"start":{"line":115,"column":53},"end":{"line":115,"column":null}}],"line":115}},"s":{"0":1,"1":6,"2":6,"3":6,"4":6,"5":1,"6":1,"7":6,"8":6,"9":20,"10":20,"11":0,"12":1},"f":{"0":6,"1":1,"2":6,"3":6,"4":20,"5":20,"6":0,"7":1},"b":{"0":[6],"1":[2,4],"2":[2,4],"3":[6,0],"4":[6,6],"5":[5,1],"6":[20,0]},"meta":{"lastBranch":7,"lastFunction":8,"lastStatement":13,"seen":{"s:1:0:1:Infinity":0,"f:33:16:33:41":0,"b:37:22:37:Infinity":0,"s:39:32:39:Infinity":1,"s:40:42:40:Infinity":2,"s:42:16:61:Infinity":3,"b:47:32:47:44:47:44:47:Infinity":1,"b:49:10:49:Infinity:50:10:50:Infinity":2,"s:63:2:165:Infinity":4,"f:71:12:71:23":1,"s:72:14:72:Infinity":5,"s:73:14:73:Infinity":6,"f:83:37:83:42":2,"s:84:14:107:Infinity":7,"f:85:37:85:42":3,"s:86:18:105:Infinity":8,"b:91:26:91:Infinity:92:26:92:Infinity":3,"b:100:23:103:66:103:66:103:Infinity":4,"b:112:14:126:Infinity:128:14:137:Infinity":5,"f:112:39:112:44":4,"s:113:16:125:Infinity":9,"b:115:30:115:53:115:53:115:Infinity":6,"f:117:41:117:46":5,"s:118:20:123:Infinity":10,"f:151:12:151:27":6,"s:151:27:151:Infinity":11,"f:159:12:159:27":7,"s:159:27:159:Infinity":12},"fnNames":{}}}
,"/home/rey/Porte-folio/components/admin/delete-button.tsx": {"path":"/home/rey/Porte-folio/components/admin/delete-button.tsx","statementMap":{"0":{"start":{"line":1,"column":0},"end":{"line":1,"column":null}},"1":{"start":{"line":24,"column":37},"end":{"line":24,"column":51}},"2":{"start":{"line":26,"column":2},"end":{"line":52,"column":null}},"3":{"start":{"line":45,"column":14},"end":{"line":47,"column":null}},"4":{"start":{"line":46,"column":16},"end":{"line":46,"column":null}}},"fnMap":{"0":{"name":"DeleteButton","decl":{"start":{"line":17,"column":16},"end":{"line":17,"column":29}},"loc":{"start":{"line":23,"column":3},"end":{"line":54,"column":null}},"line":23},"1":{"name":"(anonymous_1)","decl":{"start":{"line":44,"column":12},"end":{"line":44,"column":null}},"loc":{"start":{"line":45,"column":14},"end":{"line":47,"column":null}},"line":45},"2":{"name":"(anonymous_2)","decl":{"start":{"line":45,"column":14},"end":{"line":45,"column":36}},"loc":{"start":{"line":45,"column":36},"end":{"line":47,"column":15}},"line":45}},"branchMap":{"0":{"loc":{"start":{"line":19,"column":2},"end":{"line":19,"column":null}},"type":"default-arg","locations":[{"start":{"line":19,"column":19},"end":{"line":19,"column":null}}],"line":19},"1":{"loc":{"start":{"line":41,"column":17},"end":{"line":41,"column":null}},"type":"cond-expr","locations":[{"start":{"line":41,"column":27},"end":{"line":41,"column":46}},{"start":{"line":41,"column":46},"end":{"line":41,"column":null}}],"line":41}},"s":{"0":2,"1":15,"2":15,"3":1,"4":1},"f":{"0":15,"1":1,"2":1},"b":{"0":[15],"1":[1,14]},"meta":{"lastBranch":2,"lastFunction":3,"lastStatement":5,"seen":{"s:1:0:1:Infinity":0,"f:17:16:17:29":0,"b:19:19:19:Infinity":0,"s:24:37:24:51":1,"s:26:2:52:Infinity":2,"b:41:27:41:46:41:46:41:Infinity":1,"f:44:12:44:Infinity":1,"s:45:14:47:Infinity":3,"f:45:14:45:36":2,"s:46:16:46:Infinity":4},"fnNames":{}}}
,"/home/rey/Porte-folio/components/admin/gallery-form.tsx": {"path":"/home/rey/Porte-folio/components/admin/gallery-form.tsx","statementMap":{"0":{"start":{"line":1,"column":0},"end":{"line":1,"column":null}},"1":{"start":{"line":13,"column":18},"end":{"line":13,"column":null}},"2":{"start":{"line":14,"column":39},"end":{"line":17,"column":null}},"3":{"start":{"line":19,"column":2},"end":{"line":24,"column":null}},"4":{"start":{"line":20,"column":4},"end":{"line":23,"column":null}},"5":{"start":{"line":21,"column":6},"end":{"line":21,"column":null}},"6":{"start":{"line":22,"column":6},"end":{"line":22,"column":null}},"7":{"start":{"line":26,"column":2},"end":{"line":53,"column":null}}},"fnMap":{"0":{"name":"GalleryForm","decl":{"start":{"line":12,"column":16},"end":{"line":12,"column":30}},"loc":{"start":{"line":12,"column":30},"end":{"line":55,"column":null}},"line":12},"1":{"name":"(anonymous_1)","decl":{"start":{"line":19,"column":2},"end":{"line":19,"column":18}},"loc":{"start":{"line":19,"column":18},"end":{"line":24,"column":5}},"line":19}},"branchMap":{"0":{"loc":{"start":{"line":20,"column":4},"end":{"line":23,"column":null}},"type":"if","locations":[{"start":{"line":20,"column":4},"end":{"line":23,"column":null}},{"start":{},"end":{}}],"line":20},"1":{"loc":{"start":{"line":20,"column":8},"end":{"line":20,"column":41}},"type":"binary-expr","locations":[{"start":{"line":20,"column":8},"end":{"line":20,"column":20}},{"start":{"line":20,"column":20},"end":{"line":20,"column":41}}],"line":20},"2":{"loc":{"start":{"line":46,"column":7},"end":{"line":47,"column":null}},"type":"binary-expr","locations":[{"start":{"line":46,"column":7},"end":{"line":46,"column":null}},{"start":{"line":47,"column":8},"end":{"line":47,"column":null}}],"line":46},"3":{"loc":{"start":{"line":51,"column":9},"end":{"line":51,"column":null}},"type":"cond-expr","locations":[{"start":{"line":51,"column":19},"end":{"line":51,"column":32}},{"start":{"line":51,"column":32},"end":{"line":51,"column":null}}],"line":51}},"s":{"0":1,"1":8,"2":8,"3":8,"4":6,"5":2,"6":2,"7":8},"f":{"0":8,"1":6},"b":{"0":[2,4],"1":[6,4],"2":[8,1],"3":[2,4]},"meta":{"lastBranch":4,"lastFunction":2,"lastStatement":8,"seen":{"s:1:0:1:Infinity":0,"f:12:16:12:30":0,"s:13:18:13:Infinity":1,"s:14:39:17:Infinity":2,"s:19:2:24:Infinity":3,"f:19:2:19:18":1,"b:20:4:23:Infinity:undefined:undefined:undefined:undefined":0,"s:20:4:23:Infinity":4,"b:20:8:20:20:20:20:20:41":1,"s:21:6:21:Infinity":5,"s:22:6:22:Infinity":6,"s:26:2:53:Infinity":7,"b:46:7:46:Infinity:47:8:47:Infinity":2,"b:51:19:51:32:51:32:51:Infinity":3},"fnNames":{}}}
,"/home/rey/Porte-folio/components/admin/insert-image-dialog.tsx": {"path":"/home/rey/Porte-folio/components/admin/insert-image-dialog.tsx","statementMap":{"0":{"start":{"line":1,"column":0},"end":{"line":1,"column":null}},"1":{"start":{"line":26,"column":27},"end":{"line":26,"column":62}},"2":{"start":{"line":37,"column":19},"end":{"line":37,"column":null}},"3":{"start":{"line":38,"column":24},"end":{"line":38,"column":null}},"4":{"start":{"line":39,"column":32},"end":{"line":39,"column":null}},"5":{"start":{"line":40,"column":24},"end":{"line":40,"column":null}},"6":{"start":{"line":41,"column":34},"end":{"line":41,"column":null}},"7":{"start":{"line":42,"column":28},"end":{"line":42,"column":null}},"8":{"start":{"line":44,"column":39},"end":{"line":55,"column":null}},"9":{"start":{"line":46,"column":23},"end":{"line":46,"column":null}},"10":{"start":{"line":47,"column":6},"end":{"line":50,"column":null}},"11":{"start":{"line":48,"column":8},"end":{"line":48,"column":null}},"12":{"start":{"line":49,"column":8},"end":{"line":49,"column":null}},"13":{"start":{"line":53,"column":6},"end":{"line":53,"column":null}},"14":{"start":{"line":57,"column":2},"end":{"line":66,"column":null}},"15":{"start":{"line":58,"column":4},"end":{"line":65,"column":null}},"16":{"start":{"line":59,"column":6},"end":{"line":59,"column":null}},"17":{"start":{"line":60,"column":6},"end":{"line":60,"column":null}},"18":{"start":{"line":61,"column":6},"end":{"line":61,"column":null}},"19":{"start":{"line":62,"column":6},"end":{"line":62,"column":null}},"20":{"start":{"line":63,"column":6},"end":{"line":63,"column":null}},"21":{"start":{"line":64,"column":6},"end":{"line":64,"column":null}},"22":{"start":{"line":64,"column":28},"end":{"line":64,"column":null}},"23":{"start":{"line":68,"column":21},"end":{"line":85,"column":null}},"24":{"start":{"line":70,"column":6},"end":{"line":73,"column":null}},"25":{"start":{"line":71,"column":8},"end":{"line":71,"column":null}},"26":{"start":{"line":72,"column":8},"end":{"line":72,"column":null}},"27":{"start":{"line":74,"column":6},"end":{"line":77,"column":null}},"28":{"start":{"line":75,"column":8},"end":{"line":75,"column":null}},"29":{"start":{"line":76,"column":8},"end":{"line":76,"column":null}},"30":{"start":{"line":78,"column":6},"end":{"line":78,"column":null}},"31":{"start":{"line":79,"column":27},"end":{"line":79,"column":null}},"32":{"start":{"line":80,"column":6},"end":{"line":80,"column":null}},"33":{"start":{"line":81,"column":6},"end":{"line":81,"column":null}},"34":{"start":{"line":82,"column":6},"end":{"line":82,"column":null}},"35":{"start":{"line":87,"column":21},"end":{"line":94,"column":null}},"36":{"start":{"line":89,"column":6},"end":{"line":89,"column":null}},"37":{"start":{"line":90,"column":19},"end":{"line":90,"column":null}},"38":{"start":{"line":91,"column":6},"end":{"line":91,"column":null}},"39":{"start":{"line":91,"column":16},"end":{"line":91,"column":null}},"40":{"start":{"line":96,"column":23},"end":{"line":102,"column":null}},"41":{"start":{"line":98,"column":19},"end":{"line":98,"column":null}},"42":{"start":{"line":99,"column":6},"end":{"line":99,"column":null}},"43":{"start":{"line":99,"column":16},"end":{"line":99,"column":null}},"44":{"start":{"line":104,"column":8},"end":{"line":108,"column":null}},"45":{"start":{"line":105,"column":4},"end":{"line":105,"column":null}},"46":{"start":{"line":105,"column":14},"end":{"line":105,"column":null}},"47":{"start":{"line":106,"column":4},"end":{"line":106,"column":null}},"48":{"start":{"line":107,"column":4},"end":{"line":107,"column":null}},"49":{"start":{"line":110,"column":2},"end":{"line":209,"column":null}},"50":{"start":{"line":132,"column":18},"end":{"line":132,"column":null}},"51":{"start":{"line":133,"column":18},"end":{"line":133,"column":null}},"52":{"start":{"line":134,"column":18},"end":{"line":134,"column":null}},"53":{"start":{"line":134,"column":40},"end":{"line":134,"column":null}},"54":{"start":{"line":144,"column":33},"end":{"line":144,"column":null}},"55":{"start":{"line":145,"column":29},"end":{"line":145,"column":null}},"56":{"start":{"line":180,"column":31},"end":{"line":180,"column":null}},"57":{"start":{"line":187,"column":59},"end":{"line":187,"column":null}},"58":{"start":{"line":201,"column":51},"end":{"line":201,"column":72}}},"fnMap":{"0":{"name":"InsertImageDialog","decl":{"start":{"line":36,"column":16},"end":{"line":36,"column":34}},"loc":{"start":{"line":36,"column":75},"end":{"line":211,"column":null}},"line":36},"1":{"name":"(anonymous_1)","decl":{"start":{"line":45,"column":4},"end":{"line":45,"column":29}},"loc":{"start":{"line":45,"column":37},"end":{"line":51,"column":null}},"line":45},"2":{"name":"(anonymous_2)","decl":{"start":{"line":52,"column":4},"end":{"line":52,"column":20}},"loc":{"start":{"line":52,"column":28},"end":{"line":54,"column":null}},"line":52},"3":{"name":"(anonymous_3)","decl":{"start":{"line":57,"column":2},"end":{"line":57,"column":18}},"loc":{"start":{"line":57,"column":18},"end":{"line":66,"column":5}},"line":57},"4":{"name":"(anonymous_4)","decl":{"start":{"line":69,"column":4},"end":{"line":69,"column":11}},"loc":{"start":{"line":69,"column":26},"end":{"line":83,"column":null}},"line":69},"5":{"name":"(anonymous_5)","decl":{"start":{"line":87,"column":21},"end":{"line":87,"column":null}},"loc":{"start":{"line":88,"column":28},"end":{"line":92,"column":null}},"line":88},"6":{"name":"(anonymous_6)","decl":{"start":{"line":96,"column":23},"end":{"line":96,"column":null}},"loc":{"start":{"line":97,"column":48},"end":{"line":100,"column":null}},"line":97},"7":{"name":"(anonymous_7)","decl":{"start":{"line":104,"column":8},"end":{"line":104,"column":29}},"loc":{"start":{"line":104,"column":29},"end":{"line":108,"column":null}},"line":104},"8":{"name":"(anonymous_8)","decl":{"start":{"line":131,"column":16},"end":{"line":131,"column":31}},"loc":{"start":{"line":131,"column":31},"end":{"line":135,"column":null}},"line":131},"9":{"name":"(anonymous_9)","decl":{"start":{"line":144,"column":14},"end":{"line":144,"column":27}},"loc":{"start":{"line":144,"column":33},"end":{"line":144,"column":null}},"line":144},"10":{"name":"(anonymous_10)","decl":{"start":{"line":145,"column":14},"end":{"line":145,"column":29}},"loc":{"start":{"line":145,"column":29},"end":{"line":145,"column":null}},"line":145},"11":{"name":"(anonymous_11)","decl":{"start":{"line":180,"column":14},"end":{"line":180,"column":25}},"loc":{"start":{"line":180,"column":31},"end":{"line":180,"column":null}},"line":180},"12":{"name":"(anonymous_12)","decl":{"start":{"line":187,"column":37},"end":{"line":187,"column":53}},"loc":{"start":{"line":187,"column":59},"end":{"line":187,"column":null}},"line":187},"13":{"name":"(anonymous_13)","decl":{"start":{"line":201,"column":36},"end":{"line":201,"column":51}},"loc":{"start":{"line":201,"column":51},"end":{"line":201,"column":72}},"line":201}},"branchMap":{"0":{"loc":{"start":{"line":47,"column":6},"end":{"line":50,"column":null}},"type":"if","locations":[{"start":{"line":47,"column":6},"end":{"line":50,"column":null}},{"start":{},"end":{}}],"line":47},"1":{"loc":{"start":{"line":53,"column":15},"end":{"line":53,"column":55}},"type":"binary-expr","locations":[{"start":{"line":53,"column":15},"end":{"line":53,"column":30}},{"start":{"line":53,"column":30},"end":{"line":53,"column":55}}],"line":53},"2":{"loc":{"start":{"line":58,"column":4},"end":{"line":65,"column":null}},"type":"if","locations":[{"start":{"line":58,"column":4},"end":{"line":65,"column":null}},{"start":{},"end":{}}],"line":58},"3":{"loc":{"start":{"line":64,"column":6},"end":{"line":64,"column":null}},"type":"if","locations":[{"start":{"line":64,"column":6},"end":{"line":64,"column":null}},{"start":{},"end":{}}],"line":64},"4":{"loc":{"start":{"line":70,"column":6},"end":{"line":73,"column":null}},"type":"if","locations":[{"start":{"line":70,"column":6},"end":{"line":73,"column":null}},{"start":{},"end":{}}],"line":70},"5":{"loc":{"start":{"line":74,"column":6},"end":{"line":77,"column":null}},"type":"if","locations":[{"start":{"line":74,"column":6},"end":{"line":77,"column":null}},{"start":{},"end":{}}],"line":74},"6":{"loc":{"start":{"line":91,"column":6},"end":{"line":91,"column":null}},"type":"if","locations":[{"start":{"line":91,"column":6},"end":{"line":91,"column":null}},{"start":{},"end":{}}],"line":91},"7":{"loc":{"start":{"line":99,"column":6},"end":{"line":99,"column":null}},"type":"if","locations":[{"start":{"line":99,"column":6},"end":{"line":99,"column":null}},{"start":{},"end":{}}],"line":99},"8":{"loc":{"start":{"line":105,"column":4},"end":{"line":105,"column":null}},"type":"if","locations":[{"start":{"line":105,"column":4},"end":{"line":105,"column":null}},{"start":{},"end":{}}],"line":105},"9":{"loc":{"start":{"line":106,"column":18},"end":{"line":106,"column":41}},"type":"binary-expr","locations":[{"start":{"line":106,"column":18},"end":{"line":106,"column":32}},{"start":{"line":106,"column":32},"end":{"line":106,"column":41}}],"line":106},"10":{"loc":{"start":{"line":121,"column":11},"end":{"line":170,"column":null}},"type":"cond-expr","locations":[{"start":{"line":122,"column":12},"end":{"line":142,"column":13}},{"start":{"line":142,"column":12},"end":{"line":170,"column":null}}],"line":121},"11":{"loc":{"start":{"line":124,"column":15},"end":{"line":127,"column":null}},"type":"binary-expr","locations":[{"start":{"line":124,"column":15},"end":{"line":124,"column":null}},{"start":{"line":125,"column":16},"end":{"line":127,"column":null}}],"line":124},"12":{"loc":{"start":{"line":134,"column":18},"end":{"line":134,"column":null}},"type":"if","locations":[{"start":{"line":134,"column":18},"end":{"line":134,"column":null}},{"start":{},"end":{}}],"line":134},"13":{"loc":{"start":{"line":148,"column":15},"end":{"line":163,"column":15}},"type":"cond-expr","locations":[{"start":{"line":149,"column":16},"end":{"line":151,"column":null}},{"start":{"line":151,"column":16},"end":{"line":163,"column":15}}],"line":148},"14":{"loc":{"start":{"line":173,"column":11},"end":{"line":173,"column":null}},"type":"binary-expr","locations":[{"start":{"line":173,"column":11},"end":{"line":173,"column":20}},{"start":{"line":173,"column":20},"end":{"line":173,"column":null}}],"line":173},"15":{"loc":{"start":{"line":204,"column":51},"end":{"line":204,"column":72}},"type":"binary-expr","locations":[{"start":{"line":204,"column":51},"end":{"line":204,"column":59}},{"start":{"line":204,"column":59},"end":{"line":204,"column":72}}],"line":204}},"s":{"0":3,"1":3,"2":285,"3":285,"4":285,"5":285,"6":285,"7":285,"8":285,"9":9,"10":9,"11":9,"12":9,"13":1,"14":285,"15":53,"16":14,"17":14,"18":14,"19":14,"20":14,"21":14,"22":0,"23":285,"24":11,"25":1,"26":1,"27":10,"28":0,"29":0,"30":10,"31":10,"32":10,"33":10,"34":10,"35":285,"36":0,"37":0,"38":0,"39":0,"40":285,"41":11,"42":11,"43":11,"44":285,"45":7,"46":0,"47":7,"48":7,"49":285,"50":1,"51":1,"52":1,"53":0,"54":0,"55":0,"56":9,"57":6,"58":1},"f":{"0":285,"1":9,"2":1,"3":53,"4":11,"5":0,"6":11,"7":7,"8":1,"9":0,"10":0,"11":9,"12":6,"13":1},"b":{"0":[9,0],"1":[1,0],"2":[14,39],"3":[0,14],"4":[1,10],"5":[0,10],"6":[0,0],"7":[11,0],"8":[0,7],"9":[7,6],"10":[41,244],"11":[41,0],"12":[0,1],"13":[0,244],"14":[285,4],"15":[285,39]},"meta":{"lastBranch":16,"lastFunction":14,"lastStatement":59,"seen":{"s:1:0:1:Infinity":0,"s:26:27:26:62":1,"f:36:16:36:34":0,"s:37:19:37:Infinity":2,"s:38:24:38:Infinity":3,"s:39:32:39:Infinity":4,"s:40:24:40:Infinity":5,"s:41:34:41:Infinity":6,"s:42:28:42:Infinity":7,"s:44:39:55:Infinity":8,"f:45:4:45:29":1,"s:46:23:46:Infinity":9,"b:47:6:50:Infinity:undefined:undefined:undefined:undefined":0,"s:47:6:50:Infinity":10,"s:48:8:48:Infinity":11,"s:49:8:49:Infinity":12,"f:52:4:52:20":2,"s:53:6:53:Infinity":13,"b:53:15:53:30:53:30:53:55":1,"s:57:2:66:Infinity":14,"f:57:2:57:18":3,"b:58:4:65:Infinity:undefined:undefined:undefined:undefined":2,"s:58:4:65:Infinity":15,"s:59:6:59:Infinity":16,"s:60:6:60:Infinity":17,"s:61:6:61:Infinity":18,"s:62:6:62:Infinity":19,"s:63:6:63:Infinity":20,"b:64:6:64:Infinity:undefined:undefined:undefined:undefined":3,"s:64:6:64:Infinity":21,"s:64:28:64:Infinity":22,"s:68:21:85:Infinity":23,"f:69:4:69:11":4,"b:70:6:73:Infinity:undefined:undefined:undefined:undefined":4,"s:70:6:73:Infinity":24,"s:71:8:71:Infinity":25,"s:72:8:72:Infinity":26,"b:74:6:77:Infinity:undefined:undefined:undefined:undefined":5,"s:74:6:77:Infinity":27,"s:75:8:75:Infinity":28,"s:76:8:76:Infinity":29,"s:78:6:78:Infinity":30,"s:79:27:79:Infinity":31,"s:80:6:80:Infinity":32,"s:81:6:81:Infinity":33,"s:82:6:82:Infinity":34,"s:87:21:94:Infinity":35,"f:87:21:87:Infinity":5,"s:89:6:89:Infinity":36,"s:90:19:90:Infinity":37,"b:91:6:91:Infinity:undefined:undefined:undefined:undefined":6,"s:91:6:91:Infinity":38,"s:91:16:91:Infinity":39,"s:96:23:102:Infinity":40,"f:96:23:96:Infinity":6,"s:98:19:98:Infinity":41,"b:99:6:99:Infinity:undefined:undefined:undefined:undefined":7,"s:99:6:99:Infinity":42,"s:99:16:99:Infinity":43,"s:104:8:108:Infinity":44,"f:104:8:104:29":7,"b:105:4:105:Infinity:undefined:undefined:undefined:undefined":8,"s:105:4:105:Infinity":45,"s:105:14:105:Infinity":46,"s:106:4:106:Infinity":47,"b:106:18:106:32:106:32:106:41":9,"s:107:4:107:Infinity":48,"s:110:2:209:Infinity":49,"b:122:12:142:13:142:12:170:Infinity":10,"b:124:15:124:Infinity:125:16:127:Infinity":11,"f:131:16:131:31":8,"s:132:18:132:Infinity":50,"s:133:18:133:Infinity":51,"b:134:18:134:Infinity:undefined:undefined:undefined:undefined":12,"s:134:18:134:Infinity":52,"s:134:40:134:Infinity":53,"f:144:14:144:27":9,"s:144:33:144:Infinity":54,"f:145:14:145:29":10,"s:145:29:145:Infinity":55,"b:149:16:151:Infinity:151:16:163:15":13,"b:173:11:173:20:173:20:173:Infinity":14,"f:180:14:180:25":11,"s:180:31:180:Infinity":56,"f:187:37:187:53":12,"s:187:59:187:Infinity":57,"f:201:36:201:51":13,"s:201:51:201:72":58,"b:204:51:204:59:204:59:204:72":15},"fnNames":{}}}
,"/home/rey/Porte-folio/components/admin/press-form.tsx": {"path":"/home/rey/Porte-folio/components/admin/press-form.tsx","statementMap":{"0":{"start":{"line":1,"column":0},"end":{"line":1,"column":null}},"1":{"start":{"line":13,"column":18},"end":{"line":13,"column":null}},"2":{"start":{"line":14,"column":39},"end":{"line":17,"column":null}},"3":{"start":{"line":19,"column":2},"end":{"line":24,"column":null}},"4":{"start":{"line":20,"column":4},"end":{"line":23,"column":null}},"5":{"start":{"line":21,"column":6},"end":{"line":21,"column":null}},"6":{"start":{"line":22,"column":6},"end":{"line":22,"column":null}},"7":{"start":{"line":26,"column":2},"end":{"line":64,"column":null}}},"fnMap":{"0":{"name":"PressForm","decl":{"start":{"line":12,"column":16},"end":{"line":12,"column":28}},"loc":{"start":{"line":12,"column":28},"end":{"line":66,"column":null}},"line":12},"1":{"name":"(anonymous_1)","decl":{"start":{"line":19,"column":2},"end":{"line":19,"column":18}},"loc":{"start":{"line":19,"column":18},"end":{"line":24,"column":5}},"line":19}},"branchMap":{"0":{"loc":{"start":{"line":20,"column":4},"end":{"line":23,"column":null}},"type":"if","locations":[{"start":{"line":20,"column":4},"end":{"line":23,"column":null}},{"start":{},"end":{}}],"line":20},"1":{"loc":{"start":{"line":20,"column":8},"end":{"line":20,"column":41}},"type":"binary-expr","locations":[{"start":{"line":20,"column":8},"end":{"line":20,"column":20}},{"start":{"line":20,"column":20},"end":{"line":20,"column":41}}],"line":20},"2":{"loc":{"start":{"line":57,"column":7},"end":{"line":58,"column":null}},"type":"binary-expr","locations":[{"start":{"line":57,"column":7},"end":{"line":57,"column":null}},{"start":{"line":58,"column":8},"end":{"line":58,"column":null}}],"line":57},"3":{"loc":{"start":{"line":62,"column":9},"end":{"line":62,"column":null}},"type":"cond-expr","locations":[{"start":{"line":62,"column":19},"end":{"line":62,"column":32}},{"start":{"line":62,"column":32},"end":{"line":62,"column":null}}],"line":62}},"s":{"0":1,"1":8,"2":8,"3":8,"4":6,"5":2,"6":2,"7":8},"f":{"0":8,"1":6},"b":{"0":[2,4],"1":[6,4],"2":[8,1],"3":[2,4]},"meta":{"lastBranch":4,"lastFunction":2,"lastStatement":8,"seen":{"s:1:0:1:Infinity":0,"f:12:16:12:28":0,"s:13:18:13:Infinity":1,"s:14:39:17:Infinity":2,"s:19:2:24:Infinity":3,"f:19:2:19:18":1,"b:20:4:23:Infinity:undefined:undefined:undefined:undefined":0,"s:20:4:23:Infinity":4,"b:20:8:20:20:20:20:20:41":1,"s:21:6:21:Infinity":5,"s:22:6:22:Infinity":6,"s:26:2:64:Infinity":7,"b:57:7:57:Infinity:58:8:58:Infinity":2,"b:62:19:62:32:62:32:62:Infinity":3},"fnNames":{}}}
,"/home/rey/Porte-folio/components/admin/status-select.tsx": {"path":"/home/rey/Porte-folio/components/admin/status-select.tsx","statementMap":{"0":{"start":{"line":1,"column":0},"end":{"line":1,"column":null}},"1":{"start":{"line":12,"column":45},"end":{"line":16,"column":null}},"2":{"start":{"line":27,"column":37},"end":{"line":27,"column":51}},"3":{"start":{"line":29,"column":2},"end":{"line":47,"column":null}},"4":{"start":{"line":34,"column":8},"end":{"line":36,"column":null}},"5":{"start":{"line":35,"column":10},"end":{"line":35,"column":null}}},"fnMap":{"0":{"name":"StatusSelect","decl":{"start":{"line":18,"column":16},"end":{"line":18,"column":29}},"loc":{"start":{"line":26,"column":3},"end":{"line":49,"column":null}},"line":26},"1":{"name":"(anonymous_1)","decl":{"start":{"line":33,"column":6},"end":{"line":33,"column":22}},"loc":{"start":{"line":34,"column":8},"end":{"line":36,"column":null}},"line":34},"2":{"name":"(anonymous_2)","decl":{"start":{"line":34,"column":24},"end":{"line":34,"column":36}},"loc":{"start":{"line":34,"column":36},"end":{"line":36,"column":9}},"line":34}},"branchMap":{"0":{"loc":{"start":{"line":40,"column":22},"end":{"line":40,"column":66}},"type":"binary-expr","locations":[{"start":{"line":40,"column":22},"end":{"line":40,"column":46}},{"start":{"line":40,"column":46},"end":{"line":40,"column":66}}],"line":40}},"s":{"0":2,"1":2,"2":16,"3":16,"4":1,"5":1},"f":{"0":16,"1":1,"2":1},"b":{"0":[16,1]},"meta":{"lastBranch":1,"lastFunction":3,"lastStatement":6,"seen":{"s:1:0:1:Infinity":0,"s:12:45:16:Infinity":1,"f:18:16:18:29":0,"s:27:37:27:51":2,"s:29:2:47:Infinity":3,"f:33:6:33:22":1,"s:34:8:36:Infinity":4,"f:34:24:34:36":2,"s:35:10:35:Infinity":5,"b:40:22:40:46:40:46:40:66":0},"fnNames":{}}}
,"/home/rey/Porte-folio/components/admin/uploadthing-upload.tsx": {"path":"/home/rey/Porte-folio/components/admin/uploadthing-upload.tsx","statementMap":{"0":{"start":{"line":1,"column":0},"end":{"line":1,"column":null}},"1":{"start":{"line":9,"column":27},"end":{"line":9,"column":62}},"2":{"start":{"line":19,"column":19},"end":{"line":19,"column":null}},"3":{"start":{"line":20,"column":32},"end":{"line":20,"column":null}},"4":{"start":{"line":21,"column":28},"end":{"line":21,"column":null}},"5":{"start":{"line":22,"column":24},"end":{"line":22,"column":null}},"6":{"start":{"line":24,"column":39},"end":{"line":38,"column":null}},"7":{"start":{"line":26,"column":23},"end":{"line":26,"column":null}},"8":{"start":{"line":27,"column":6},"end":{"line":31,"column":null}},"9":{"start":{"line":28,"column":8},"end":{"line":28,"column":null}},"10":{"start":{"line":29,"column":8},"end":{"line":29,"column":null}},"11":{"start":{"line":30,"column":8},"end":{"line":30,"column":null}},"12":{"start":{"line":34,"column":6},"end":{"line":34,"column":null}},"13":{"start":{"line":35,"column":6},"end":{"line":35,"column":null}},"14":{"start":{"line":36,"column":6},"end":{"line":36,"column":null}},"15":{"start":{"line":40,"column":21},"end":{"line":58,"column":null}},"16":{"start":{"line":41,"column":4},"end":{"line":44,"column":null}},"17":{"start":{"line":42,"column":6},"end":{"line":42,"column":null}},"18":{"start":{"line":43,"column":6},"end":{"line":43,"column":null}},"19":{"start":{"line":46,"column":4},"end":{"line":49,"column":null}},"20":{"start":{"line":47,"column":6},"end":{"line":47,"column":null}},"21":{"start":{"line":48,"column":6},"end":{"line":48,"column":null}},"22":{"start":{"line":51,"column":4},"end":{"line":51,"column":null}},"23":{"start":{"line":53,"column":25},"end":{"line":53,"column":null}},"24":{"start":{"line":54,"column":4},"end":{"line":54,"column":null}},"25":{"start":{"line":56,"column":4},"end":{"line":56,"column":null}},"26":{"start":{"line":57,"column":4},"end":{"line":57,"column":null}},"27":{"start":{"line":60,"column":21},"end":{"line":67,"column":null}},"28":{"start":{"line":62,"column":6},"end":{"line":62,"column":null}},"29":{"start":{"line":63,"column":19},"end":{"line":63,"column":null}},"30":{"start":{"line":64,"column":6},"end":{"line":64,"column":null}},"31":{"start":{"line":64,"column":16},"end":{"line":64,"column":null}},"32":{"start":{"line":69,"column":23},"end":{"line":75,"column":null}},"33":{"start":{"line":71,"column":19},"end":{"line":71,"column":null}},"34":{"start":{"line":72,"column":6},"end":{"line":72,"column":null}},"35":{"start":{"line":72,"column":16},"end":{"line":72,"column":null}},"36":{"start":{"line":77,"column":16},"end":{"line":83,"column":null}},"37":{"start":{"line":78,"column":4},"end":{"line":78,"column":null}},"38":{"start":{"line":79,"column":4},"end":{"line":79,"column":null}},"39":{"start":{"line":80,"column":4},"end":{"line":80,"column":null}},"40":{"start":{"line":81,"column":4},"end":{"line":81,"column":null}},"41":{"start":{"line":82,"column":4},"end":{"line":82,"column":null}},"42":{"start":{"line":82,"column":26},"end":{"line":82,"column":null}},"43":{"start":{"line":85,"column":2},"end":{"line":142,"column":null}},"44":{"start":{"line":114,"column":29},"end":{"line":114,"column":null}},"45":{"start":{"line":115,"column":25},"end":{"line":115,"column":null}}},"fnMap":{"0":{"name":"UploadthingUpload","decl":{"start":{"line":18,"column":16},"end":{"line":18,"column":34}},"loc":{"start":{"line":18,"column":97},"end":{"line":144,"column":null}},"line":18},"1":{"name":"(anonymous_1)","decl":{"start":{"line":25,"column":4},"end":{"line":25,"column":29}},"loc":{"start":{"line":25,"column":37},"end":{"line":32,"column":null}},"line":25},"2":{"name":"(anonymous_2)","decl":{"start":{"line":33,"column":4},"end":{"line":33,"column":20}},"loc":{"start":{"line":33,"column":28},"end":{"line":37,"column":null}},"line":33},"3":{"name":"(anonymous_3)","decl":{"start":{"line":40,"column":33},"end":{"line":40,"column":40}},"loc":{"start":{"line":40,"column":55},"end":{"line":58,"column":5}},"line":40},"4":{"name":"(anonymous_4)","decl":{"start":{"line":60,"column":21},"end":{"line":60,"column":null}},"loc":{"start":{"line":61,"column":28},"end":{"line":65,"column":null}},"line":61},"5":{"name":"(anonymous_5)","decl":{"start":{"line":69,"column":23},"end":{"line":69,"column":null}},"loc":{"start":{"line":70,"column":48},"end":{"line":73,"column":null}},"line":70},"6":{"name":"(anonymous_6)","decl":{"start":{"line":77,"column":16},"end":{"line":77,"column":34}},"loc":{"start":{"line":77,"column":34},"end":{"line":83,"column":5}},"line":77},"7":{"name":"(anonymous_7)","decl":{"start":{"line":114,"column":10},"end":{"line":114,"column":23}},"loc":{"start":{"line":114,"column":29},"end":{"line":114,"column":null}},"line":114},"8":{"name":"(anonymous_8)","decl":{"start":{"line":115,"column":10},"end":{"line":115,"column":25}},"loc":{"start":{"line":115,"column":25},"end":{"line":115,"column":null}},"line":115}},"branchMap":{"0":{"loc":{"start":{"line":18,"column":42},"end":{"line":18,"column":59}},"type":"default-arg","locations":[{"start":{"line":18,"column":50},"end":{"line":18,"column":59}}],"line":18},"1":{"loc":{"start":{"line":18,"column":59},"end":{"line":18,"column":78}},"type":"default-arg","locations":[{"start":{"line":18,"column":74},"end":{"line":18,"column":78}}],"line":18},"2":{"loc":{"start":{"line":27,"column":6},"end":{"line":31,"column":null}},"type":"if","locations":[{"start":{"line":27,"column":6},"end":{"line":31,"column":null}},{"start":{},"end":{}}],"line":27},"3":{"loc":{"start":{"line":34,"column":15},"end":{"line":34,"column":55}},"type":"binary-expr","locations":[{"start":{"line":34,"column":15},"end":{"line":34,"column":30}},{"start":{"line":34,"column":30},"end":{"line":34,"column":55}}],"line":34},"4":{"loc":{"start":{"line":41,"column":4},"end":{"line":44,"column":null}},"type":"if","locations":[{"start":{"line":41,"column":4},"end":{"line":44,"column":null}},{"start":{},"end":{}}],"line":41},"5":{"loc":{"start":{"line":46,"column":4},"end":{"line":49,"column":null}},"type":"if","locations":[{"start":{"line":46,"column":4},"end":{"line":49,"column":null}},{"start":{},"end":{}}],"line":46},"6":{"loc":{"start":{"line":64,"column":6},"end":{"line":64,"column":null}},"type":"if","locations":[{"start":{"line":64,"column":6},"end":{"line":64,"column":null}},{"start":{},"end":{}}],"line":64},"7":{"loc":{"start":{"line":72,"column":6},"end":{"line":72,"column":null}},"type":"if","locations":[{"start":{"line":72,"column":6},"end":{"line":72,"column":null}},{"start":{},"end":{}}],"line":72},"8":{"loc":{"start":{"line":82,"column":4},"end":{"line":82,"column":null}},"type":"if","locations":[{"start":{"line":82,"column":4},"end":{"line":82,"column":null}},{"start":{},"end":{}}],"line":82},"9":{"loc":{"start":{"line":87,"column":7},"end":{"line":87,"column":null}},"type":"binary-expr","locations":[{"start":{"line":87,"column":7},"end":{"line":87,"column":16}},{"start":{"line":87,"column":16},"end":{"line":87,"column":null}}],"line":87},"10":{"loc":{"start":{"line":91,"column":7},"end":{"line":138,"column":null}},"type":"cond-expr","locations":[{"start":{"line":92,"column":8},"end":{"line":112,"column":9}},{"start":{"line":112,"column":8},"end":{"line":138,"column":null}}],"line":91},"11":{"loc":{"start":{"line":98,"column":11},"end":{"line":101,"column":null}},"type":"binary-expr","locations":[{"start":{"line":98,"column":11},"end":{"line":98,"column":null}},{"start":{"line":99,"column":12},"end":{"line":101,"column":null}}],"line":98},"12":{"loc":{"start":{"line":118,"column":11},"end":{"line":131,"column":11}},"type":"cond-expr","locations":[{"start":{"line":119,"column":12},"end":{"line":121,"column":null}},{"start":{"line":121,"column":12},"end":{"line":131,"column":11}}],"line":118},"13":{"loc":{"start":{"line":141,"column":7},"end":{"line":141,"column":null}},"type":"binary-expr","locations":[{"start":{"line":141,"column":7},"end":{"line":141,"column":16}},{"start":{"line":141,"column":16},"end":{"line":141,"column":null}}],"line":141}},"s":{"0":4,"1":4,"2":36,"3":36,"4":36,"5":36,"6":36,"7":3,"8":3,"9":3,"10":3,"11":3,"12":1,"13":1,"14":1,"15":36,"16":6,"17":1,"18":1,"19":5,"20":1,"21":1,"22":4,"23":4,"24":4,"25":4,"26":4,"27":36,"28":1,"29":1,"30":1,"31":1,"32":36,"33":5,"34":5,"35":5,"36":36,"37":1,"38":1,"39":1,"40":1,"41":1,"42":0,"43":36,"44":0,"45":0},"f":{"0":36,"1":3,"2":1,"3":6,"4":1,"5":5,"6":1,"7":0,"8":0},"b":{"0":[36],"1":[36],"2":[3,0],"3":[1,0],"4":[1,5],"5":[1,4],"6":[1,0],"7":[5,0],"8":[0,1],"9":[36,36],"10":[5,31],"11":[5,0],"12":[0,31],"13":[36,3]},"meta":{"lastBranch":14,"lastFunction":9,"lastStatement":46,"seen":{"s:1:0:1:Infinity":0,"s:9:27:9:62":1,"f:18:16:18:34":0,"b:18:50:18:59":0,"b:18:74:18:78":1,"s:19:19:19:Infinity":2,"s:20:32:20:Infinity":3,"s:21:28:21:Infinity":4,"s:22:24:22:Infinity":5,"s:24:39:38:Infinity":6,"f:25:4:25:29":1,"s:26:23:26:Infinity":7,"b:27:6:31:Infinity:undefined:undefined:undefined:undefined":2,"s:27:6:31:Infinity":8,"s:28:8:28:Infinity":9,"s:29:8:29:Infinity":10,"s:30:8:30:Infinity":11,"f:33:4:33:20":2,"s:34:6:34:Infinity":12,"b:34:15:34:30:34:30:34:55":3,"s:35:6:35:Infinity":13,"s:36:6:36:Infinity":14,"s:40:21:58:Infinity":15,"f:40:33:40:40":3,"b:41:4:44:Infinity:undefined:undefined:undefined:undefined":4,"s:41:4:44:Infinity":16,"s:42:6:42:Infinity":17,"s:43:6:43:Infinity":18,"b:46:4:49:Infinity:undefined:undefined:undefined:undefined":5,"s:46:4:49:Infinity":19,"s:47:6:47:Infinity":20,"s:48:6:48:Infinity":21,"s:51:4:51:Infinity":22,"s:53:25:53:Infinity":23,"s:54:4:54:Infinity":24,"s:56:4:56:Infinity":25,"s:57:4:57:Infinity":26,"s:60:21:67:Infinity":27,"f:60:21:60:Infinity":4,"s:62:6:62:Infinity":28,"s:63:19:63:Infinity":29,"b:64:6:64:Infinity:undefined:undefined:undefined:undefined":6,"s:64:6:64:Infinity":30,"s:64:16:64:Infinity":31,"s:69:23:75:Infinity":32,"f:69:23:69:Infinity":5,"s:71:19:71:Infinity":33,"b:72:6:72:Infinity:undefined:undefined:undefined:undefined":7,"s:72:6:72:Infinit
[...]
"/home/rey/Porte-folio/lib/focus-icons.ts","statementMap":{"0":{"start":{"line":25,"column":55},"end":{"line":46,"column":null}},"1":{"start":{"line":48,"column":32},"end":{"line":48,"column":null}},"2":{"start":{"line":51,"column":2},"end":{"line":51,"column":null}},"3":{"start":{"line":55,"column":2},"end":{"line":55,"column":null}},"4":{"start":{"line":55,"column":13},"end":{"line":55,"column":null}},"5":{"start":{"line":57,"column":16},"end":{"line":57,"column":null}},"6":{"start":{"line":58,"column":2},"end":{"line":58,"column":null}},"7":{"start":{"line":58,"column":13},"end":{"line":58,"column":null}},"8":{"start":{"line":60,"column":21},"end":{"line":60,"column":null}},"9":{"start":{"line":61,"column":2},"end":{"line":63,"column":null}},"10":{"start":{"line":62,"column":4},"end":{"line":62,"column":null}},"11":{"start":{"line":62,"column":47},"end":{"line":62,"column":null}},"12":{"start":{"line":65,"column":2},"end":{"line":65,"column":null}}},"fnMap":{"0":{"name":"normalizeIconName","decl":{"start":{"line":50,"column":9},"end":{"line":50,"column":27}},"loc":{"start":{"line":50,"column":41},"end":{"line":52,"column":null}},"line":50},"1":{"name":"getFocusIcon","decl":{"start":{"line":54,"column":16},"end":{"line":54,"column":29}},"loc":{"start":{"line":54,"column":55},"end":{"line":66,"column":null}},"line":54}},"branchMap":{"0":{"loc":{"start":{"line":55,"column":2},"end":{"line":55,"column":null}},"type":"if","locations":[{"start":{"line":55,"column":2},"end":{"line":55,"column":null}},{"start":{},"end":{}}],"line":55},"1":{"loc":{"start":{"line":58,"column":2},"end":{"line":58,"column":null}},"type":"if","locations":[{"start":{"line":58,"column":2},"end":{"line":58,"column":null}},{"start":{},"end":{}}],"line":58},"2":{"loc":{"start":{"line":62,"column":4},"end":{"line":62,"column":null}},"type":"if","locations":[{"start":{"line":62,"column":4},"end":{"line":62,"column":null}},{"start":{},"end":{}}],"line":62}},"s":{"0":1,"1":1,"2":29,"3":15,"4":2,"5":13,"6":13,"7":8,"8":5,"9":5,"10":24,"11":4,"12":1},"f":{"0":29,"1":15},"b":{"0":[2,13],"1":[8,5],"2":[4,20]},"meta":{"lastBranch":3,"lastFunction":2,"lastStatement":13,"seen":{"s:25:55:46:Infinity":0,"s:48:32:48:Infinity":1,"f:50:9:50:27":0,"s:51:2:51:Infinity":2,"f:54:16:54:29":1,"b:55:2:55:Infinity:undefined:undefined:undefined:undefined":0,"s:55:2:55:Infinity":3,"s:55:13:55:Infinity":4,"s:57:16:57:Infinity":5,"b:58:2:58:Infinity:undefined:undefined:undefined:undefined":1,"s:58:2:58:Infinity":6,"s:58:13:58:Infinity":7,"s:60:21:60:Infinity":8,"s:61:2:63:Infinity":9,"b:62:4:62:Infinity:undefined:undefined:undefined:undefined":2,"s:62:4:62:Infinity":10,"s:62:47:62:Infinity":11,"s:65:2:65:Infinity":12},"fnNames":{}}}
,"/home/rey/Porte-folio/lib/paste-to-markdown.ts": {"path":"/home/rey/Porte-folio/lib/paste-to-markdown.ts","statementMap":{"0":{"start":{"line":4,"column":38},"end":{"line":4,"column":null}},"1":{"start":{"line":7,"column":2},"end":{"line":7,"column":null}},"2":{"start":{"line":7,"column":13},"end":{"line":7,"column":null}},"3":{"start":{"line":8,"column":12},"end":{"line":8,"column":null}},"4":{"start":{"line":9,"column":2},"end":{"line":9,"column":null}},"5":{"start":{"line":9,"column":10},"end":{"line":9,"column":null}},"6":{"start":{"line":10,"column":16},"end":{"line":10,"column":null}},"7":{"start":{"line":11,"column":2},"end":{"line":11,"column":null}},"8":{"start":{"line":11,"column":13},"end":{"line":11,"column":null}},"9":{"start":{"line":12,"column":2},"end":{"line":12,"column":null}},"10":{"start":{"line":12,"column":35},"end":{"line":12,"column":null}},"11":{"start":{"line":13,"column":2},"end":{"line":13,"column":null}},"12":{"start":{"line":13,"column":35},"end":{"line":13,"column":null}},"13":{"start":{"line":14,"column":2},"end":{"line":14,"column":null}},"14":{"start":{"line":17,"column":20},"end":{"line":31,"column":null}},"15":{"start":{"line":34,"column":2},"end":{"line":34,"column":null}},"16":{"start":{"line":34,"column":15},"end":{"line":34,"column":null}},"17":{"start":{"line":36,"column":12},"end":{"line":43,"column":null}},"18":{"start":{"line":44,"column":2},"end":{"line":44,"column":null}},"19":{"start":{"line":46,"column":2},"end":{"line":52,"column":null}},"20":{"start":{"line":48,"column":6},"end":{"line":51,"column":null}},"21":{"start":{"line":54,"column":2},"end":{"line":69,"column":null}},"22":{"start":{"line":56,"column":6},"end":{"line":56,"column":null}},"23":{"start":{"line":56,"column":43},"end":{"line":56,"column":null}},"24":{"start":{"line":57,"column":12},"end":{"line":57,"column":null}},"25":{"start":{"line":58,"column":12},"end":{"line":58,"column":null}},"26":{"start":{"line":59,"column":6},"end":{"line":59,"column":null}},"27":{"start":{"line":62,"column":12},"end":{"line":62,"column":null}},"28":{"start":{"line":63,"column":12},"end":{"line":63,"column":null}},"29":{"start":{"line":64,"column":16},"end":{"line":64,"column":null}},"30":{"start":{"line":65,"column":6},"end":{"line":65,"column":null}},"31":{"start":{"line":65,"column":57},"end":{"line":65,"column":null}},"32":{"start":{"line":66,"column":6},"end":{"line":66,"column":null}},"33":{"start":{"line":66,"column":34},"end":{"line":66,"column":null}},"34":{"start":{"line":67,"column":6},"end":{"line":67,"column":null}},"35":{"start":{"line":71,"column":2},"end":{"line":83,"column":null}},"36":{"start":{"line":73,"column":6},"end":{"line":73,"column":null}},"37":{"start":{"line":73,"column":60},"end":{"line":73,"column":null}},"38":{"start":{"line":74,"column":23},"end":{"line":74,"column":null}},"39":{"start":{"line":75,"column":6},"end":{"line":75,"column":null}},"40":{"start":{"line":75,"column":35},"end":{"line":75,"column":67}},"41":{"start":{"line":78,"column":23},"end":{"line":78,"column":null}},"42":{"start":{"line":79,"column":17},"end":{"line":79,"column":null}},"43":{"start":{"line":79,"column":50},"end":{"line":79,"column":76}},"44":{"start":{"line":80,"column":20},"end":{"line":80,"column":null}},"45":{"start":{"line":81,"column":6},"end":{"line":81,"column":null}},"46":{"start":{"line":85,"column":2},"end":{"line":92,"column":null}},"47":{"start":{"line":87,"column":6},"end":{"line":87,"column":null}},"48":{"start":{"line":87,"column":35},"end":{"line":87,"column":null}},"49":{"start":{"line":88,"column":18},"end":{"line":88,"column":null}},"50":{"start":{"line":89,"column":6},"end":{"line":89,"column":null}},"51":{"start":{"line":91,"column":23},"end":{"line":91,"column":null}},"52":{"start":{"line":94,"column":2},"end":{"line":94,"column":null}},"53":{"start":{"line":95,"column":2},"end":{"line":95,"column":null}},"54":{"start":{"line":99,"column":2},"end":{"line":107,"column":null}},"55":{"start":{"line":111,"column":2},"end":{"line":111,"column":null}}},"fnMap":{"0":{"name":"parsePx","decl":{"start":{"line":6,"column":9},"end":{"line":6,"column":17}},"loc":{"start":{"line":6,"column":51},"end":{"line":15,"column":null}},"line":6},"1":{"name":"getService","decl":{"start":{"line":33,"column":9},"end":{"line":33,"column":39}},"loc":{"start":{"line":33,"column":39},"end":{"line":96,"column":null}},"line":33},"2":{"name":"(anonymous_2)","decl":{"start":{"line":46,"column":4},"end":{"line":46,"column":null}},"loc":{"start":{"line":48,"column":6},"end":{"line":51,"column":null}},"line":48},"3":{"name":"(anonymous_3)","decl":{"start":{"line":55,"column":4},"end":{"line":55,"column":13}},"loc":{"start":{"line":55,"column":22},"end":{"line":60,"column":null}},"line":55},"4":{"name":"(anonymous_4)","decl":{"start":{"line":61,"column":4},"end":{"line":61,"column":18}},"loc":{"start":{"line":61,"column":36},"end":{"line":68,"column":null}},"line":61},"5":{"name":"(anonymous_5)","decl":{"start":{"line":72,"column":4},"end":{"line":72,"column":13}},"loc":{"start":{"line":72,"column":22},"end":{"line":76,"column":null}},"line":72},"6":{"name":"(anonymous_6)","decl":{"start":{"line":75,"column":22},"end":{"line":75,"column":28}},"loc":{"start":{"line":75,"column":35},"end":{"line":75,"column":67}},"line":75},"7":{"name":"(anonymous_7)","decl":{"start":{"line":77,"column":4},"end":{"line":77,"column":18}},"loc":{"start":{"line":77,"column":36},"end":{"line":82,"column":null}},"line":77},"8":{"name":"(anonymous_8)","decl":{"start":{"line":79,"column":38},"end":{"line":79,"column":43}},"loc":{"start":{"line":79,"column":50},"end":{"line":79,"column":76}},"line":79},"9":{"name":"(anonymous_9)","decl":{"start":{"line":86,"column":4},"end":{"line":86,"column":13}},"loc":{"start":{"line":86,"column":22},"end":{"line":90,"column":null}},"line":86},"10":{"name":"(anonymous_10)","decl":{"start":{"line":91,"column":4},"end":{"line":91,"column":23}},"loc":{"start":{"line":91,"column":23},"end":{"line":91,"column":null}},"line":91},"11":{"name":"cleanWordHtml","decl":{"start":{"line":98,"column":9},"end":{"line":98,"column":23}},"loc":{"start":{"line":98,"column":45},"end":{"line":108,"column":null}},"line":98},"12":{"name":"htmlToMarkdown","decl":{"start":{"line":110,"column":16},"end":{"line":110,"column":31}},"loc":{"start":{"line":110,"column":53},"end":{"line":112,"column":null}},"line":110}},"branchMap":{"0":{"loc":{"start":{"line":7,"column":2},"end":{"line":7,"column":null}},"type":"if","locations":[{"start":{"line":7,"column":2},"end":{"line":7,"column":null}},{"start":{},"end":{}}],"line":7},"1":{"loc":{"start":{"line":9,"column":2},"end":{"line":9,"column":null}},"type":"if","locations":[{"start":{"line":9,"column":2},"end":{"line":9,"column":null}},{"start":{},"end":{}}],"line":9},"2":{"loc":{"start":{"line":11,"column":2},"end":{"line":11,"column":null}},"type":"if","locations":[{"start":{"line":11,"column":2},"end":{"line":11,"column":null}},{"start":{},"end":{}}],"line":11},"3":{"loc":{"start":{"line":12,"column":2},"end":{"line":12,"column":null}},"type":"if","locations":[{"start":{"line":12,"column":2},"end":{"line":12,"column":null}},{"start":{},"end":{}}],"line":12},"4":{"loc":{"start":{"line":13,"column":2},"end":{"line":13,"column":null}},"type":"if","locations":[{"start":{"line":13,"column":2},"end":{"line":13,"column":null}},{"start":{},"end":{}}],"line":13},"5":{"loc":{"start":{"line":34,"column":2},"end":{"line":34,"column":null}},"type":"if","locations":[{"start":{"line":34,"column":2},"end":{"line":34,"column":null}},{"start":{},"end":{}}],"line":34},"6":{"loc":{"start":{"line":48,"column":6},"end":{"line":51,"column":null}},"type":"binary-expr","locations":[{"start":{"line":48,"column":6},"end":{"line":48,"column":null}},{"start":{"line":49,"column":6},"end":{"line":49,"column":null}},{"start":{"line":50,"column":6},"end":{"line":50,"column":null}},{"start":{"line":51,"column":6},"end":{"line":51,"column":null}}],"line":48},"7":{"loc":{"start":{"line":56,"column":6},"end":{"line":56,"column":null}},"type":"if","locations":[{"start":{"line":56,"column":6},"end":{"line":56,"column":null}},{"start":{},"end":{}}],"line":56},"8":{"loc":{"start":{"line":57,"column":26},"end":{"line":57,"column":53}},"type":"binary-expr","locations":[{"start":{"line":57,"column":26},"end":{"line":57,"column":51}},{"start":{"line":57,"column":51},"end":{"line":57,"column":53}}],"line":57},"9":{"loc":{"start":{"line":58,"column":25},"end":{"line":58,"column":51}},"type":"binary-expr","locations":[{"start":{"line":58,"column":25},"end":{"line":58,"column":49}},{"start":{"line":58,"column":49},"end":{"line":58,"column":51}}],"line":58},"10":{"loc":{"start":{"line":59,"column":13},"end":{"line":59,"column":null}},"type":"binary-expr","locations":[{"start":{"line":59,"column":13},"end":{"line":59,"column":38}},{"start":{"line":59,"column":38},"end":{"line":59,"column":62}},{"start":{"line":59,"column":62},"end":{"line":59,"column":null}}],"line":59},"11":{"loc":{"start":{"line":62,"column":26},"end":{"line":62,"column":53}},"type":"binary-expr","locations":[{"start":{"line":62,"column":26},"end":{"line":62,"column":51}},{"start":{"line":62,"column":51},"end":{"line":62,"column":53}}],"line":62},"12":{"loc":{"start":{"line":63,"column":25},"end":{"line":63,"column":51}},"type":"binary-expr","locations":[{"start":{"line":63,"column":25},"end":{"line":63,"column":49}},{"start":{"line":63,"column":49},"end":{"line":63,"column":51}}],"line":63},"13":{"loc":{"start":{"line":65,"column":6},"end":{"line":65,"column":null}},"type":"if","locations":[{"start":{"line":65,"column":6},"end":{"line":65,"column":null}},{"start":{},"end":{}}],"line":65},"14":{"loc":{"start":{"line":65,"column":10},"end":{"line":65,"column":57}},"type":"binary-expr","locations":[{"start":{"line":65,"column":10},"end":{"line":65,"column":35}},{"start":{"line":65,"column":35},"end":{"line":65,"column":57}}],"line":65},"15":{"loc":{"start":{"line":66,"column":6},"end":{"line":66,"column":null}},"type":"if","locations":[{"start":{"line":66,"column":6},"end":{"line":66,"column":null}},{"start":{},"end":{}}],"line":66},"16":{"loc":{"start":{"line":73,"column":6},"end":{"line":73,"column":null}},"type":"if","locations":[{"start":{"line":73,"column":6},"end":{"line":73,"column":null}},{"start":{},"end":{}}],"line":73},"17":{"loc":{"start":{"line":73,"column":10},"end":{"line":73,"column":60}},"type":"binary-expr","locations":[{"start":{"line":73,"column":10},"end":{"line":73,"column":35}},{"start":{"line":73,"column":35},"end":{"line":73,"column":60}}],"line":73},"18":{"loc":{"start":{"line":80,"column":20},"end":{"line":80,"column":null}},"type":"cond-expr","locations":[{"start":{"line":80,"column":31},"end":{"line":80,"column":35}},{"start":{"line":80,"column":35},"end":{"line":80,"column":null}}],"line":80},"19":{"loc":{"start":{"line":80,"column":35},"end":{"line":80,"column":null}},"type":"cond-expr","locations":[{"start":{"line":80,"column":46},"end":{"line":80,"column":50}},{"start":{"line":80,"column":50},"end":{"line":80,"column":null}}],"line":80},"20":{"loc":{"start":{"line":87,"column":6},"end":{"line":87,"column":null}},"type":"if","locations":[{"start":{"line":87,"column":6},"end":{"line":87,"column":null}},{"start":{},"end":{}}],"line":87},"21":{"loc":{"start":{"line":88,"column":18},"end":{"line":88,"column":null}},"type":"binary-expr","locations":[{"start":{"line":88,"column":18},"end":{"line":88,"column":46}},{"start":{"line":88,"column":46},"end":{"line":88,"column":null}}],"line":88},"22":{"loc":{"start":{"line":89,"column":13},"end":{"line":89,"column":null}},"type":"binary-expr","locations":[{"start":{"line":89,"column":13},"end":{"line":89,"column":40}},{"start":{"line":89,"column":40},"end":{"line":89,"column":67}},{"start":{"line":89,"column":67},"end":{"line":89,"column":null}}],"line":89}},"s":{"0":3,"1":26,"2":20,"3":6,"4":6,"5":0,"6":6,"7":6,"8":0,"9":6,"10":2,"11":4,"12":2,"13":2,"14":3,"15":14,"16":12,"17":2,"18":2,"19":2,"20":2,"21":2,"22":34,"23":24,"24":10,"25":34,"26":34,"27":5,"28":5,"29":5,"30":5,"31":3,"32":5,"33":2,"34":5,"35":2,"36":37,"37":25,"38":12,"39":12,"40":22,"41":3,"42":3,"43":4,"44":3,"45":3,"46":2,"47":39,"48":36,"49":3,"50":39,"51":2,"52":2,"53":2,"54":14,"55":14},"f":{"0":26,"1":14,"2":2,"3":34,"4":5,"5":37,"6":22,"7":3,"8":4,"9":39,"10":2,"11":14,"12":14},"b":{"0":[20,6],"1":[0,6],"2":[0,6],"3":[2,4],"4":[2,2],"5":[12,2],"6":[2,1,0,0],"7":[24,10],"8":[10,7],"9":[34,8],"10":[34,7,7],"11":[5,2],"12":[5,3],"13":[3,2],"14":[5,2],"15":[2,3],"16":[25,12],"17":[37,25],"18":[2,1],"19":[0,1],"20":[36,3],"21":[3,0],"22":[39,2,1]},"meta":{"lastBranch":23,"lastFunction":13,"lastStatement":56,"seen":{"s:4:38:4:Infinity":0,"f:6:9:6:17":0,"b:7:2:7:Infinity:undefined:undefined:undefined:undefined":0,"s:7:2:7:Infinity":1,"s:7:13:7:Infinity":2,"s:8:12:8:Infinity":3,"b:9:2:9:Infinity:undefined:undefined:undefined:undefined":1,"s:9:2:9:Infinity":4,"s:9:10:9:Infinity":5,"s:10:16:10:Infinity":6,"b:11:2:11:Infinity:undefined:undefined:undefined:undefined":2,"s:11:2:11:Infinity":7,"s:11:13:11:Infinity":8,"b:12:2:12:Infinity:undefined:undefined:undefined:undefined":3,"s:12:2:12:Infinity":9,"s:12:35:12:Infinity":10,"b:13:2:13:Infinity:undefined:undefined:undefined:undefined":4,"s:13:2:13:Infinity":11,"s:13:35:13:Infinity":12,"s:14:2:14:Infinity":13,"s:17:20:31:Infinity":14,"f:33:9:33:39":1,"b:34:2:34:Infinity:undefined:undefined:undefined:undefined":5,"s:34:2:34:Infinity":15,"s:34:15:34:Infinity":16,"s:36:12:43:Infinity":17,"s:44:2:44:Infinity":18,"s:46:2:52:Infinity":19,"f:46:4:46:Infinity":2,"s:48:6:51:Infinity":20,"b:48:6:48:Infinity:49:6:49:Infinity:50:6:50:Infinity:51:6:51:Infinity":6,"s:54:2:69:Infinity":21,"f:55:4:55:13":3,"b:56:6:56:Infinity:undefined:undefined:undefined:undefined":7,"s:56:6:56:Infinity":22,"s:56:43:56:Infinity":23,"s:57:12:57:Infinity":24,"b:57:26:57:51:57:51:57:53":8,"s:58:12:58:Infinity":25,"b:58:25:58:49:58:49:58:51":9,"s:59:6:59:Infinity":26,"b:59:13:59:38:59:38:59:62:59:62:59:Infinity":10,"f:61:4:61:18":4,"s:62:12:62:Infinity":27,"b:62:26:62:51:62:51:62:53":11,"s:63:12:63:Infinity":28,"b:63:25:63:49:63:49:63:51":12,"s:64:16:64:Infinity":29,"b:65:6:65:Infinity:undefined:undefined:undefined:undefined":13,"s:65:6:65:Infinity":30,"b:65:10:65:35:65:35:65:57":14,"s:65:57:65:Infinity":31,"b:66:6:66:Infinity:undefined:undefined:undefined:undefined":15,"s:66:6:66:Infinity":32,"s:66:34:66:Infinity":33,"s:67:6:67:Infinity":34,"s:71:2:83:Infinity":35,"f:72:4:72:13":5,"b:73:6:73:Infinity:undefined:undefined:undefined:undefined":16,"s:73:6:73:Infinity":36,"b:73:10:73:35:73:35:73:60":17,"s:73:60:73:Infinity":37,"s:74:23:74:Infinity":38,"s:75:6:75:Infinity":39,"f:75:22:75:28":6,"s:75:35:75:67":40,"f:77:4:77:18":7,"s:78:23:78:Infinity":41,"s:79:17:79:Infinity":42,"f:79:38:79:43":8,"s:79:50:79:76":43,"s:80:20:80:Infinity":44,"b:80:31:80:35:80:35:80:Infinity":18,"b:80:46:80:50:80:50:80:Infinity":19,"s:81:6:81:Infinity":45,"s:85:2:92:Infinity":46,"f:86:4:86:13":9,"b:87:6:87:Infinity:undefined:undefined:undefined:undefined":20,"s:87:6:87:Infinity":47,"s:87:35:87:Infinity":48,"s:88:18:88:Infinity":49,"b:88:18:88:46:88:46:88:Infinity":21,"s:89:6:89:Infinity":50,"b:89:13:89:40:89:40:89:67:89:67:89:Infinity":22,"f:91:4:91:23":10,"s:91:23:91:Infinity":51,"s:94:2:94:Infinity":52,"s:95:2:95:Infinity":53,"f:98:9:98:23":11,"s:99:2:107:Infinity":54,"f:110:16:110:31":12,"s:111:2:111:Infinity":55},"fnNames":{}}}
,"/home/rey/Porte-folio/lib/schemas.ts": {"path":"/home/rey/Porte-folio/lib/schemas.ts","statementMap":{"0":{"start":{"line":3,"column":33},"end":{"line":11,"column":null}}},"fnMap":{},"branchMap":{},"s":{"0":1},"f":{},"b":{},"meta":{"lastBranch":0,"lastFunction":0,"lastStatement":1,"seen":{"s:3:33:11:Infinity":0},"fnNames":{}}}
,"/home/rey/Porte-folio/lib/site.ts": {"path":"/home/rey/Porte-folio/lib/site.ts","statementMap":{"0":{"start":{"line":1,"column":20},"end":{"line":13,"column":null}},"1":{"start":{"line":15,"column":24},"end":{"line":22,"column":null}}},"fnMap":{},"branchMap":{},"s":{"0":2,"1":2},"f":{},"b":{},"meta":{"lastBranch":0,"lastFunction":0,"lastStatement":2,"seen":{"s:1:20:13:Infinity":0,"s:15:24:22:Infinity":1},"fnNames":{}}}
,"/home/rey/Porte-folio/lib/slugify.ts": {"path":"/home/rey/Porte-folio/lib/slugify.ts","statementMap":{"0":{"start":{"line":2,"column":2},"end":{"line":7,"column":null}}},"fnMap":{"0":{"name":"slugify","decl":{"start":{"line":1,"column":16},"end":{"line":1,"column":24}},"loc":{"start":{"line":1,"column":39},"end":{"line":8,"column":null}},"line":1}},"branchMap":{},"s":{"0":9},"f":{"0":9},"b":{},"meta":{"lastBranch":0,"lastFunction":1,"lastStatement":1,"seen":{"f:1:16:1:24":0,"s:2:2:7:Infinity":0},"fnNames":{}}}
,"/home/rey/Porte-folio/lib/utils.ts": {"path":"/home/rey/Porte-folio/lib/utils.ts","statementMap":{"0":{"start":{"line":5,"column":2},"end":{"line":5,"column":null}}},"fnMap":{"0":{"name":"cn","decl":{"start":{"line":4,"column":16},"end":{"line":4,"column":19}},"loc":{"start":{"line":4,"column":44},"end":{"line":6,"column":null}},"line":4}},"branchMap":{},"s":{"0":6316},"f":{"0":6316},"b":{},"meta":{"lastBranch":0,"lastFunction":1,"lastStatement":1,"seen":{"f:4:16:4:19":0,"s:5:2:5:Infinity":0},"fnNames":{}}}
}
